{"level":"info","timestamp":"2024-06-26T15:56:52.115+0800","msg":"engine startup"}
{"level":"info","timestamp":"2024-06-26T15:56:52.115+0800","msg":"parse task","Name":"pokemon_detail"}
{"level":"info","timestamp":"2024-06-26T15:56:52.182+0800","msg":"request","URL":"https://wiki.52poke.com/zh-hans/风速狗洗翠的样子"}
{"level":"info","timestamp":"2024-06-26T15:56:52.182+0800","msg":"request","URL":"https://wiki.52poke.com/zh-hans/蚊香蝌蚪"}
{"level":"info","timestamp":"2024-06-26T15:56:52.182+0800","msg":"request","URL":"https://wiki.52poke.com/zh-hans/蚊香君"}
{"level":"info","timestamp":"2024-06-26T15:56:52.182+0800","msg":"request","URL":"https://wiki.52poke.com/zh-hans/蚊香泳士"}
{"level":"info","timestamp":"2024-06-26T15:56:52.182+0800","msg":"request","URL":"https://wiki.52poke.com/zh-hans/凯西"}
{"level":"info","timestamp":"2024-06-26T15:56:52.182+0800","msg":"request","URL":"https://wiki.52poke.com/zh-hans/勇基拉"}
{"level":"info","timestamp":"2024-06-26T15:56:52.182+0800","msg":"request","URL":"https://wiki.52poke.com/zh-hans/胡地"}
{"level":"info","timestamp":"2024-06-26T15:56:52.183+0800","msg":"request","URL":"https://wiki.52poke.com/zh-hans/腕力"}
{"level":"info","timestamp":"2024-06-26T15:56:52.183+0800","msg":"request","URL":"https://wiki.52poke.com/zh-hans/豪力"}
{"level":"info","timestamp":"2024-06-26T15:56:52.183+0800","msg":"request","URL":"https://wiki.52poke.com/zh-hans/怪力"}
{"level":"info","timestamp":"2024-06-26T15:56:52.183+0800","msg":"request","URL":"https://wiki.52poke.com/zh-hans/喇叭芽"}
{"level":"info","timestamp":"2024-06-26T15:56:52.183+0800","msg":"request","URL":"https://wiki.52poke.com/zh-hans/口呆花"}
{"level":"info","timestamp":"2024-06-26T15:56:52.183+0800","msg":"request","URL":"https://wiki.52poke.com/zh-hans/大食花"}
{"level":"info","timestamp":"2024-06-26T15:56:52.183+0800","msg":"request","URL":"https://wiki.52poke.com/zh-hans/玛瑙水母"}
{"level":"info","timestamp":"2024-06-26T15:56:52.183+0800","msg":"request","URL":"https://wiki.52poke.com/zh-hans/毒刺水母"}
{"level":"info","timestamp":"2024-06-26T15:56:52.183+0800","msg":"request","URL":"https://wiki.52poke.com/zh-hans/小拳石"}
{"level":"info","timestamp":"2024-06-26T15:56:52.183+0800","msg":"request","URL":"https://wiki.52poke.com/zh-hans/小拳石阿罗拉的样子"}
{"level":"info","timestamp":"2024-06-26T15:56:52.183+0800","msg":"request","URL":"https://wiki.52poke.com/zh-hans/隆隆石"}
{"level":"info","timestamp":"2024-06-26T15:56:52.183+0800","msg":"request","URL":"https://wiki.52poke.com/zh-hans/隆隆石阿罗拉的样子"}
{"level":"info","timestamp":"2024-06-26T15:56:52.183+0800","msg":"request","URL":"https://wiki.52poke.com/zh-hans/隆隆岩"}
{"level":"info","timestamp":"2024-06-26T15:56:52.183+0800","msg":"request","URL":"https://wiki.52poke.com/zh-hans/隆隆岩阿罗拉的样子"}
{"level":"info","timestamp":"2024-06-26T15:56:52.183+0800","msg":"request","URL":"https://wiki.52poke.com/zh-hans/小火马"}
{"level":"info","timestamp":"2024-06-26T15:56:52.183+0800","msg":"request","URL":"https://wiki.52poke.com/zh-hans/小火马伽勒尔的样子"}
{"level":"info","timestamp":"2024-06-26T15:56:52.183+0800","msg":"request","URL":"https://wiki.52poke.com/zh-hans/烈焰马"}
{"level":"info","timestamp":"2024-06-26T15:56:52.183+0800","msg":"request","URL":"https://wiki.52poke.com/zh-hans/烈焰马伽勒尔的样子"}
{"level":"info","timestamp":"2024-06-26T15:56:52.183+0800","msg":"request","URL":"https://wiki.52poke.com/zh-hans/呆呆兽"}
{"level":"info","timestamp":"2024-06-26T15:56:52.183+0800","msg":"request","URL":"https://wiki.52poke.com/zh-hans/呆呆兽伽勒尔的样子"}
{"level":"info","timestamp":"2024-06-26T15:56:52.183+0800","msg":"request","URL":"https://wiki.52poke.com/zh-hans/呆壳兽"}
{"level":"info","timestamp":"2024-06-26T15:56:52.183+0800","msg":"request","URL":"https://wiki.52poke.com/zh-hans/呆壳兽伽勒尔的样子"}
{"level":"info","timestamp":"2024-06-26T15:56:52.183+0800","msg":"request","URL":"https://wiki.52poke.com/zh-hans/小磁怪*"}
{"level":"info","timestamp":"2024-06-26T15:56:52.183+0800","msg":"request","URL":"https://wiki.52poke.com/zh-hans/三合一磁怪*"}
{"level":"info","timestamp":"2024-06-26T15:56:52.183+0800","msg":"request","URL":"https://wiki.52poke.com/zh-hans/大葱鸭"}
{"level":"info","timestamp":"2024-06-26T15:56:52.183+0800","msg":"request","URL":"https://wiki.52poke.com/zh-hans/大葱鸭伽勒尔的样子"}
{"level":"info","timestamp":"2024-06-26T15:56:52.183+0800","msg":"request","URL":"https://wiki.52poke.com/zh-hans/嘟嘟"}
{"level":"info","timestamp":"2024-06-26T15:56:52.183+0800","msg":"request","URL":"https://wiki.52poke.com/zh-hans/嘟嘟利"}
{"level":"info","timestamp":"2024-06-26T15:56:52.183+0800","msg":"request","URL":"https://wiki.52poke.com/zh-hans/小海狮"}
{"level":"info","timestamp":"2024-06-26T15:56:52.183+0800","msg":"request","URL":"https://wiki.52poke.com/zh-hans/白海狮"}
{"level":"info","timestamp":"2024-06-26T15:56:52.183+0800","msg":"request","URL":"https://wiki.52poke.com/zh-hans/臭泥"}
{"level":"info","timestamp":"2024-06-26T15:56:52.183+0800","msg":"request","URL":"https://wiki.52poke.com/zh-hans/臭泥阿罗拉的样子"}
{"level":"info","timestamp":"2024-06-26T15:56:52.183+0800","msg":"request","URL":"https://wiki.52poke.com/zh-hans/臭臭泥"}
{"level":"info","timestamp":"2024-06-26T15:56:52.184+0800","msg":"request","URL":"https://wiki.52poke.com/zh-hans/臭臭泥阿罗拉的样子"}
{"level":"info","timestamp":"2024-06-26T15:56:52.184+0800","msg":"request","URL":"https://wiki.52poke.com/zh-hans/大舌贝"}
{"level":"info","timestamp":"2024-06-26T15:56:52.184+0800","msg":"request","URL":"https://wiki.52poke.com/zh-hans/刺甲贝"}
{"level":"info","timestamp":"2024-06-26T15:56:52.184+0800","msg":"request","URL":"https://wiki.52poke.com/zh-hans/鬼斯"}
{"level":"info","timestamp":"2024-06-26T15:56:52.184+0800","msg":"request","URL":"https://wiki.52poke.com/zh-hans/鬼斯通"}
{"level":"info","timestamp":"2024-06-26T15:56:52.184+0800","msg":"request","URL":"https://wiki.52poke.com/zh-hans/耿鬼"}
{"level":"info","timestamp":"2024-06-26T15:56:52.184+0800","msg":"request","URL":"https://wiki.52poke.com/zh-hans/大岩蛇"}
{"level":"info","timestamp":"2024-06-26T15:56:52.184+0800","msg":"request","URL":"https://wiki.52poke.com/zh-hans/催眠貘"}
{"level":"info","timestamp":"2024-06-26T15:56:52.184+0800","msg":"request","URL":"https://wiki.52poke.com/zh-hans/引梦貘人"}
{"level":"info","timestamp":"2024-06-26T15:56:52.184+0800","msg":"request","URL":"https://wiki.52poke.com/zh-hans/大钳蟹"}
{"level":"info","timestamp":"2024-06-26T15:56:52.184+0800","msg":"request","URL":"https://wiki.52poke.com/zh-hans/巨钳蟹"}
{"level":"info","timestamp":"2024-06-26T15:56:52.184+0800","msg":"request","URL":"https://wiki.52poke.com/zh-hans/霹雳电球"}
{"level":"info","timestamp":"2024-06-26T15:56:52.184+0800","msg":"request","URL":"https://wiki.52poke.com/zh-hans/霹雳电球洗翠的样子"}
{"level":"info","timestamp":"2024-06-26T15:56:52.184+0800","msg":"request","URL":"https://wiki.52poke.com/zh-hans/顽皮雷弹"}
{"level":"info","timestamp":"2024-06-26T15:56:52.184+0800","msg":"request","URL":"https://wiki.52poke.com/zh-hans/顽皮雷弹洗翠的样子"}
{"level":"info","timestamp":"2024-06-26T15:56:52.184+0800","msg":"request","URL":"https://wiki.52poke.com/zh-hans/蛋蛋"}
{"level":"info","timestamp":"2024-06-26T15:56:52.184+0800","msg":"request","URL":"https://wiki.52poke.com/zh-hans/椰蛋树"}
{"level":"info","timestamp":"2024-06-26T15:56:52.184+0800","msg":"request","URL":"https://wiki.52poke.com/zh-hans/椰蛋树阿罗拉的样子"}
{"level":"info","timestamp":"2024-06-26T15:56:52.184+0800","msg":"request","URL":"https://wiki.52poke.com/zh-hans/卡拉卡拉"}
{"level":"info","timestamp":"2024-06-26T15:56:52.184+0800","msg":"request","URL":"https://wiki.52poke.com/zh-hans/嘎啦嘎啦"}
{"level":"info","timestamp":"2024-06-26T15:56:52.184+0800","msg":"request","URL":"https://wiki.52poke.com/zh-hans/嘎啦嘎啦阿罗拉的样子"}
{"level":"info","timestamp":"2024-06-26T15:56:52.184+0800","msg":"request","URL":"https://wiki.52poke.com/zh-hans/飞腿郎"}
{"level":"info","timestamp":"2024-06-26T15:56:52.184+0800","msg":"request","URL":"https://wiki.52poke.com/zh-hans/快拳郎"}
{"level":"info","timestamp":"2024-06-26T15:56:52.184+0800","msg":"request","URL":"https://wiki.52poke.com/zh-hans/大舌头"}
{"level":"info","timestamp":"2024-06-26T15:56:52.184+0800","msg":"request","URL":"https://wiki.52poke.com/zh-hans/瓦斯弹"}
{"level":"info","timestamp":"2024-06-26T15:56:52.184+0800","msg":"request","URL":"https://wiki.52poke.com/zh-hans/双弹瓦斯"}
{"level":"info","timestamp":"2024-06-26T15:56:52.184+0800","msg":"request","URL":"https://wiki.52poke.com/zh-hans/双弹瓦斯伽勒尔的样子"}
{"level":"info","timestamp":"2024-06-26T15:56:52.184+0800","msg":"request","URL":"https://wiki.52poke.com/zh-hans/独角犀牛"}
{"level":"info","timestamp":"2024-06-26T15:56:52.184+0800","msg":"request","URL":"https://wiki.52poke.com/zh-hans/钻角犀兽"}
{"level":"info","timestamp":"2024-06-26T15:56:52.184+0800","msg":"request","URL":"https://wiki.52poke.com/zh-hans/吉利蛋"}
{"level":"info","timestamp":"2024-06-26T15:56:52.184+0800","msg":"request","URL":"https://wiki.52poke.com/zh-hans/蔓藤怪"}
{"level":"info","timestamp":"2024-06-26T15:56:52.184+0800","msg":"request","URL":"https://wiki.52poke.com/zh-hans/袋兽"}
{"level":"info","timestamp":"2024-06-26T15:56:52.184+0800","msg":"request","URL":"https://wiki.52poke.com/zh-hans/墨海马"}
{"level":"info","timestamp":"2024-06-26T15:56:52.185+0800","msg":"request","URL":"https://wiki.52poke.com/zh-hans/海刺龙"}
{"level":"info","timestamp":"2024-06-26T15:56:52.185+0800","msg":"request","URL":"https://wiki.52poke.com/zh-hans/角金鱼"}
{"level":"info","timestamp":"2024-06-26T15:56:52.185+0800","msg":"request","URL":"https://wiki.52poke.com/zh-hans/金鱼王"}
{"level":"info","timestamp":"2024-06-26T15:56:52.185+0800","msg":"request","URL":"https://wiki.52poke.com/zh-hans/海星星"}
{"level":"info","timestamp":"2024-06-26T15:56:52.185+0800","msg":"request","URL":"https://wiki.52poke.com/zh-hans/宝石海星"}
{"level":"info","timestamp":"2024-06-26T15:56:52.185+0800","msg":"request","URL":"https://wiki.52poke.com/zh-hans/魔墙人偶*"}
{"level":"info","timestamp":"2024-06-26T15:56:52.185+0800","msg":"request","URL":"https://wiki.52poke.com/zh-hans/魔墙人偶伽勒尔的样子"}
{"level":"info","timestamp":"2024-06-26T15:56:52.185+0800","msg":"request","URL":"https://wiki.52poke.com/zh-hans/飞天螳螂"}
{"level":"info","timestamp":"2024-06-26T15:56:52.185+0800","msg":"request","URL":"https://wiki.52poke.com/zh-hans/迷唇姐"}
{"level":"info","timestamp":"2024-06-26T15:56:52.185+0800","msg":"request","URL":"https://wiki.52poke.com/zh-hans/电击兽"}
{"level":"info","timestamp":"2024-06-26T15:56:52.185+0800","msg":"request","URL":"https://wiki.52poke.com/zh-hans/鸭嘴火兽"}
{"level":"info","timestamp":"2024-06-26T15:56:52.185+0800","msg":"request","URL":"https://wiki.52poke.com/zh-hans/凯罗斯"}
{"level":"info","timestamp":"2024-06-26T15:56:52.185+0800","msg":"request","URL":"https://wiki.52poke.com/zh-hans/肯泰罗"}
{"level":"info","timestamp":"2024-06-26T15:56:52.185+0800","msg":"request","URL":"https://wiki.52poke.com/zh-hans/肯泰罗帕底亚的样子（斗战种）"}
{"level":"info","timestamp":"2024-06-26T15:56:52.185+0800","msg":"request","URL":"https://wiki.52poke.com/zh-hans/肯泰罗帕底亚的样子（火炽种）"}
{"level":"info","timestamp":"2024-06-26T15:56:52.185+0800","msg":"request","URL":"https://wiki.52poke.com/zh-hans/肯泰罗帕底亚的样子（水澜种）"}
{"level":"info","timestamp":"2024-06-26T15:56:52.185+0800","msg":"request","URL":"https://wiki.52poke.com/zh-hans/鲤鱼王"}
{"level":"info","timestamp":"2024-06-26T15:56:52.185+0800","msg":"request","URL":"https://wiki.52poke.com/zh-hans/暴鲤龙"}
{"level":"info","timestamp":"2024-06-26T15:56:52.185+0800","msg":"request","URL":"https://wiki.52poke.com/zh-hans/拉普拉斯"}
{"level":"info","timestamp":"2024-06-26T15:56:52.185+0800","msg":"request","URL":"https://wiki.52poke.com/zh-hans/百变怪"}
{"level":"info","timestamp":"2024-06-26T15:56:52.185+0800","msg":"request","URL":"https://wiki.52poke.com/zh-hans/伊布"}
{"level":"info","timestamp":"2024-06-26T15:56:52.185+0800","msg":"request","URL":"https://wiki.52poke.com/zh-hans/水伊布"}
{"level":"info","timestamp":"2024-06-26T15:56:52.185+0800","msg":"request","URL":"https://wiki.52poke.com/zh-hans/雷伊布"}
{"level":"info","timestamp":"2024-06-26T15:56:52.185+0800","msg":"request","URL":"https://wiki.52poke.com/zh-hans/火伊布"}
{"level":"info","timestamp":"2024-06-26T15:56:52.185+0800","msg":"request","URL":"https://wiki.52poke.com/zh-hans/多边兽"}
{"level":"info","timestamp":"2024-06-26T15:56:52.185+0800","msg":"request","URL":"https://wiki.52poke.com/zh-hans/菊石兽"}
{"level":"info","timestamp":"2024-06-26T15:56:52.185+0800","msg":"request","URL":"https://wiki.52poke.com/zh-hans/多刺菊石兽"}
{"level":"info","timestamp":"2024-06-26T15:56:52.185+0800","msg":"request","URL":"https://wiki.52poke.com/zh-hans/化石盔"}
{"level":"info","timestamp":"2024-06-26T15:56:52.185+0800","msg":"request","URL":"https://wiki.52poke.com/zh-hans/镰刀盔"}
{"level":"info","timestamp":"2024-06-26T15:56:52.185+0800","msg":"request","URL":"https://wiki.52poke.com/zh-hans/化石翼龙"}
{"level":"info","timestamp":"2024-06-26T15:56:52.185+0800","msg":"request","URL":"https://wiki.52poke.com/zh-hans/卡比兽"}
{"level":"info","timestamp":"2024-06-26T15:56:52.185+0800","msg":"request","URL":"https://wiki.52poke.com/zh-hans/急冻鸟"}
{"level":"info","timestamp":"2024-06-26T15:56:52.186+0800","msg":"request","URL":"https://wiki.52poke.com/zh-hans/急冻鸟伽勒尔的样子"}
{"level":"info","timestamp":"2024-06-26T15:56:52.186+0800","msg":"request","URL":"https://wiki.52poke.com/zh-hans/闪电鸟"}
{"level":"info","timestamp":"2024-06-26T15:56:52.186+0800","msg":"request","URL":"https://wiki.52poke.com/zh-hans/闪电鸟伽勒尔的样子"}
{"level":"info","timestamp":"2024-06-26T15:56:52.186+0800","msg":"request","URL":"https://wiki.52poke.com/zh-hans/火焰鸟"}
{"level":"info","timestamp":"2024-06-26T15:56:52.186+0800","msg":"request","URL":"https://wiki.52poke.com/zh-hans/火焰鸟伽勒尔的样子"}
{"level":"info","timestamp":"2024-06-26T15:56:52.186+0800","msg":"request","URL":"https://wiki.52poke.com/zh-hans/迷你龙"}
{"level":"info","timestamp":"2024-06-26T15:56:52.186+0800","msg":"request","URL":"https://wiki.52poke.com/zh-hans/哈克龙"}
{"level":"info","timestamp":"2024-06-26T15:56:52.186+0800","msg":"request","URL":"https://wiki.52poke.com/zh-hans/快龙"}
{"level":"info","timestamp":"2024-06-26T15:56:52.186+0800","msg":"request","URL":"https://wiki.52poke.com/zh-hans/超梦"}
{"level":"info","timestamp":"2024-06-26T15:56:52.186+0800","msg":"request","URL":"https://wiki.52poke.com/zh-hans/梦幻"}
{"level":"info","timestamp":"2024-06-26T15:56:52.186+0800","msg":"request","URL":"https://wiki.52poke.com/zh-hans/菊草叶"}
{"level":"info","timestamp":"2024-06-26T15:56:52.186+0800","msg":"request","URL":"https://wiki.52poke.com/zh-hans/月桂叶"}
{"level":"info","timestamp":"2024-06-26T15:56:52.186+0800","msg":"request","URL":"https://wiki.52poke.com/zh-hans/大竺葵"}
{"level":"info","timestamp":"2024-06-26T15:56:52.186+0800","msg":"request","URL":"https://wiki.52poke.com/zh-hans/火球鼠"}
{"level":"info","timestamp":"2024-06-26T15:56:52.186+0800","msg":"request","URL":"https://wiki.52poke.com/zh-hans/火岩鼠"}
{"level":"info","timestamp":"2024-06-26T15:56:52.186+0800","msg":"request","URL":"https://wiki.52poke.com/zh-hans/火暴兽"}
{"level":"info","timestamp":"2024-06-26T15:56:52.186+0800","msg":"request","URL":"https://wiki.52poke.com/zh-hans/火暴兽洗翠的样子"}
{"level":"info","timestamp":"2024-06-26T15:56:52.186+0800","msg":"request","URL":"https://wiki.52poke.com/zh-hans/小锯鳄"}
{"level":"info","timestamp":"2024-06-26T15:56:52.186+0800","msg":"request","URL":"https://wiki.52poke.com/zh-hans/蓝鳄"}
{"level":"info","timestamp":"2024-06-26T15:56:52.186+0800","msg":"request","URL":"https://wiki.52poke.com/zh-hans/大力鳄"}
{"level":"info","timestamp":"2024-06-26T15:56:52.186+0800","msg":"request","URL":"https://wiki.52poke.com/zh-hans/尾立"}
{"level":"info","timestamp":"2024-06-26T15:56:52.186+0800","msg":"request","URL":"https://wiki.52poke.com/zh-hans/大尾立"}
{"level":"info","timestamp":"2024-06-26T15:56:52.186+0800","msg":"request","URL":"https://wiki.52poke.com/zh-hans/咕咕"}
{"level":"info","timestamp":"2024-06-26T15:56:52.186+0800","msg":"request","URL":"https://wiki.52poke.com/zh-hans/猫头夜鹰"}
{"level":"info","timestamp":"2024-06-26T15:56:52.186+0800","msg":"request","URL":"https://wiki.52poke.com/zh-hans/芭瓢虫"}
{"level":"info","timestamp":"2024-06-26T15:56:52.186+0800","msg":"request","URL":"https://wiki.52poke.com/zh-hans/安瓢虫"}
{"level":"info","timestamp":"2024-06-26T15:56:52.186+0800","msg":"request","URL":"https://wiki.52poke.com/zh-hans/圆丝蛛"}
{"level":"info","timestamp":"2024-06-26T15:56:52.186+0800","msg":"request","URL":"https://wiki.52poke.com/zh-hans/阿利多斯"}
{"level":"info","timestamp":"2024-06-26T15:56:52.186+0800","msg":"request","URL":"https://wiki.52poke.com/zh-hans/叉字蝠"}
{"level":"info","timestamp":"2024-06-26T15:56:52.186+0800","msg":"request","URL":"https://wiki.52poke.com/zh-hans/灯笼鱼"}
{"level":"info","timestamp":"2024-06-26T15:56:52.186+0800","msg":"request","URL":"https://wiki.52poke.com/zh-hans/电灯怪"}
{"level":"info","timestamp":"2024-06-26T15:56:52.186+0800","msg":"request","URL":"https://wiki.52poke.com/zh-hans/皮丘"}
{"level":"info","timestamp":"2024-06-26T15:56:52.186+0800","msg":"request","URL":"https://wiki.52poke.com/zh-hans/皮宝宝*"}
{"level":"info","timestamp":"2024-06-26T15:56:52.186+0800","msg":"request","URL":"https://wiki.52poke.com/zh-hans/宝宝丁*"}
{"level":"info","timestamp":"2024-06-26T15:56:52.186+0800","msg":"request","URL":"https://wiki.52poke.com/zh-hans/波克比*"}
{"level":"info","timestamp":"2024-06-26T15:56:52.186+0800","msg":"request","URL":"https://wiki.52poke.com/zh-hans/波克基古*"}
{"level":"info","timestamp":"2024-06-26T15:56:52.186+0800","msg":"request","URL":"https://wiki.52poke.com/zh-hans/天然雀"}
{"level":"info","timestamp":"2024-06-26T15:56:52.186+0800","msg":"request","URL":"https://wiki.52poke.com/zh-hans/天然鸟"}
{"level":"info","timestamp":"2024-06-26T15:56:52.186+0800","msg":"request","URL":"https://wiki.52poke.com/zh-hans/咩利羊"}
{"level":"info","timestamp":"2024-06-26T15:56:52.186+0800","msg":"request","URL":"https://wiki.52poke.com/zh-hans/茸茸羊"}
{"level":"info","timestamp":"2024-06-26T15:56:52.186+0800","msg":"request","URL":"https://wiki.52poke.com/zh-hans/电龙"}
{"level":"info","timestamp":"2024-06-26T15:56:52.186+0800","msg":"request","URL":"https://wiki.52poke.com/zh-hans/美丽花"}
{"level":"info","timestamp":"2024-06-26T15:56:52.187+0800","msg":"request","URL":"https://wiki.52poke.com/zh-hans/玛力露*"}
{"level":"info","timestamp":"2024-06-26T15:56:52.187+0800","msg":"request","URL":"https://wiki.52poke.com/zh-hans/玛力露丽*"}
{"level":"info","timestamp":"2024-06-26T15:56:52.187+0800","msg":"request","URL":"https://wiki.52poke.com/zh-hans/树才怪"}
{"level":"info","timestamp":"2024-06-26T15:56:52.187+0800","msg":"request","URL":"https://wiki.52poke.com/zh-hans/蚊香蛙皇"}
{"level":"info","timestamp":"2024-06-26T15:56:52.187+0800","msg":"request","URL":"https://wiki.52poke.com/zh-hans/毽子草"}
{"level":"info","timestamp":"2024-06-26T15:56:52.187+0800","msg":"request","URL":"https://wiki.52poke.com/zh-hans/毽子花"}
{"level":"info","timestamp":"2024-06-26T15:56:52.187+0800","msg":"request","URL":"https://wiki.52poke.com/zh-hans/毽子棉"}
{"level":"info","timestamp":"2024-06-26T15:56:52.187+0800","msg":"request","URL":"https://wiki.52poke.com/zh-hans/长尾怪手"}
{"level":"info","timestamp":"2024-06-26T15:56:52.187+0800","msg":"request","URL":"https://wiki.52poke.com/zh-hans/向日种子"}
{"level":"info","timestamp":"2024-06-26T15:56:52.187+0800","msg":"request","URL":"https://wiki.52poke.com/zh-hans/向日花怪"}
{"level":"info","timestamp":"2024-06-26T15:56:52.187+0800","msg":"request","URL":"https://wiki.52poke.com/zh-hans/蜻蜻蜓"}
{"level":"info","timestamp":"2024-06-26T15:56:52.187+0800","msg":"request","URL":"https://wiki.52poke.com/zh-hans/乌波"}
{"level":"info","timestamp":"2024-06-26T15:56:52.187+0800","msg":"request","URL":"https://wiki.52poke.com/zh-hans/乌波帕底亚的样子"}
{"level":"info","timestamp":"2024-06-26T15:56:52.187+0800","msg":"request","URL":"https://wiki.52poke.com/zh-hans/沼王"}
{"level":"info","timestamp":"2024-06-26T15:56:52.187+0800","msg":"request","URL":"https://wiki.52poke.com/zh-hans/太阳伊布"}
{"level":"info","timestamp":"2024-06-26T15:56:52.187+0800","msg":"request","URL":"https://wiki.52poke.com/zh-hans/月亮伊布"}
{"level":"info","timestamp":"2024-06-26T15:56:52.187+0800","msg":"request","URL":"https://wiki.52poke.com/zh-hans/黑暗鸦"}
{"level":"info","timestamp":"2024-06-26T15:56:52.187+0800","msg":"request","URL":"https://wiki.52poke.com/zh-hans/呆呆王"}
{"level":"info","timestamp":"2024-06-26T15:56:52.187+0800","msg":"request","URL":"https://wiki.52poke.com/zh-hans/呆呆王伽勒尔的样子"}
{"level":"info","timestamp":"2024-06-26T15:56:52.187+0800","msg":"request","URL":"https://wiki.52poke.com/zh-hans/梦妖"}
{"level":"info","timestamp":"2024-06-26T15:56:52.187+0800","msg":"request","URL":"https://wiki.52poke.com/zh-hans/未知图腾"}
{"level":"info","timestamp":"2024-06-26T15:56:52.187+0800","msg":"request","URL":"https://wiki.52poke.com/zh-hans/果然翁"}
{"level":"info","timestamp":"2024-06-26T15:56:52.187+0800","msg":"request","URL":"https://wiki.52poke.com/zh-hans/麒麟奇"}
{"level":"info","timestamp":"2024-06-26T15:56:52.187+0800","msg":"request","URL":"https://wiki.52poke.com/zh-hans/榛果球"}
{"level":"info","timestamp":"2024-06-26T15:56:52.187+0800","msg":"request","URL":"https://wiki.52poke.com/zh-hans/佛烈托斯"}
{"level":"info","timestamp":"2024-06-26T15:56:52.187+0800","msg":"request","URL":"https://wiki.52poke.com/zh-hans/土龙弟弟"}
{"level":"info","timestamp":"2024-06-26T15:56:52.187+0800","msg":"request","URL":"https://wiki.52poke.com/zh-hans/天蝎"}
{"level":"info","timestamp":"2024-06-26T15:56:52.187+0800","msg":"request","URL":"https://wiki.52poke.com/zh-hans/大钢蛇"}
{"level":"info","timestamp":"2024-06-26T15:56:52.187+0800","msg":"request","URL":"https://wiki.52poke.com/zh-hans/布鲁*"}
{"level":"info","timestamp":"2024-06-26T15:56:52.187+0800","msg":"request","URL":"https://wiki.52poke.com/zh-hans/布鲁皇*"}
{"level":"info","timestamp":"2024-06-26T15:56:52.187+0800","msg":"request","URL":"https://wiki.52poke.com/zh-hans/千针鱼"}
{"level":"info","timestamp":"2024-06-26T15:56:52.187+0800","msg":"request","URL":"https://wiki.52poke.com/zh-hans/千针鱼洗翠的样子"}
{"level":"info","timestamp":"2024-06-26T15:56:52.187+0800","msg":"request","URL":"https://wiki.52poke.com/zh-hans/巨钳螳螂"}
{"level":"info","timestamp":"2024-06-26T15:56:52.187+0800","msg":"request","URL":"https://wiki.52poke.com/zh-hans/壶壶"}
{"level":"info","timestamp":"2024-06-26T15:56:52.187+0800","msg":"request","URL":"https://wiki.52poke.com/zh-hans/赫拉克罗斯"}
{"level":"info","timestamp":"2024-06-26T15:56:52.187+0800","msg":"request","URL":"https://wiki.52poke.com/zh-hans/狃拉"}
{"level":"info","timestamp":"2024-06-26T15:56:52.188+0800","msg":"request","URL":"https://wiki.52poke.com/zh-hans/狃拉洗翠的样子"}
{"level":"info","timestamp":"2024-06-26T15:56:52.188+0800","msg":"request","URL":"https://wiki.52poke.com/zh-hans/熊宝宝"}
{"level":"info","timestamp":"2024-06-26T15:56:52.188+0800","msg":"request","URL":"https://wiki.52poke.com/zh-hans/圈圈熊"}
{"level":"info","timestamp":"2024-06-26T15:56:52.188+0800","msg":"request","URL":"https://wiki.52poke.com/zh-hans/熔岩虫"}
{"level":"info","timestamp":"2024-06-26T15:56:52.188+0800","msg":"request","URL":"https://wiki.52poke.com/zh-hans/熔岩蜗牛"}
{"level":"info","timestamp":"2024-06-26T15:56:52.188+0800","msg":"request","URL":"https://wiki.52poke.com/zh-hans/小山猪"}
{"level":"info","timestamp":"2024-06-26T15:56:52.188+0800","msg":"request","URL":"https://wiki.52poke.com/zh-hans/长毛猪"}
{"level":"info","timestamp":"2024-06-26T15:56:52.188+0800","msg":"request","URL":"https://wiki.52poke.com/zh-hans/太阳珊瑚"}
{"level":"info","timestamp":"2024-06-26T15:56:52.188+0800","msg":"request","URL":"https://wiki.52poke.com/zh-hans/太阳珊瑚伽勒尔的样子"}
{"level":"info","timestamp":"2024-06-26T15:56:52.188+0800","msg":"request","URL":"https://wiki.52poke.com/zh-hans/铁炮鱼"}
{"level":"info","timestamp":"2024-06-26T15:56:52.188+0800","msg":"request","URL":"https://wiki.52poke.com/zh-hans/章鱼桶"}
{"level":"info","timestamp":"2024-06-26T15:56:52.188+0800","msg":"request","URL":"https://wiki.52poke.com/zh-hans/信使鸟"}
{"level":"info","timestamp":"2024-06-26T15:56:52.188+0800","msg":"request","URL":"https://wiki.52poke.com/zh-hans/巨翅飞鱼"}
{"level":"info","timestamp":"2024-06-26T15:56:52.188+0800","msg":"request","URL":"https://wiki.52poke.com/zh-hans/盔甲鸟"}
{"level":"info","timestamp":"2024-06-26T15:56:52.188+0800","msg":"request","URL":"https://wiki.52poke.com/zh-hans/戴鲁比"}
{"level":"info","timestamp":"2024-06-26T15:56:52.188+0800","msg":"request","URL":"https://wiki.52poke.com/zh-hans/黑鲁加"}
{"level":"info","timestamp":"2024-06-26T15:56:52.188+0800","msg":"request","URL":"https://wiki.52poke.com/zh-hans/刺龙王"}
{"level":"info","timestamp":"2024-06-26T15:56:52.188+0800","msg":"request","URL":"https://wiki.52poke.com/zh-hans/小小象"}
{"level":"info","timestamp":"2024-06-26T15:56:52.188+0800","msg":"request","URL":"https://wiki.52poke.com/zh-hans/顿甲"}
{"level":"info","timestamp":"2024-06-26T15:56:52.188+0800","msg":"request","URL":"https://wiki.52poke.com/zh-hans/多边兽Ⅱ"}
{"level":"info","timestamp":"2024-06-26T15:56:52.188+0800","msg":"request","URL":"https://wiki.52poke.com/zh-hans/惊角鹿"}
{"level":"info","timestamp":"2024-06-26T15:56:52.188+0800","msg":"request","URL":"https://wiki.52poke.com/zh-hans/图图犬"}
{"level":"info","timestamp":"2024-06-26T15:56:52.188+0800","msg":"request","URL":"https://wiki.52poke.com/zh-hans/无畏小子"}
{"level":"info","timestamp":"2024-06-26T15:56:52.188+0800","msg":"request","URL":"https://wiki.52poke.com/zh-hans/战舞郎"}
{"level":"info","timestamp":"2024-06-26T15:56:52.188+0800","msg":"request","URL":"https://wiki.52poke.com/zh-hans/迷唇娃"}
{"level":"info","timestamp":"2024-06-26T15:56:52.188+0800","msg":"request","URL":"https://wiki.52poke.com/zh-hans/电击怪"}
{"level":"info","timestamp":"2024-06-26T15:56:52.188+0800","msg":"request","URL":"https://wiki.52poke.com/zh-hans/鸭嘴宝宝"}
{"level":"info","timestamp":"2024-06-26T15:56:52.188+0800","msg":"request","URL":"https://wiki.52poke.com/zh-hans/大奶罐"}
{"level":"info","timestamp":"2024-06-26T15:56:52.188+0800","msg":"request","URL":"https://wiki.52poke.com/zh-hans/幸福蛋"}
{"level":"info","timestamp":"2024-06-26T15:56:52.188+0800","msg":"request","URL":"https://wiki.52poke.com/zh-hans/雷公"}
{"level":"info","timestamp":"2024-06-26T15:56:52.188+0800","msg":"request","URL":"https://wiki.52poke.com/zh-hans/炎帝"}
{"level":"info","timestamp":"2024-06-26T15:56:52.188+0800","msg":"request","URL":"https://wiki.52poke.com/zh-hans/水君"}
{"level":"info","timestamp":"2024-06-26T15:56:52.188+0800","msg":"request","URL":"https://wiki.52poke.com/zh-hans/幼基拉斯"}
{"level":"info","timestamp":"2024-06-26T15:56:52.188+0800","msg":"request","URL":"https://wiki.52poke.com/zh-hans/沙基拉斯"}
{"level":"info","timestamp":"2024-06-26T15:56:52.189+0800","msg":"request","URL":"https://wiki.52poke.com/zh-hans/班基拉斯"}
{"level":"info","timestamp":"2024-06-26T15:56:52.189+0800","msg":"request","URL":"https://wiki.52poke.com/zh-hans/洛奇亚"}
{"level":"info","timestamp":"2024-06-26T15:56:52.189+0800","msg":"request","URL":"https://wiki.52poke.com/zh-hans/凤王"}
{"level":"info","timestamp":"2024-06-26T15:56:52.189+0800","msg":"request","URL":"https://wiki.52poke.com/zh-hans/时拉比"}
{"level":"info","timestamp":"2024-06-26T15:56:52.189+0800","msg":"request","URL":"https://wiki.52poke.com/zh-hans/木守宫"}
{"level":"info","timestamp":"2024-06-26T15:56:52.189+0800","msg":"request","URL":"https://wiki.52poke.com/zh-hans/森林蜥蜴"}
{"level":"info","timestamp":"2024-06-26T15:56:52.189+0800","msg":"request","URL":"https://wiki.52poke.com/zh-hans/蜥蜴王"}
{"level":"info","timestamp":"2024-06-26T15:56:52.189+0800","msg":"request","URL":"https://wiki.52poke.com/zh-hans/火稚鸡"}
{"level":"info","timestamp":"2024-06-26T15:56:52.189+0800","msg":"request","URL":"https://wiki.52poke.com/zh-hans/力壮鸡"}
{"level":"info","timestamp":"2024-06-26T15:56:52.189+0800","msg":"request","URL":"https://wiki.52poke.com/zh-hans/火焰鸡"}
{"level":"info","timestamp":"2024-06-26T15:56:52.189+0800","msg":"request","URL":"https://wiki.52poke.com/zh-hans/水跃鱼"}
{"level":"info","timestamp":"2024-06-26T15:56:52.189+0800","msg":"request","URL":"https://wiki.52poke.com/zh-hans/沼跃鱼"}
{"level":"info","timestamp":"2024-06-26T15:56:52.189+0800","msg":"request","URL":"https://wiki.52poke.com/zh-hans/巨沼怪"}
{"level":"info","timestamp":"2024-06-26T15:56:52.189+0800","msg":"request","URL":"https://wiki.52poke.com/zh-hans/土狼犬"}
{"level":"info","timestamp":"2024-06-26T15:56:52.189+0800","msg":"request","URL":"https://wiki.52poke.com/zh-hans/大狼犬"}
{"level":"info","timestamp":"2024-06-26T15:56:52.189+0800","msg":"request","URL":"https://wiki.52poke.com/zh-hans/蛇纹熊"}
{"level":"info","timestamp":"2024-06-26T15:56:52.189+0800","msg":"request","URL":"https://wiki.52poke.com/zh-hans/蛇纹熊伽勒尔的样子"}
{"level":"info","timestamp":"2024-06-26T15:56:52.189+0800","msg":"request","URL":"https://wiki.52poke.com/zh-hans/直冲熊"}
{"level":"info","timestamp":"2024-06-26T15:56:52.189+0800","msg":"request","URL":"https://wiki.52poke.com/zh-hans/直冲熊伽勒尔的样子"}
{"level":"info","timestamp":"2024-06-26T15:56:52.189+0800","msg":"request","URL":"https://wiki.52poke.com/zh-hans/刺尾虫"}
{"level":"info","timestamp":"2024-06-26T15:56:52.189+0800","msg":"request","URL":"https://wiki.52poke.com/zh-hans/甲壳茧"}
{"level":"info","timestamp":"2024-06-26T15:56:52.189+0800","msg":"request","URL":"https://wiki.52poke.com/zh-hans/狩猎凤蝶"}
{"level":"info","timestamp":"2024-06-26T15:56:52.189+0800","msg":"request","URL":"https://wiki.52poke.com/zh-hans/盾甲茧"}
{"level":"info","timestamp":"2024-06-26T15:56:52.189+0800","msg":"request","URL":"https://wiki.52poke.com/zh-hans/毒粉蛾"}
{"level":"info","timestamp":"2024-06-26T15:56:52.189+0800","msg":"request","URL":"https://wiki.52poke.com/zh-hans/莲叶童子"}
{"level":"info","timestamp":"2024-06-26T15:56:52.189+0800","msg":"request","URL":"https://wiki.52poke.com/zh-hans/莲帽小童"}
{"level":"info","timestamp":"2024-06-26T15:56:52.189+0800","msg":"request","URL":"https://wiki.52poke.com/zh-hans/乐天河童"}
{"level":"info","timestamp":"2024-06-26T15:56:52.189+0800","msg":"request","URL":"https://wiki.52poke.com/zh-hans/橡实果"}
{"level":"info","timestamp":"2024-06-26T15:56:52.189+0800","msg":"request","URL":"https://wiki.52poke.com/zh-hans/长鼻叶"}
{"level":"info","timestamp":"2024-06-26T15:56:52.189+0800","msg":"request","URL":"https://wiki.52poke.com/zh-hans/狡猾天狗"}
{"level":"info","timestamp":"2024-06-26T15:56:52.189+0800","msg":"request","URL":"https://wiki.52poke.com/zh-hans/傲骨燕"}
{"level":"info","timestamp":"2024-06-26T15:56:52.189+0800","msg":"request","URL":"https://wiki.52poke.com/zh-hans/大王燕"}
{"level":"info","timestamp":"2024-06-26T15:56:52.189+0800","msg":"request","URL":"https://wiki.52poke.com/zh-hans/长翅鸥"}
{"level":"info","timestamp":"2024-06-26T15:56:52.189+0800","msg":"request","URL":"https://wiki.52poke.com/zh-hans/大嘴鸥"}
{"level":"info","timestamp":"2024-06-26T15:56:52.189+0800","msg":"request","URL":"https://wiki.52poke.com/zh-hans/拉鲁拉丝*"}
{"level":"info","timestamp":"2024-06-26T15:56:52.190+0800","msg":"request","URL":"https://wiki.52poke.com/zh-hans/奇鲁莉安*"}
{"level":"info","timestamp":"2024-06-26T15:56:52.190+0800","msg":"request","URL":"https://wiki.52poke.com/zh-hans/沙奈朵*"}
{"level":"info","timestamp":"2024-06-26T15:56:52.190+0800","msg":"request","URL":"https://wiki.52poke.com/zh-hans/溜溜糖球"}
{"level":"info","timestamp":"2024-06-26T15:56:52.190+0800","msg":"request","URL":"https://wiki.52poke.com/zh-hans/雨翅蛾"}
{"level":"info","timestamp":"2024-06-26T15:56:52.190+0800","msg":"request","URL":"https://wiki.52poke.com/zh-hans/蘑蘑菇"}
{"level":"info","timestamp":"2024-06-26T15:56:52.190+0800","msg":"request","URL":"https://wiki.52poke.com/zh-hans/斗笠菇"}
{"level":"info","timestamp":"2024-06-26T15:56:52.190+0800","msg":"request","URL":"https://wiki.52poke.com/zh-hans/懒人獭"}
{"level":"info","timestamp":"2024-06-26T15:56:52.190+0800","msg":"request","URL":"https://wiki.52poke.com/zh-hans/过动猿"}
{"level":"info","timestamp":"2024-06-26T15:56:52.190+0800","msg":"request","URL":"https://wiki.52poke.com/zh-hans/请假王"}
{"level":"info","timestamp":"2024-06-26T15:56:52.190+0800","msg":"request","URL":"https://wiki.52poke.com/zh-hans/土居忍士"}
{"level":"info","timestamp":"2024-06-26T15:56:52.190+0800","msg":"request","URL":"https://wiki.52poke.com/zh-hans/铁面忍者"}
{"level":"info","timestamp":"2024-06-26T15:56:52.190+0800","msg":"request","URL":"https://wiki.52poke.com/zh-hans/脱壳忍者"}
{"level":"info","timestamp":"2024-06-26T15:56:52.190+0800","msg":"request","URL":"https://wiki.52poke.com/zh-hans/咕妞妞"}
{"level":"info","timestamp":"2024-06-26T15:56:52.190+0800","msg":"request","URL":"https://wiki.52poke.com/zh-hans/吼爆弹"}
{"level":"info","timestamp":"2024-06-26T15:56:52.190+0800","msg":"request","URL":"https://wiki.52poke.com/zh-hans/爆音怪"}
{"level":"info","timestamp":"2024-06-26T15:56:52.190+0800","msg":"request","URL":"https://wiki.52poke.com/zh-hans/幕下力士"}
{"level":"info","timestamp":"2024-06-26T15:56:52.190+0800","msg":"request","URL":"https://wiki.52poke.com/zh-hans/铁掌力士"}
{"level":"info","timestamp":"2024-06-26T15:56:52.190+0800","msg":"request","URL":"https://wiki.52poke.com/zh-hans/露力丽*"}
{"level":"info","timestamp":"2024-06-26T15:56:52.190+0800","msg":"request","URL":"https://wiki.52poke.com/zh-hans/朝北鼻"}
{"level":"info","timestamp":"2024-06-26T15:56:52.190+0800","msg":"request","URL":"https://wiki.52poke.com/zh-hans/向尾喵"}
{"level":"info","timestamp":"2024-06-26T15:56:52.190+0800","msg":"request","URL":"https://wiki.52poke.com/zh-hans/优雅猫"}
{"level":"info","timestamp":"2024-06-26T15:56:52.190+0800","msg":"request","URL":"https://wiki.52poke.com/zh-hans/勾魂眼"}
{"level":"info","timestamp":"2024-06-26T15:56:52.190+0800","msg":"request","URL":"https://wiki.52poke.com/zh-hans/大嘴娃*"}
{"level":"info","timestamp":"2024-06-26T15:56:52.190+0800","msg":"request","URL":"https://wiki.52poke.com/zh-hans/可可多拉"}
{"level":"info","timestamp":"2024-06-26T15:56:52.190+0800","msg":"request","URL":"https://wiki.52poke.com/zh-hans/可多拉"}
{"level":"info","timestamp":"2024-06-26T15:56:52.190+0800","msg":"request","URL":"https://wiki.52poke.com/zh-hans/波士可多拉"}
{"level":"info","timestamp":"2024-06-26T15:56:52.190+0800","msg":"request","URL":"https://wiki.52poke.com/zh-hans/玛沙那"}
{"level":"info","timestamp":"2024-06-26T15:56:52.190+0800","msg":"request","URL":"https://wiki.52poke.com/zh-hans/恰雷姆"}
{"level":"info","timestamp":"2024-06-26T15:56:52.190+0800","msg":"request","URL":"https://wiki.52poke.com/zh-hans/落雷兽"}
{"level":"info","timestamp":"2024-06-26T15:56:52.190+0800","msg":"request","URL":"https://wiki.52poke.com/zh-hans/雷电兽"}
{"level":"info","timestamp":"2024-06-26T15:56:52.190+0800","msg":"request","URL":"https://wiki.52poke.com/zh-hans/正电拍拍"}
{"level":"info","timestamp":"2024-06-26T15:56:52.190+0800","msg":"request","URL":"https://wiki.52poke.com/zh-hans/负电拍拍"}
{"level":"info","timestamp":"2024-06-26T15:56:52.190+0800","msg":"request","URL":"https://wiki.52poke.com/zh-hans/电萤虫"}
{"level":"info","timestamp":"2024-06-26T15:56:52.191+0800","msg":"request","URL":"https://wiki.52poke.com/zh-hans/甜甜萤"}
{"level":"info","timestamp":"2024-06-26T15:56:52.191+0800","msg":"request","URL":"https://wiki.52poke.com/zh-hans/毒蔷薇"}
{"level":"info","timestamp":"2024-06-26T15:56:52.191+0800","msg":"request","URL":"https://wiki.52poke.com/zh-hans/溶食兽"}
{"level":"info","timestamp":"2024-06-26T15:56:52.191+0800","msg":"request","URL":"https://wiki.52poke.com/zh-hans/吞食兽"}
{"level":"info","timestamp":"2024-06-26T15:56:52.191+0800","msg":"request","URL":"https://wiki.52poke.com/zh-hans/利牙鱼"}
{"level":"info","timestamp":"2024-06-26T15:56:52.191+0800","msg":"request","URL":"https://wiki.52poke.com/zh-hans/巨牙鲨"}
{"level":"info","timestamp":"2024-06-26T15:56:52.191+0800","msg":"request","URL":"https://wiki.52poke.com/zh-hans/吼吼鲸"}
{"level":"info","timestamp":"2024-06-26T15:56:52.191+0800","msg":"request","URL":"https://wiki.52poke.com/zh-hans/吼鲸王"}
{"level":"info","timestamp":"2024-06-26T15:56:52.191+0800","msg":"request","URL":"https://wiki.52poke.com/zh-hans/呆火驼"}
{"level":"info","timestamp":"2024-06-26T15:56:52.191+0800","msg":"request","URL":"https://wiki.52poke.com/zh-hans/喷火驼"}
{"level":"info","timestamp":"2024-06-26T15:56:52.191+0800","msg":"request","URL":"https://wiki.52poke.com/zh-hans/煤炭龟"}
{"level":"info","timestamp":"2024-06-26T15:56:52.191+0800","msg":"request","URL":"https://wiki.52poke.com/zh-hans/跳跳猪"}
{"level":"info","timestamp":"2024-06-26T15:56:52.191+0800","msg":"request","URL":"https://wiki.52poke.com/zh-hans/噗噗猪"}
{"level":"info","timestamp":"2024-06-26T15:56:52.191+0800","msg":"request","URL":"https://wiki.52poke.com/zh-hans/晃晃斑"}
{"level":"info","timestamp":"2024-06-26T15:56:52.191+0800","msg":"request","URL":"https://wiki.52poke.com/zh-hans/大颚蚁"}
{"level":"info","timestamp":"2024-06-26T15:56:52.191+0800","msg":"request","URL":"https://wiki.52poke.com/zh-hans/超音波幼虫"}
{"level":"info","timestamp":"2024-06-26T15:56:52.191+0800","msg":"request","URL":"https://wiki.52poke.com/zh-hans/沙漠蜻蜓"}
{"level":"info","timestamp":"2024-06-26T15:56:52.191+0800","msg":"request","URL":"https://wiki.52poke.com/zh-hans/刺球仙人掌"}
{"level":"info","timestamp":"2024-06-26T15:56:52.191+0800","msg":"request","URL":"https://wiki.52poke.com/zh-hans/梦歌仙人掌"}
{"level":"info","timestamp":"2024-06-26T15:56:52.191+0800","msg":"request","URL":"https://wiki.52poke.com/zh-hans/青绵鸟"}
{"level":"info","timestamp":"2024-06-26T15:56:52.191+0800","msg":"request","URL":"https://wiki.52poke.com/zh-hans/七夕青鸟"}
{"level":"info","timestamp":"2024-06-26T15:56:52.191+0800","msg":"request","URL":"https://wiki.52poke.com/zh-hans/猫鼬斩"}
{"level":"info","timestamp":"2024-06-26T15:56:52.191+0800","msg":"request","URL":"https://wiki.52poke.com/zh-hans/饭匙蛇"}
{"level":"info","timestamp":"2024-06-26T15:56:52.191+0800","msg":"request","URL":"https://wiki.52poke.com/zh-hans/月石"}
{"level":"info","timestamp":"2024-06-26T15:56:52.191+0800","msg":"request","URL":"https://wiki.52poke.com/zh-hans/太阳岩"}
{"level":"info","timestamp":"2024-06-26T15:56:52.191+0800","msg":"request","URL":"https://wiki.52poke.com/zh-hans/泥泥鳅"}
{"level":"info","timestamp":"2024-06-26T15:56:52.191+0800","msg":"request","URL":"https://wiki.52poke.com/zh-hans/鲶鱼王"}
{"level":"info","timestamp":"2024-06-26T15:56:52.191+0800","msg":"request","URL":"https://wiki.52poke.com/zh-hans/龙虾小兵"}
{"level":"info","timestamp":"2024-06-26T15:56:52.191+0800","msg":"request","URL":"https://wiki.52poke.com/zh-hans/铁螯龙虾"}
{"level":"info","timestamp":"2024-06-26T15:56:52.191+0800","msg":"request","URL":"https://wiki.52poke.com/zh-hans/天秤偶"}
{"level":"info","timestamp":"2024-06-26T15:56:52.191+0800","msg":"request","URL":"https://wiki.52poke.com/zh-hans/念力土偶"}
{"level":"info","timestamp":"2024-06-26T15:56:52.191+0800","msg":"request","URL":"https://wiki.52poke.com/zh-hans/触手百合"}
{"level":"info","timestamp":"2024-06-26T15:56:52.192+0800","msg":"request","URL":"https://wiki.52poke.com/zh-hans/摇篮百合"}
{"level":"info","timestamp":"2024-06-26T15:56:52.192+0800","msg":"request","URL":"https://wiki.52poke.com/zh-hans/太古羽虫"}
{"level":"info","timestamp":"2024-06-26T15:56:52.192+0800","msg":"request","URL":"https://wiki.52poke.com/zh-hans/太古盔甲"}
{"level":"info","timestamp":"2024-06-26T15:56:52.192+0800","msg":"request","URL":"https://wiki.52poke.com/zh-hans/丑丑鱼"}
{"level":"info","timestamp":"2024-06-26T15:56:52.192+0800","msg":"request","URL":"https://wiki.52poke.com/zh-hans/美纳斯"}
{"level":"info","timestamp":"2024-06-26T15:56:52.192+0800","msg":"request","URL":"https://wiki.52poke.com/zh-hans/飘浮泡泡"}
{"level":"info","timestamp":"2024-06-26T15:56:52.192+0800","msg":"request","URL":"https://wiki.52poke.com/zh-hans/变隐龙"}
{"level":"info","timestamp":"2024-06-26T15:56:52.192+0800","msg":"request","URL":"https://wiki.52poke.com/zh-hans/怨影娃娃"}
{"level":"info","timestamp":"2024-06-26T15:56:52.192+0800","msg":"request","URL":"https://wiki.52poke.com/zh-hans/诅咒娃娃"}
{"level":"info","timestamp":"2024-06-26T15:56:52.192+0800","msg":"request","URL":"https://wiki.52poke.com/zh-hans/夜巡灵"}
{"level":"info","timestamp":"2024-06-26T15:56:52.192+0800","msg":"request","URL":"https://wiki.52poke.com/zh-hans/彷徨夜灵"}
{"level":"info","timestamp":"2024-06-26T15:56:52.192+0800","msg":"request","URL":"https://wiki.52poke.com/zh-hans/热带龙"}
{"level":"info","timestamp":"2024-06-26T15:56:52.192+0800","msg":"request","URL":"https://wiki.52poke.com/zh-hans/风铃铃"}
{"level":"info","timestamp":"2024-06-26T15:56:52.192+0800","msg":"request","URL":"https://wiki.52poke.com/zh-hans/阿勃梭鲁"}
{"level":"info","timestamp":"2024-06-26T15:56:52.192+0800","msg":"request","URL":"https://wiki.52poke.com/zh-hans/小果然"}
{"level":"info","timestamp":"2024-06-26T15:56:52.192+0800","msg":"request","URL":"https://wiki.52poke.com/zh-hans/雪童子"}
{"level":"info","timestamp":"2024-06-26T15:56:52.192+0800","msg":"request","URL":"https://wiki.52poke.com/zh-hans/冰鬼护"}
{"level":"info","timestamp":"2024-06-26T15:56:52.192+0800","msg":"request","URL":"https://wiki.52poke.com/zh-hans/海豹球"}
{"level":"info","timestamp":"2024-06-26T15:56:52.192+0800","msg":"request","URL":"https://wiki.52poke.com/zh-hans/海魔狮"}
{"level":"info","timestamp":"2024-06-26T15:56:52.192+0800","msg":"request","URL":"https://wiki.52poke.com/zh-hans/帝牙海狮"}
{"level":"info","timestamp":"2024-06-26T15:56:52.192+0800","msg":"request","URL":"https://wiki.52poke.com/zh-hans/珍珠贝"}
{"level":"info","timestamp":"2024-06-26T15:56:52.192+0800","msg":"request","URL":"https://wiki.52poke.com/zh-hans/猎斑鱼"}
{"level":"info","timestamp":"2024-06-26T15:56:52.192+0800","msg":"request","URL":"https://wiki.52poke.com/zh-hans/樱花鱼"}
{"level":"info","timestamp":"2024-06-26T15:56:52.192+0800","msg":"request","URL":"https://wiki.52poke.com/zh-hans/古空棘鱼"}
{"level":"info","timestamp":"2024-06-26T15:56:52.192+0800","msg":"request","URL":"https://wiki.52poke.com/zh-hans/爱心鱼"}
{"level":"info","timestamp":"2024-06-26T15:56:52.192+0800","msg":"request","URL":"https://wiki.52poke.com/zh-hans/宝贝龙"}
{"level":"info","timestamp":"2024-06-26T15:56:52.192+0800","msg":"request","URL":"https://wiki.52poke.com/zh-hans/甲壳龙"}
{"level":"info","timestamp":"2024-06-26T15:56:52.192+0800","msg":"request","URL":"https://wiki.52poke.com/zh-hans/暴飞龙"}
{"level":"info","timestamp":"2024-06-26T15:56:52.192+0800","msg":"request","URL":"https://wiki.52poke.com/zh-hans/铁哑铃"}
{"level":"info","timestamp":"2024-06-26T15:56:52.192+0800","msg":"request","URL":"https://wiki.52poke.com/zh-hans/金属怪"}
{"level":"info","timestamp":"2024-06-26T15:56:52.192+0800","msg":"request","URL":"https://wiki.52poke.com/zh-hans/巨金怪"}
{"level":"info","timestamp":"2024-06-26T15:56:52.192+0800","msg":"request","URL":"https://wiki.52poke.com/zh-hans/雷吉洛克"}
{"level":"info","timestamp":"2024-06-26T15:56:52.192+0800","msg":"request","URL":"https://wiki.52poke.com/zh-hans/雷吉艾斯"}
{"level":"info","timestamp":"2024-06-26T15:56:52.192+0800","msg":"request","URL":"https://wiki.52poke.com/zh-hans/雷吉斯奇鲁"}
{"level":"info","timestamp":"2024-06-26T15:56:52.192+0800","msg":"request","URL":"https://wiki.52poke.com/zh-hans/拉帝亚斯"}
{"level":"info","timestamp":"2024-06-26T15:56:52.192+0800","msg":"request","URL":"https://wiki.52poke.com/zh-hans/拉帝欧斯"}
{"level":"info","timestamp":"2024-06-26T15:56:52.193+0800","msg":"request","URL":"https://wiki.52poke.com/zh-hans/盖欧卡"}
{"level":"info","timestamp":"2024-06-26T15:56:52.193+0800","msg":"request","URL":"https://wiki.52poke.com/zh-hans/固拉多"}
{"level":"info","timestamp":"2024-06-26T15:56:52.193+0800","msg":"request","URL":"https://wiki.52poke.com/zh-hans/烈空坐"}
{"level":"info","timestamp":"2024-06-26T15:56:52.193+0800","msg":"request","URL":"https://wiki.52poke.com/zh-hans/基拉祈"}
{"level":"info","timestamp":"2024-06-26T15:56:52.193+0800","msg":"request","URL":"https://wiki.52poke.com/zh-hans/代欧奇希斯"}
{"level":"info","timestamp":"2024-06-26T15:56:52.193+0800","msg":"request","URL":"https://wiki.52poke.com/zh-hans/哈力栗"}
{"level":"info","timestamp":"2024-06-26T15:56:52.193+0800","msg":"request","URL":"https://wiki.52poke.com/zh-hans/胖胖哈力"}
{"level":"info","timestamp":"2024-06-26T15:56:52.193+0800","msg":"request","URL":"https://wiki.52poke.com/zh-hans/布里卡隆"}
{"level":"info","timestamp":"2024-06-26T15:56:52.193+0800","msg":"request","URL":"https://wiki.52poke.com/zh-hans/火狐狸"}
{"level":"info","timestamp":"2024-06-26T15:56:52.193+0800","msg":"request","URL":"https://wiki.52poke.com/zh-hans/长尾火狐"}
{"level":"info","timestamp":"2024-06-26T15:56:52.193+0800","msg":"request","URL":"https://wiki.52poke.com/zh-hans/妖火红狐"}
{"level":"info","timestamp":"2024-06-26T15:56:52.193+0800","msg":"request","URL":"https://wiki.52poke.com/zh-hans/呱呱泡蛙"}
{"level":"info","timestamp":"2024-06-26T15:56:52.193+0800","msg":"request","URL":"https://wiki.52poke.com/zh-hans/呱头蛙"}
{"level":"info","timestamp":"2024-06-26T15:56:52.193+0800","msg":"request","URL":"https://wiki.52poke.com/zh-hans/甲贺忍蛙"}
{"level":"info","timestamp":"2024-06-26T15:56:52.193+0800","msg":"request","URL":"https://wiki.52poke.com/zh-hans/掘掘兔"}
{"level":"info","timestamp":"2024-06-26T15:56:52.193+0800","msg":"request","URL":"https://wiki.52poke.com/zh-hans/掘地兔"}
{"level":"info","timestamp":"2024-06-26T15:56:52.193+0800","msg":"request","URL":"https://wiki.52poke.com/zh-hans/小箭雀"}
{"level":"info","timestamp":"2024-06-26T15:56:52.193+0800","msg":"request","URL":"https://wiki.52poke.com/zh-hans/火箭雀"}
{"level":"info","timestamp":"2024-06-26T15:56:52.193+0800","msg":"request","URL":"https://wiki.52poke.com/zh-hans/烈箭鹰"}
{"level":"info","timestamp":"2024-06-26T15:56:52.193+0800","msg":"request","URL":"https://wiki.52poke.com/zh-hans/粉蝶虫"}
{"level":"info","timestamp":"2024-06-26T15:56:52.193+0800","msg":"request","URL":"https://wiki.52poke.com/zh-hans/粉蝶蛹"}
{"level":"info","timestamp":"2024-06-26T15:56:52.193+0800","msg":"request","URL":"https://wiki.52poke.com/zh-hans/彩粉蝶"}
{"level":"info","timestamp":"2024-06-26T15:56:52.193+0800","msg":"request","URL":"https://wiki.52poke.com/zh-hans/小狮狮"}
{"level":"info","timestamp":"2024-06-26T15:56:52.193+0800","msg":"request","URL":"https://wiki.52poke.com/zh-hans/火炎狮"}
{"level":"info","timestamp":"2024-06-26T15:56:52.193+0800","msg":"request","URL":"https://wiki.52poke.com/zh-hans/花蓓蓓"}
{"level":"info","timestamp":"2024-06-26T15:56:52.193+0800","msg":"request","URL":"https://wiki.52poke.com/zh-hans/花叶蒂"}
{"level":"info","timestamp":"2024-06-26T15:56:52.193+0800","msg":"request","URL":"https://wiki.52poke.com/zh-hans/花洁夫人"}
{"level":"info","timestamp":"2024-06-26T15:56:52.193+0800","msg":"request","URL":"https://wiki.52poke.com/zh-hans/坐骑小羊"}
{"level":"info","timestamp":"2024-06-26T15:56:52.193+0800","msg":"request","URL":"https://wiki.52poke.com/zh-hans/坐骑山羊"}
{"level":"info","timestamp":"2024-06-26T15:56:52.193+0800","msg":"request","URL":"https://wiki.52poke.com/zh-hans/顽皮熊猫"}
{"level":"info","timestamp":"2024-06-26T15:56:52.193+0800","msg":"request","URL":"https://wiki.52poke.com/zh-hans/流氓熊猫"}
{"level":"info","timestamp":"2024-06-26T15:56:52.193+0800","msg":"request","URL":"https://wiki.52poke.com/zh-hans/多丽米亚"}
{"level":"info","timestamp":"2024-06-26T15:56:52.193+0800","msg":"request","URL":"https://wiki.52poke.com/zh-hans/妙喵"}
{"level":"info","timestamp":"2024-06-26T15:56:52.193+0800","msg":"request","URL":"https://wiki.52poke.com/zh-hans/超能妙喵"}
{"level":"info","timestamp":"2024-06-26T15:56:52.193+0800","msg":"request","URL":"https://wiki.52poke.com/zh-hans/独剑鞘"}
{"level":"info","timestamp":"2024-06-26T15:56:52.194+0800","msg":"request","URL":"https://wiki.52poke.com/zh-hans/双剑鞘"}
{"level":"info","timestamp":"2024-06-26T15:56:52.194+0800","msg":"request","URL":"https://wiki.52poke.com/zh-hans/坚盾剑怪"}
{"level":"info","timestamp":"2024-06-26T15:56:52.194+0800","msg":"request","URL":"https://wiki.52poke.com/zh-hans/粉香香"}
{"level":"info","timestamp":"2024-06-26T15:56:52.194+0800","msg":"request","URL":"https://wiki.52poke.com/zh-hans/芳香精"}
{"level":"info","timestamp":"2024-06-26T15:56:52.194+0800","msg":"request","URL":"https://wiki.52poke.com/zh-hans/绵绵泡芙"}
{"level":"info","timestamp":"2024-06-26T15:56:52.194+0800","msg":"request","URL":"https://wiki.52poke.com/zh-hans/胖甜妮"}
{"level":"info","timestamp":"2024-06-26T15:56:52.194+0800","msg":"request","URL":"https://wiki.52poke.com/zh-hans/好啦鱿"}
{"level":"info","timestamp":"2024-06-26T15:56:52.194+0800","msg":"request","URL":"https://wiki.52poke.com/zh-hans/乌贼王"}
{"level":"info","timestamp":"2024-06-26T15:56:52.194+0800","msg":"request","URL":"https://wiki.52poke.com/zh-hans/龟脚脚"}
{"level":"info","timestamp":"2024-06-26T15:56:52.194+0800","msg":"request","URL":"https://wiki.52poke.com/zh-hans/龟足巨铠"}
{"level":"info","timestamp":"2024-06-26T15:56:52.194+0800","msg":"request","URL":"https://wiki.52poke.com/zh-hans/垃垃藻"}
{"level":"info","timestamp":"2024-06-26T15:56:52.194+0800","msg":"request","URL":"https://wiki.52poke.com/zh-hans/毒藻龙"}
{"level":"info","timestamp":"2024-06-26T15:56:52.194+0800","msg":"request","URL":"https://wiki.52poke.com/zh-hans/铁臂枪虾"}
{"level":"info","timestamp":"2024-06-26T15:56:52.194+0800","msg":"request","URL":"https://wiki.52poke.com/zh-hans/钢炮臂虾"}
{"level":"info","timestamp":"2024-06-26T15:56:52.194+0800","msg":"request","URL":"https://wiki.52poke.com/zh-hans/伞电蜥"}
{"level":"info","timestamp":"2024-06-26T15:56:52.194+0800","msg":"request","URL":"https://wiki.52poke.com/zh-hans/光电伞蜥"}
{"level":"info","timestamp":"2024-06-26T15:56:52.194+0800","msg":"request","URL":"https://wiki.52poke.com/zh-hans/宝宝暴龙"}
{"level":"info","timestamp":"2024-06-26T15:56:52.194+0800","msg":"request","URL":"https://wiki.52poke.com/zh-hans/怪颚龙"}
{"level":"info","timestamp":"2024-06-26T15:56:52.194+0800","msg":"request","URL":"https://wiki.52poke.com/zh-hans/冰雪龙"}
{"level":"info","timestamp":"2024-06-26T15:56:52.194+0800","msg":"request","URL":"https://wiki.52poke.com/zh-hans/冰雪巨龙"}
{"level":"info","timestamp":"2024-06-26T15:56:52.194+0800","msg":"request","URL":"https://wiki.52poke.com/zh-hans/仙子伊布"}
{"level":"info","timestamp":"2024-06-26T15:56:52.194+0800","msg":"request","URL":"https://wiki.52poke.com/zh-hans/摔角鹰人"}
{"level":"info","timestamp":"2024-06-26T15:56:52.194+0800","msg":"request","URL":"https://wiki.52poke.com/zh-hans/咚咚鼠"}
{"level":"info","timestamp":"2024-06-26T15:56:52.194+0800","msg":"request","URL":"https://wiki.52poke.com/zh-hans/小碎钻"}
{"level":"info","timestamp":"2024-06-26T15:56:52.194+0800","msg":"request","URL":"https://wiki.52poke.com/zh-hans/黏黏宝"}
{"level":"info","timestamp":"2024-06-26T15:56:52.194+0800","msg":"request","URL":"https://wiki.52poke.com/zh-hans/黏美儿"}
{"level":"info","timestamp":"2024-06-26T15:56:52.194+0800","msg":"request","URL":"https://wiki.52poke.com/zh-hans/黏美儿洗翠的样子"}
{"level":"info","timestamp":"2024-06-26T15:56:52.194+0800","msg":"request","URL":"https://wiki.52poke.com/zh-hans/黏美龙"}
{"level":"info","timestamp":"2024-06-26T15:56:52.194+0800","msg":"request","URL":"https://wiki.52poke.com/zh-hans/黏美龙洗翠的样子"}
{"level":"info","timestamp":"2024-06-26T15:56:52.194+0800","msg":"request","URL":"https://wiki.52poke.com/zh-hans/钥圈儿"}
{"level":"info","timestamp":"2024-06-26T15:56:52.194+0800","msg":"request","URL":"https://wiki.52poke.com/zh-hans/小木灵"}
{"level":"info","timestamp":"2024-06-26T15:56:52.194+0800","msg":"request","URL":"https://wiki.52poke.com/zh-hans/朽木妖"}
{"level":"info","timestamp":"2024-06-26T15:56:52.194+0800","msg":"request","URL":"https://wiki.52poke.com/zh-hans/南瓜精"}
{"level":"info","timestamp":"2024-06-26T15:56:52.194+0800","msg":"request","URL":"https://wiki.52poke.com/zh-hans/南瓜怪人"}
{"level":"info","timestamp":"2024-06-26T15:56:52.195+0800","msg":"request","URL":"https://wiki.52poke.com/zh-hans/冰宝"}
{"level":"info","timestamp":"2024-06-26T15:56:52.195+0800","msg":"request","URL":"https://wiki.52poke.com/zh-hans/冰岩怪"}
{"level":"info","timestamp":"2024-06-26T15:56:52.195+0800","msg":"request","URL":"https://wiki.52poke.com/zh-hans/冰岩怪洗翠的样子"}
{"level":"info","timestamp":"2024-06-26T15:56:52.195+0800","msg":"request","URL":"https://wiki.52poke.com/zh-hans/嗡蝠"}
{"level":"info","timestamp":"2024-06-26T15:56:52.195+0800","msg":"request","URL":"https://wiki.52poke.com/zh-hans/音波龙"}
{"level":"info","timestamp":"2024-06-26T15:56:52.195+0800","msg":"request","URL":"https://wiki.52poke.com/zh-hans/哲尔尼亚斯"}
{"level":"info","timestamp":"2024-06-26T15:56:52.195+0800","msg":"request","URL":"https://wiki.52poke.com/zh-hans/伊裴尔塔尔"}
{"level":"info","timestamp":"2024-06-26T15:56:52.195+0800","msg":"request","URL":"https://wiki.52poke.com/zh-hans/基格尔德"}
{"level":"info","timestamp":"2024-06-26T15:56:52.195+0800","msg":"request","URL":"https://wiki.52poke.com/zh-hans/蒂安希"}
{"level":"info","timestamp":"2024-06-26T15:56:52.195+0800","msg":"request","URL":"https://wiki.52poke.com/zh-hans/胡帕"}
{"level":"info","timestamp":"2024-06-26T15:56:52.195+0800","msg":"request","URL":"https://wiki.52poke.com/zh-hans/波尔凯尼恩"}
{"level":"info","timestamp":"2024-06-26T15:56:52.195+0800","msg":"request","URL":"https://wiki.52poke.com/zh-hans/敲音猴"}
{"level":"info","timestamp":"2024-06-26T15:56:52.195+0800","msg":"request","URL":"https://wiki.52poke.com/zh-hans/啪咚猴"}
{"level":"info","timestamp":"2024-06-26T15:56:52.195+0800","msg":"request","URL":"https://wiki.52poke.com/zh-hans/轰擂金刚猩"}
{"level":"info","timestamp":"2024-06-26T15:56:52.195+0800","msg":"request","URL":"https://wiki.52poke.com/zh-hans/炎兔儿"}
{"level":"info","timestamp":"2024-06-26T15:56:52.195+0800","msg":"request","URL":"https://wiki.52poke.com/zh-hans/腾蹴小将"}
{"level":"info","timestamp":"2024-06-26T15:56:52.195+0800","msg":"request","URL":"https://wiki.52poke.com/zh-hans/闪焰王牌"}
{"level":"info","timestamp":"2024-06-26T15:56:52.195+0800","msg":"request","URL":"https://wiki.52poke.com/zh-hans/泪眼蜥"}
{"level":"info","timestamp":"2024-06-26T15:56:52.195+0800","msg":"request","URL":"https://wiki.52poke.com/zh-hans/变涩蜥"}
{"level":"info","timestamp":"2024-06-26T15:56:52.195+0800","msg":"request","URL":"https://wiki.52poke.com/zh-hans/千面避役"}
{"level":"info","timestamp":"2024-06-26T15:56:52.195+0800","msg":"request","URL":"https://wiki.52poke.com/zh-hans/贪心栗鼠"}
{"level":"info","timestamp":"2024-06-26T15:56:52.195+0800","msg":"request","URL":"https://wiki.52poke.com/zh-hans/藏饱栗鼠"}
{"level":"info","timestamp":"2024-06-26T15:56:52.195+0800","msg":"request","URL":"https://wiki.52poke.com/zh-hans/稚山雀"}
{"level":"info","timestamp":"2024-06-26T15:56:52.195+0800","msg":"request","URL":"https://wiki.52poke.com/zh-hans/蓝鸦"}
{"level":"info","timestamp":"2024-06-26T15:56:52.195+0800","msg":"request","URL":"https://wiki.52poke.com/zh-hans/钢铠鸦"}
{"level":"info","timestamp":"2024-06-26T15:56:52.195+0800","msg":"request","URL":"https://wiki.52poke.com/zh-hans/索侦虫"}
{"level":"info","timestamp":"2024-06-26T15:56:52.195+0800","msg":"request","URL":"https://wiki.52poke.com/zh-hans/天罩虫"}
{"level":"info","timestamp":"2024-06-26T15:56:52.195+0800","msg":"request","URL":"https://wiki.52poke.com/zh-hans/以欧路普"}
{"level":"info","timestamp":"2024-06-26T15:56:52.195+0800","msg":"request","URL":"https://wiki.52poke.com/zh-hans/偷儿狐"}
{"level":"info","timestamp":"2024-06-26T15:56:52.195+0800","msg":"request","URL":"https://wiki.52poke.com/zh-hans/狐大盗"}
{"level":"info","timestamp":"2024-06-26T15:56:52.195+0800","msg":"request","URL":"https://wiki.52poke.com/zh-hans/幼棉棉"}
{"level":"info","timestamp":"2024-06-26T15:56:52.195+0800","msg":"request","URL":"https://wiki.52poke.com/zh-hans/白蓬蓬"}
{"level":"info","timestamp":"2024-06-26T15:56:52.195+0800","msg":"request","URL":"https://wiki.52poke.com/zh-hans/毛辫羊"}
{"level":"info","timestamp":"2024-06-26T15:56:52.195+0800","msg":"request","URL":"https://wiki.52poke.com/zh-hans/毛毛角羊"}
{"level":"info","timestamp":"2024-06-26T15:56:52.195+0800","msg":"request","URL":"https://wiki.52poke.com/zh-hans/咬咬龟"}
{"level":"info","timestamp":"2024-06-26T15:56:52.195+0800","msg":"request","URL":"https://wiki.52poke.com/zh-hans/暴噬龟"}
{"level":"info","timestamp":"2024-06-26T15:56:52.196+0800","msg":"request","URL":"https://wiki.52poke.com/zh-hans/来电汪"}
{"level":"info","timestamp":"2024-06-26T15:56:52.196+0800","msg":"request","URL":"https://wiki.52poke.com/zh-hans/逐电犬"}
{"level":"info","timestamp":"2024-06-26T15:56:52.196+0800","msg":"request","URL":"https://wiki.52poke.com/zh-hans/小炭仔"}
{"level":"info","timestamp":"2024-06-26T15:56:52.196+0800","msg":"request","URL":"https://wiki.52poke.com/zh-hans/大炭车"}
{"level":"info","timestamp":"2024-06-26T15:56:52.196+0800","msg":"request","URL":"https://wiki.52poke.com/zh-hans/巨炭山"}
{"level":"info","timestamp":"2024-06-26T15:56:52.196+0800","msg":"request","URL":"https://wiki.52poke.com/zh-hans/啃果虫"}
{"level":"info","timestamp":"2024-06-26T15:56:52.196+0800","msg":"request","URL":"https://wiki.52poke.com/zh-hans/苹裹龙"}
{"level":"info","timestamp":"2024-06-26T15:56:52.196+0800","msg":"request","URL":"https://wiki.52poke.com/zh-hans/丰蜜龙"}
{"level":"info","timestamp":"2024-06-26T15:56:52.196+0800","msg":"request","URL":"https://wiki.52poke.com/zh-hans/沙包蛇"}
{"level":"info","timestamp":"2024-06-26T15:56:52.196+0800","msg":"request","URL":"https://wiki.52poke.com/zh-hans/沙螺蟒"}
{"level":"info","timestamp":"2024-06-26T15:56:52.196+0800","msg":"request","URL":"https://wiki.52poke.com/zh-hans/古月鸟"}
{"level":"info","timestamp":"2024-06-26T15:56:52.196+0800","msg":"request","URL":"https://wiki.52poke.com/zh-hans/刺梭鱼"}
{"level":"info","timestamp":"2024-06-26T15:56:52.196+0800","msg":"request","URL":"https://wiki.52poke.com/zh-hans/戽斗尖梭"}
{"level":"info","timestamp":"2024-06-26T15:56:52.196+0800","msg":"request","URL":"https://wiki.52poke.com/zh-hans/毒电婴"}
{"level":"info","timestamp":"2024-06-26T15:56:52.196+0800","msg":"request","URL":"https://wiki.52poke.com/zh-hans/颤弦蝾螈"}
{"level":"info","timestamp":"2024-06-26T15:56:52.196+0800","msg":"request","URL":"https://wiki.52poke.com/zh-hans/烧火蚣"}
{"level":"info","timestamp":"2024-06-26T15:56:52.196+0800","msg":"request","URL":"https://wiki.52poke.com/zh-hans/焚焰蚣"}
{"level":"info","timestamp":"2024-06-26T15:56:52.196+0800","msg":"request","URL":"https://wiki.52poke.com/zh-hans/拳拳蛸"}
{"level":"info","timestamp":"2024-06-26T15:56:52.196+0800","msg":"request","URL":"https://wiki.52poke.com/zh-hans/八爪武师"}
{"level":"info","timestamp":"2024-06-26T15:56:52.196+0800","msg":"request","URL":"https://wiki.52poke.com/zh-hans/来悲茶"}
{"level":"info","timestamp":"2024-06-26T15:56:52.196+0800","msg":"request","URL":"https://wiki.52poke.com/zh-hans/怖思壶"}
{"level":"info","timestamp":"2024-06-26T15:56:52.196+0800","msg":"request","URL":"https://wiki.52poke.com/zh-hans/迷布莉姆"}
{"level":"info","timestamp":"2024-06-26T15:56:52.196+0800","msg":"request","URL":"https://wiki.52poke.com/zh-hans/提布莉姆"}
{"level":"info","timestamp":"2024-06-26T15:56:52.196+0800","msg":"request","URL":"https://wiki.52poke.com/zh-hans/布莉姆温"}
{"level":"info","timestamp":"2024-06-26T15:56:52.196+0800","msg":"request","URL":"https://wiki.52poke.com/zh-hans/捣蛋小妖"}
{"level":"info","timestamp":"2024-06-26T15:56:52.196+0800","msg":"request","URL":"https://wiki.52poke.com/zh-hans/诈唬魔"}
{"level":"info","timestamp":"2024-06-26T15:56:52.196+0800","msg":"request","URL":"https://wiki.52poke.com/zh-hans/长毛巨魔"}
{"level":"info","timestamp":"2024-06-26T15:56:52.196+0800","msg":"request","URL":"https://wiki.52poke.com/zh-hans/堵拦熊"}
{"level":"info","timestamp":"2024-06-26T15:56:52.196+0800","msg":"request","URL":"https://wiki.52poke.com/zh-hans/喵头目"}
{"level":"info","timestamp":"2024-06-26T15:56:52.196+0800","msg":"request","URL":"https://wiki.52poke.com/zh-hans/魔灵珊瑚"}
{"level":"info","timestamp":"2024-06-26T15:56:52.196+0800","msg":"request","URL":"https://wiki.52poke.com/zh-hans/葱游兵"}
{"level":"info","timestamp":"2024-06-26T15:56:52.196+0800","msg":"request","URL":"https://wiki.52poke.com/zh-hans/踏冰人偶"}
{"level":"info","timestamp":"2024-06-26T15:56:52.196+0800","msg":"request","URL":"https://wiki.52poke.com/zh-hans/死神板"}
{"level":"info","timestamp":"2024-06-26T15:56:52.196+0800","msg":"request","URL":"https://wiki.52poke.com/zh-hans/小仙奶"}
{"level":"info","timestamp":"2024-06-26T15:56:52.197+0800","msg":"request","URL":"https://wiki.52poke.com/zh-hans/霜奶仙"}
{"level":"info","timestamp":"2024-06-26T15:56:52.197+0800","msg":"request","URL":"https://wiki.52poke.com/zh-hans/列阵兵"}
{"level":"info","timestamp":"2024-06-26T15:56:52.197+0800","msg":"request","URL":"https://wiki.52poke.com/zh-hans/啪嚓海胆"}
{"level":"info","timestamp":"2024-06-26T15:56:52.197+0800","msg":"request","URL":"https://wiki.52poke.com/zh-hans/雪吞虫"}
{"level":"info","timestamp":"2024-06-26T15:56:52.197+0800","msg":"request","URL":"https://wiki.52poke.com/zh-hans/雪绒蛾"}
{"level":"info","timestamp":"2024-06-26T15:56:52.197+0800","msg":"request","URL":"https://wiki.52poke.com/zh-hans/巨石丁"}
{"level":"info","timestamp":"2024-06-26T15:56:52.197+0800","msg":"request","URL":"https://wiki.52poke.com/zh-hans/冰砌鹅"}
{"level":"info","timestamp":"2024-06-26T15:56:52.197+0800","msg":"request","URL":"https://wiki.52poke.com/zh-hans/爱管侍"}
{"level":"info","timestamp":"2024-06-26T15:56:52.197+0800","msg":"request","URL":"https://wiki.52poke.com/zh-hans/莫鲁贝可"}
{"level":"info","timestamp":"2024-06-26T15:56:52.197+0800","msg":"request","URL":"https://wiki.52poke.com/zh-hans/铜象"}
{"level":"info","timestamp":"2024-06-26T15:56:52.197+0800","msg":"request","URL":"https://wiki.52poke.com/zh-hans/大王铜象"}
{"level":"info","timestamp":"2024-06-26T15:56:52.197+0800","msg":"request","URL":"https://wiki.52poke.com/zh-hans/雷鸟龙"}
{"level":"info","timestamp":"2024-06-26T15:56:52.197+0800","msg":"request","URL":"https://wiki.52poke.com/zh-hans/雷鸟海兽"}
{"level":"info","timestamp":"2024-06-26T15:56:52.197+0800","msg":"request","URL":"https://wiki.52poke.com/zh-hans/鳃鱼龙"}
{"level":"info","timestamp":"2024-06-26T15:56:52.197+0800","msg":"request","URL":"https://wiki.52poke.com/zh-hans/鳃鱼海兽"}
{"level":"info","timestamp":"2024-06-26T15:56:52.197+0800","msg":"request","URL":"https://wiki.52poke.com/zh-hans/铝钢龙"}
{"level":"info","timestamp":"2024-06-26T15:56:52.197+0800","msg":"request","URL":"https://wiki.52poke.com/zh-hans/多龙梅西亚"}
{"level":"info","timestamp":"2024-06-26T15:56:52.197+0800","msg":"request","URL":"https://wiki.52poke.com/zh-hans/多龙奇"}
{"level":"info","timestamp":"2024-06-26T15:56:52.197+0800","msg":"request","URL":"https://wiki.52poke.com/zh-hans/多龙巴鲁托"}
{"level":"info","timestamp":"2024-06-26T15:56:52.197+0800","msg":"request","URL":"https://wiki.52poke.com/zh-hans/苍响"}
{"level":"info","timestamp":"2024-06-26T15:56:52.197+0800","msg":"request","URL":"https://wiki.52poke.com/zh-hans/藏玛然特"}
{"level":"info","timestamp":"2024-06-26T15:56:52.197+0800","msg":"request","URL":"https://wiki.52poke.com/zh-hans/无极汰那"}
{"level":"info","timestamp":"2024-06-26T15:56:52.197+0800","msg":"request","URL":"https://wiki.52poke.com/zh-hans/熊徒弟"}
{"level":"info","timestamp":"2024-06-26T15:56:52.197+0800","msg":"request","URL":"https://wiki.52poke.com/zh-hans/武道熊师"}
{"level":"info","timestamp":"2024-06-26T15:56:52.197+0800","msg":"request","URL":"https://wiki.52poke.com/zh-hans/萨戮德"}
{"level":"info","timestamp":"2024-06-26T15:56:52.197+0800","msg":"request","URL":"https://wiki.52poke.com/zh-hans/雷吉艾勒奇"}
{"level":"info","timestamp":"2024-06-26T15:56:52.197+0800","msg":"request","URL":"https://wiki.52poke.com/zh-hans/雷吉铎拉戈"}
{"level":"info","timestamp":"2024-06-26T15:56:52.197+0800","msg":"request","URL":"https://wiki.52poke.com/zh-hans/雪暴马"}
{"level":"info","timestamp":"2024-06-26T15:56:52.197+0800","msg":"request","URL":"https://wiki.52poke.com/zh-hans/灵幽马"}
{"level":"info","timestamp":"2024-06-26T15:56:52.197+0800","msg":"request","URL":"https://wiki.52poke.com/zh-hans/蕾冠王"}
{"level":"info","timestamp":"2024-06-26T15:56:52.197+0800","msg":"request","URL":"https://wiki.52poke.com/zh-hans/诡角鹿"}
{"level":"info","timestamp":"2024-06-26T15:56:52.197+0800","msg":"request","URL":"https://wiki.52poke.com/zh-hans/劈斧螳螂"}
{"level":"info","timestamp":"2024-06-26T15:56:52.197+0800","msg":"request","URL":"https://wiki.52poke.com/zh-hans/月月熊"}
{"level":"info","timestamp":"2024-06-26T15:56:52.197+0800","msg":"request","URL":"https://wiki.52poke.com/zh-hans/幽尾玄鱼"}
{"level":"info","timestamp":"2024-06-26T15:56:52.197+0800","msg":"request","URL":"https://wiki.52poke.com/zh-hans/大狃拉"}
{"level":"info","timestamp":"2024-06-26T15:56:52.197+0800","msg":"request","URL":"https://wiki.52poke.com/zh-hans/万针鱼"}
{"level":"info","timestamp":"2024-06-26T15:56:52.197+0800","msg":"request","URL":"https://wiki.52poke.com/zh-hans/眷恋云"}
{"level":"info","timestamp":"2024-06-26T15:56:52.197+0800","msg":"request","URL":"https://wiki.52poke.com/zh-hans/新叶喵"}
{"level":"info","timestamp":"2024-06-26T15:56:52.197+0800","msg":"request","URL":"https://wiki.52poke.com/zh-hans/蒂蕾喵"}
{"level":"info","timestamp":"2024-06-26T15:56:52.197+0800","msg":"request","URL":"https://wiki.52poke.com/zh-hans/魔幻假面喵"}
{"level":"info","timestamp":"2024-06-26T15:56:52.197+0800","msg":"request","URL":"https://wiki.52poke.com/zh-hans/呆火鳄"}
{"level":"info","timestamp":"2024-06-26T15:56:52.197+0800","msg":"request","URL":"https://wiki.52poke.com/zh-hans/炙烫鳄"}
{"level":"info","timestamp":"2024-06-26T15:56:52.197+0800","msg":"request","URL":"https://wiki.52poke.com/zh-hans/骨纹巨声鳄"}
{"level":"info","timestamp":"2024-06-26T15:56:52.197+0800","msg":"request","URL":"https://wiki.52poke.com/zh-hans/润水鸭"}
{"level":"info","timestamp":"2024-06-26T15:56:52.197+0800","msg":"request","URL":"https://wiki.52poke.com/zh-hans/涌跃鸭"}
{"level":"info","timestamp":"2024-06-26T15:56:52.197+0800","msg":"request","URL":"https://wiki.52poke.com/zh-hans/狂欢浪舞鸭"}
{"level":"info","timestamp":"2024-06-26T15:56:52.198+0800","msg":"request","URL":"https://wiki.52poke.com/zh-hans/爱吃豚"}
{"level":"info","timestamp":"2024-06-26T15:56:52.198+0800","msg":"request","URL":"https://wiki.52poke.com/zh-hans/飘香豚"}
{"level":"info","timestamp":"2024-06-26T15:56:52.198+0800","msg":"request","URL":"https://wiki.52poke.com/zh-hans/团珠蛛"}
{"level":"info","timestamp":"2024-06-26T15:56:52.198+0800","msg":"request","URL":"https://wiki.52poke.com/zh-hans/操陷蛛"}
{"level":"info","timestamp":"2024-06-26T15:56:52.198+0800","msg":"request","URL":"https://wiki.52poke.com/zh-hans/豆蟋蟀"}
{"level":"info","timestamp":"2024-06-26T15:56:52.198+0800","msg":"request","URL":"https://wiki.52poke.com/zh-hans/烈腿蝗"}
{"level":"info","timestamp":"2024-06-26T15:56:52.198+0800","msg":"request","URL":"https://wiki.52poke.com/zh-hans/布拨"}
{"level":"info","timestamp":"2024-06-26T15:56:52.198+0800","msg":"request","URL":"https://wiki.52poke.com/zh-hans/布土拨"}
{"level":"info","timestamp":"2024-06-26T15:56:52.198+0800","msg":"request","URL":"https://wiki.52poke.com/zh-hans/巴布土拨"}
{"level":"info","timestamp":"2024-06-26T15:56:52.198+0800","msg":"request","URL":"https://wiki.52poke.com/zh-hans/一对鼠"}
{"level":"info","timestamp":"2024-06-26T15:56:52.198+0800","msg":"request","URL":"https://wiki.52poke.com/zh-hans/一家鼠"}
{"level":"info","timestamp":"2024-06-26T15:56:52.198+0800","msg":"request","URL":"https://wiki.52poke.com/zh-hans/狗仔包"}
{"level":"info","timestamp":"2024-06-26T15:56:52.198+0800","msg":"request","URL":"https://wiki.52poke.com/zh-hans/麻花犬"}
{"level":"info","timestamp":"2024-06-26T15:56:52.198+0800","msg":"request","URL":"https://wiki.52poke.com/zh-hans/迷你芙"}
{"level":"info","timestamp":"2024-06-26T15:56:52.198+0800","msg":"request","URL":"https://wiki.52poke.com/zh-hans/奥利纽"}
{"level":"info","timestamp":"2024-06-26T15:56:52.198+0800","msg":"request","URL":"https://wiki.52poke.com/zh-hans/奥利瓦"}
{"level":"info","timestamp":"2024-06-26T15:56:52.198+0800","msg":"request","URL":"https://wiki.52poke.com/zh-hans/怒鹦哥"}
{"level":"info","timestamp":"2024-06-26T15:56:52.198+0800","msg":"request","URL":"https://wiki.52poke.com/zh-hans/盐石宝"}
{"level":"info","timestamp":"2024-06-26T15:56:52.198+0800","msg":"request","URL":"https://wiki.52poke.com/zh-hans/盐石垒"}
{"level":"info","timestamp":"2024-06-26T15:56:52.198+0800","msg":"request","URL":"https://wiki.52poke.com/zh-hans/盐石巨灵"}
{"level":"info","timestamp":"2024-06-26T15:56:52.198+0800","msg":"request","URL":"https://wiki.52poke.com/zh-hans/炭小侍"}
{"level":"info","timestamp":"2024-06-26T15:56:52.198+0800","msg":"request","URL":"https://wiki.52poke.com/zh-hans/红莲铠骑"}
{"level":"info","timestamp":"2024-06-26T15:56:52.198+0800","msg":"request","URL":"https://wiki.52poke.com/zh-hans/苍炎刃鬼"}
{"level":"info","timestamp":"2024-06-26T15:56:52.198+0800","msg":"request","URL":"https://wiki.52poke.com/zh-hans/光蚪仔"}
{"level":"info","timestamp":"2024-06-26T15:56:52.198+0800","msg":"request","URL":"https://wiki.52poke.com/zh-hans/电肚蛙"}
{"level":"info","timestamp":"2024-06-26T15:56:52.198+0800","msg":"request","URL":"https://wiki.52poke.com/zh-hans/电海燕"}
{"level":"info","timestamp":"2024-06-26T15:56:52.198+0800","msg":"request","URL":"https://wiki.52poke.com/zh-hans/大电海燕"}
{"level":"info","timestamp":"2024-06-26T15:56:52.198+0800","msg":"request","URL":"https://wiki.52poke.com/zh-hans/偶叫獒"}
{"level":"info","timestamp":"2024-06-26T15:56:52.198+0800","msg":"request","URL":"https://wiki.52poke.com/zh-hans/獒教父"}
{"level":"info","timestamp":"2024-06-26T15:56:52.198+0800","msg":"request","URL":"https://wiki.52poke.com/zh-hans/滋汁鼹"}
{"level":"info","timestamp":"2024-06-26T15:56:52.198+0800","msg":"request","URL":"https://wiki.52poke.com/zh-hans/涂标客"}
{"level":"info","timestamp":"2024-06-26T15:56:52.198+0800","msg":"request","URL":"https://wiki.52poke.com/zh-hans/纳噬草"}
{"level":"info","timestamp":"2024-06-26T15:56:52.198+0800","msg":"request","URL":"https://wiki.52poke.com/zh-hans/怖纳噬草"}
{"level":"info","timestamp":"2024-06-26T15:56:52.198+0800","msg":"request","URL":"https://wiki.52poke.com/zh-hans/原野水母"}
{"level":"info","timestamp":"2024-06-26T15:56:52.198+0800","msg":"request","URL":"https://wiki.52poke.com/zh-hans/陆地水母"}
{"level":"info","timestamp":"2024-06-26T15:56:52.198+0800","msg":"request","URL":"https://wiki.52poke.com/zh-hans/毛崖蟹"}
{"level":"info","timestamp":"2024-06-26T15:56:52.198+0800","msg":"request","URL":"https://wiki.52poke.com/zh-hans/热辣娃"}
{"level":"info","timestamp":"2024-06-26T15:56:52.198+0800","msg":"request","URL":"https://wiki.52poke.com/zh-hans/狠辣椒"}
{"level":"info","timestamp":"2024-06-26T15:56:52.199+0800","msg":"request","URL":"https://wiki.52poke.com/zh-hans/虫滚泥"}
{"level":"info","timestamp":"2024-06-26T15:56:52.199+0800","msg":"request","URL":"https://wiki.52poke.com/zh-hans/虫甲圣"}
{"level":"info","timestamp":"2024-06-26T15:56:52.199+0800","msg":"request","URL":"https://wiki.52poke.com/zh-hans/飘飘雏"}
{"level":"info","timestamp":"2024-06-26T15:56:52.199+0800","msg":"request","URL":"https://wiki.52poke.com/zh-hans/超能艳鸵"}
{"level":"info","timestamp":"2024-06-26T15:56:52.199+0800","msg":"request","URL":"https://wiki.52poke.com/zh-hans/小锻匠"}
{"level":"info","timestamp":"2024-06-26T15:56:52.199+0800","msg":"request","URL":"https://wiki.52poke.com/zh-hans/巧锻匠"}
{"level":"info","timestamp":"2024-06-26T15:56:52.199+0800","msg":"request","URL":"https://wiki.52poke.com/zh-hans/巨锻匠"}
{"level":"info","timestamp":"2024-06-26T15:56:52.199+0800","msg":"request","URL":"https://wiki.52poke.com/zh-hans/海地鼠"}
{"level":"info","timestamp":"2024-06-26T15:56:52.199+0800","msg":"request","URL":"https://wiki.52poke.com/zh-hans/三海地鼠"}
{"level":"info","timestamp":"2024-06-26T15:56:52.199+0800","msg":"request","URL":"https://wiki.52poke.com/zh-hans/下石鸟"}
{"level":"info","timestamp":"2024-06-26T15:56:52.199+0800","msg":"request","URL":"https://wiki.52poke.com/zh-hans/波普海豚"}
{"level":"info","timestamp":"2024-06-26T15:56:52.199+0800","msg":"request","URL":"https://wiki.52poke.com/zh-hans/海豚侠"}
{"level":"info","timestamp":"2024-06-26T15:56:52.199+0800","msg":"request","URL":"https://wiki.52poke.com/zh-hans/噗隆隆"}
{"level":"info","timestamp":"2024-06-26T15:56:52.199+0800","msg":"request","URL":"https://wiki.52poke.com/zh-hans/普隆隆姆"}
{"level":"info","timestamp":"2024-06-26T15:56:52.199+0800","msg":"request","URL":"https://wiki.52poke.com/zh-hans/摩托蜥"}
{"level":"info","timestamp":"2024-06-26T15:56:52.199+0800","msg":"request","URL":"https://wiki.52poke.com/zh-hans/拖拖蚓"}
{"level":"info","timestamp":"2024-06-26T15:56:52.199+0800","msg":"request","URL":"https://wiki.52poke.com/zh-hans/晶光芽"}
{"level":"info","timestamp":"2024-06-26T15:56:52.199+0800","msg":"request","URL":"https://wiki.52poke.com/zh-hans/晶光花"}
{"level":"info","timestamp":"2024-06-26T15:56:52.199+0800","msg":"request","URL":"https://wiki.52poke.com/zh-hans/墓仔狗"}
{"level":"info","timestamp":"2024-06-26T15:56:52.199+0800","msg":"request","URL":"https://wiki.52poke.com/zh-hans/墓扬犬"}
{"level":"info","timestamp":"2024-06-26T15:56:52.199+0800","msg":"request","URL":"https://wiki.52poke.com/zh-hans/缠红鹤"}
{"level":"info","timestamp":"2024-06-26T15:56:52.199+0800","msg":"request","URL":"https://wiki.52poke.com/zh-hans/走鲸"}
{"level":"info","timestamp":"2024-06-26T15:56:52.199+0800","msg":"request","URL":"https://wiki.52poke.com/zh-hans/浩大鲸"}
{"level":"info","timestamp":"2024-06-26T15:56:52.199+0800","msg":"request","URL":"https://wiki.52poke.com/zh-hans/轻身鳕"}
{"level":"info","timestamp":"2024-06-26T15:56:52.199+0800","msg":"request","URL":"https://wiki.52poke.com/zh-hans/吃吼霸"}
{"level":"info","timestamp":"2024-06-26T15:56:52.199+0800","msg":"request","URL":"https://wiki.52poke.com/zh-hans/米立龙"}
{"level":"info","timestamp":"2024-06-26T15:56:52.199+0800","msg":"request","URL":"https://wiki.52poke.com/zh-hans/弃世猴"}
{"level":"info","timestamp":"2024-06-26T15:56:52.199+0800","msg":"request","URL":"https://wiki.52poke.com/zh-hans/土王"}
{"level":"info","timestamp":"2024-06-26T15:56:52.199+0800","msg":"request","URL":"https://wiki.52poke.com/zh-hans/奇麒麟"}
{"level":"info","timestamp":"2024-06-26T15:56:52.199+0800","msg":"request","URL":"https://wiki.52poke.com/zh-hans/土龙节节"}
{"level":"info","timestamp":"2024-06-26T15:56:52.199+0800","msg":"request","URL":"https://wiki.52poke.com/zh-hans/仆刀将军"}
{"level":"info","timestamp":"2024-06-26T15:56:52.199+0800","msg":"request","URL":"https://wiki.52poke.com/zh-hans/雄伟牙"}
{"level":"info","timestamp":"2024-06-26T15:56:52.199+0800","msg":"request","URL":"https://wiki.52poke.com/zh-hans/吼叫尾"}
{"level":"info","timestamp":"2024-06-26T15:56:52.199+0800","msg":"request","URL":"https://wiki.52poke.com/zh-hans/猛恶菇"}
{"level":"info","timestamp":"2024-06-26T15:56:52.199+0800","msg":"request","URL":"https://wiki.52poke.com/zh-hans/振翼发"}
{"level":"info","timestamp":"2024-06-26T15:56:52.199+0800","msg":"request","URL":"https://wiki.52poke.com/zh-hans/爬地翅"}
{"level":"info","timestamp":"2024-06-26T15:56:52.199+0800","msg":"request","URL":"https://wiki.52poke.com/zh-hans/沙铁皮"}
{"level":"info","timestamp":"2024-06-26T15:56:52.199+0800","msg":"request","URL":"https://wiki.52poke.com/zh-hans/铁辙迹"}
{"level":"info","timestamp":"2024-06-26T15:56:52.199+0800","msg":"request","URL":"https://wiki.52poke.com/zh-hans/铁包袱"}
{"level":"info","timestamp":"2024-06-26T15:56:52.199+0800","msg":"request","URL":"https://wiki.52poke.com/zh-hans/铁臂膀"}
{"level":"info","timestamp":"2024-06-26T15:56:52.199+0800","msg":"request","URL":"https://wiki.52poke.com/zh-hans/铁脖颈"}
{"level":"info","timestamp":"2024-06-26T15:56:52.199+0800","msg":"request","URL":"https://wiki.52poke.com/zh-hans/铁毒蛾"}
{"level":"info","timestamp":"2024-06-26T15:56:52.199+0800","msg":"request","URL":"https://wiki.52poke.com/zh-hans/铁荆棘"}
{"level":"info","timestamp":"2024-06-26T15:56:52.199+0800","msg":"request","URL":"https://wiki.52poke.com/zh-hans/凉脊龙"}
{"level":"info","timestamp":"2024-06-26T15:56:52.199+0800","msg":"request","URL":"https://wiki.52poke.com/zh-hans/冻脊龙"}
{"level":"info","timestamp":"2024-06-26T15:56:52.200+0800","msg":"request","URL":"https://wiki.52poke.com/zh-hans/戟脊龙"}
{"level":"info","timestamp":"2024-06-26T15:56:52.200+0800","msg":"request","URL":"https://wiki.52poke.com/zh-hans/索财灵"}
{"level":"info","timestamp":"2024-06-26T15:56:52.200+0800","msg":"request","URL":"https://wiki.52poke.com/zh-hans/赛富豪"}
{"level":"info","timestamp":"2024-06-26T15:56:52.200+0800","msg":"request","URL":"https://wiki.52poke.com/zh-hans/古简蜗"}
{"level":"info","timestamp":"2024-06-26T15:56:52.200+0800","msg":"request","URL":"https://wiki.52poke.com/zh-hans/古剑豹"}
{"level":"info","timestamp":"2024-06-26T15:56:52.200+0800","msg":"request","URL":"https://wiki.52poke.com/zh-hans/古鼎鹿"}
{"level":"info","timestamp":"2024-06-26T15:56:52.200+0800","msg":"request","URL":"https://wiki.52poke.com/zh-hans/古玉鱼"}
{"level":"info","timestamp":"2024-06-26T15:56:52.200+0800","msg":"request","URL":"https://wiki.52poke.com/zh-hans/轰鸣月"}
{"level":"info","timestamp":"2024-06-26T15:56:52.200+0800","msg":"request","URL":"https://wiki.52poke.com/zh-hans/铁武者"}
{"level":"info","timestamp":"2024-06-26T15:56:52.200+0800","msg":"request","URL":"https://wiki.52poke.com/zh-hans/故勒顿"}
{"level":"info","timestamp":"2024-06-26T15:56:52.200+0800","msg":"request","URL":"https://wiki.52poke.com/zh-hans/密勒顿"}
{"level":"info","timestamp":"2024-06-26T15:56:52.200+0800","msg":"request","URL":"https://wiki.52poke.com/zh-hans/波荡水"}
{"level":"info","timestamp":"2024-06-26T15:56:52.200+0800","msg":"request","URL":"https://wiki.52poke.com/zh-hans/铁斑叶"}
{"level":"info","timestamp":"2024-06-26T15:56:52.200+0800","msg":"request","URL":"https://wiki.52poke.com/zh-hans/裹蜜虫"}
{"level":"info","timestamp":"2024-06-26T15:56:52.200+0800","msg":"request","URL":"https://wiki.52poke.com/zh-hans/斯魔茶"}
{"level":"info","timestamp":"2024-06-26T15:56:52.200+0800","msg":"request","URL":"https://wiki.52poke.com/zh-hans/来悲粗茶"}
{"level":"info","timestamp":"2024-06-26T15:56:52.200+0800","msg":"request","URL":"https://wiki.52poke.com/zh-hans/够赞狗"}
{"level":"info","timestamp":"2024-06-26T15:56:52.200+0800","msg":"request","URL":"https://wiki.52poke.com/zh-hans/愿增猿"}
{"level":"info","timestamp":"2024-06-26T15:56:52.200+0800","msg":"request","URL":"https://wiki.52poke.com/zh-hans/吉雉鸡"}
{"level":"info","timestamp":"2024-06-26T15:56:52.200+0800","msg":"request","URL":"https://wiki.52poke.com/zh-hans/厄诡椪"}
{"level":"info","timestamp":"2024-06-26T15:56:52.200+0800","msg":"request","URL":"https://wiki.52poke.com/zh-hans/铝钢桥龙"}
{"level":"info","timestamp":"2024-06-26T15:56:52.200+0800","msg":"request","URL":"https://wiki.52poke.com/zh-hans/蜜集大蛇"}
{"level":"info","timestamp":"2024-06-26T15:56:52.200+0800","msg":"request","URL":"https://wiki.52poke.com/zh-hans/破空焰"}
{"level":"info","timestamp":"2024-06-26T15:56:52.200+0800","msg":"request","URL":"https://wiki.52poke.com/zh-hans/猛雷鼓"}
{"level":"info","timestamp":"2024-06-26T15:56:52.200+0800","msg":"request","URL":"https://wiki.52poke.com/zh-hans/铁磐岩"}
{"level":"info","timestamp":"2024-06-26T15:56:52.200+0800","msg":"request","URL":"https://wiki.52poke.com/zh-hans/铁头壳"}
{"level":"info","timestamp":"2024-06-26T15:56:52.200+0800","msg":"request","URL":"https://wiki.52poke.com/zh-hans/太乐巴戈斯"}
{"level":"info","timestamp":"2024-06-26T15:56:52.200+0800","msg":"request","URL":"https://wiki.52poke.com/zh-hans/桃歹郎"}
{"level":"info","timestamp":"2024-06-26T15:56:52.200+0800","msg":"request","URL":"https://wiki.52poke.com/zh-hans/除虫喷雾"}
{"level":"info","timestamp":"2024-06-26T15:56:52.200+0800","msg":"request","URL":"https://wiki.52poke.com/zh-hans/白银喷雾"}
{"level":"info","timestamp":"2024-06-26T15:56:52.200+0800","msg":"request","URL":"https://wiki.52poke.com/zh-hans/黄金喷雾"}
{"level":"info","timestamp":"2024-06-26T15:56:52.200+0800","msg":"request","URL":"https://wiki.52poke.com/zh-hans/木箱"}
{"level":"info","timestamp":"2024-06-26T15:56:52.200+0800","msg":"request","URL":"https://wiki.52poke.com/zh-hans/桐木箱"}
{"level":"info","timestamp":"2024-06-26T15:56:52.200+0800","msg":"request","URL":"https://wiki.52poke.com/zh-hans/蓝色玻璃哨"}
{"level":"info","timestamp":"2024-06-26T15:56:52.200+0800","msg":"request","URL":"https://wiki.52poke.com/zh-hans/黄色玻璃哨"}
{"level":"info","timestamp":"2024-06-26T15:56:52.200+0800","msg":"request","URL":"https://wiki.52poke.com/zh-hans/红色玻璃哨"}
{"level":"info","timestamp":"2024-06-26T15:56:52.200+0800","msg":"request","URL":"https://wiki.52poke.com/zh-hans/黑色玻璃哨"}
{"level":"info","timestamp":"2024-06-26T15:56:52.200+0800","msg":"request","URL":"https://wiki.52poke.com/zh-hans/白色玻璃哨"}
{"level":"info","timestamp":"2024-06-26T15:56:52.200+0800","msg":"request","URL":"https://wiki.52poke.com/zh-hans/速速肥"}
{"level":"info","timestamp":"2024-06-26T15:56:52.200+0800","msg":"request","URL":"https://wiki.52poke.com/zh-hans/湿湿肥"}
{"level":"info","timestamp":"2024-06-26T15:56:52.200+0800","msg":"request","URL":"https://wiki.52poke.com/zh-hans/久久肥"}
{"level":"info","timestamp":"2024-06-26T15:56:52.200+0800","msg":"request","URL":"https://wiki.52poke.com/zh-hans/粘粘肥"}
{"level":"info","timestamp":"2024-06-26T15:56:52.200+0800","msg":"request","URL":"https://wiki.52poke.com/zh-hans/硕果肥"}
{"level":"info","timestamp":"2024-06-26T15:56:52.200+0800","msg":"request","URL":"https://wiki.52poke.com/zh-hans/吃惊肥"}
{"level":"info","timestamp":"2024-06-26T15:56:52.200+0800","msg":"request","URL":"https://wiki.52poke.com/zh-hans/劲劲肥"}
{"level":"info","timestamp":"2024-06-26T15:56:52.200+0800","msg":"request","URL":"https://wiki.52poke.com/zh-hans/超效肥"}
{"level":"info","timestamp":"2024-06-26T15:56:52.200+0800","msg":"request","URL":"https://wiki.52poke.com/zh-hans/朱红色花蜜"}
{"level":"info","timestamp":"2024-06-26T15:56:52.201+0800","msg":"request","URL":"https://wiki.52poke.com/zh-hans/金黄色花蜜"}
{"level":"info","timestamp":"2024-06-26T15:56:52.201+0800","msg":"request","URL":"https://wiki.52poke.com/zh-hans/桃粉色花蜜"}
{"level":"info","timestamp":"2024-06-26T15:56:52.201+0800","msg":"request","URL":"https://wiki.52poke.com/zh-hans/兰紫色花蜜"}
{"level":"info","timestamp":"2024-06-26T15:56:52.201+0800","msg":"request","URL":"https://wiki.52poke.com/zh-hans/树叶信"}
{"level":"info","timestamp":"2024-06-26T15:56:52.201+0800","msg":"request","URL":"https://wiki.52poke.com/zh-hans/树叶信"}
{"level":"info","timestamp":"2024-06-26T15:56:52.201+0800","msg":"request","URL":"https://wiki.52poke.com/zh-hans/小小花束"}
{"level":"info","timestamp":"2024-06-26T15:56:52.201+0800","msg":"request","URL":"https://wiki.52poke.com/zh-hans/引虫香水"}
{"level":"info","timestamp":"2024-06-26T15:56:52.201+0800","msg":"request","URL":"https://wiki.52poke.com/zh-hans/白银香水"}
{"level":"info","timestamp":"2024-06-26T15:56:52.201+0800","msg":"request","URL":"https://wiki.52poke.com/zh-hans/黄金香水"}
{"level":"info","timestamp":"2024-06-26T15:56:52.201+0800","msg":"request","URL":"https://wiki.52poke.com/zh-hans/许愿星碎片"}
{"level":"info","timestamp":"2024-06-26T15:56:52.201+0800","msg":"request","URL":"https://wiki.52poke.com/zh-hans/许愿星块"}
{"level":"info","timestamp":"2024-06-26T15:56:52.201+0800","msg":"request","URL":"https://wiki.52poke.com/zh-hans/楔石"}
{"level":"info","timestamp":"2024-06-26T15:56:52.201+0800","msg":"request","URL":"https://wiki.52poke.com/zh-hans/数据卡"}
{"level":"info","timestamp":"2024-06-26T15:56:52.201+0800","msg":"request","URL":"https://wiki.52poke.com/zh-hans/折价券"}
{"level":"info","timestamp":"2024-06-26T15:56:52.201+0800","msg":"request","URL":"https://wiki.52poke.com/zh-hans/极巨结晶"}
{"level":"info","timestamp":"2024-06-26T15:56:52.201+0800","msg":"request","URL":"https://wiki.52poke.com/zh-hans/匿声喷雾"}
{"level":"info","timestamp":"2024-06-26T15:56:52.201+0800","msg":"request","URL":"https://wiki.52poke.com/zh-hans/晶晶蜜"}
{"level":"info","timestamp":"2024-06-26T15:56:52.201+0800","msg":"request","URL":"https://wiki.52poke.com/zh-hans/旺旺谷"}
{"level":"info","timestamp":"2024-06-26T15:56:52.201+0800","msg":"request","URL":"https://wiki.52poke.com/zh-hans/滚滚豆"}
{"level":"info","timestamp":"2024-06-26T15:56:52.201+0800","msg":"request","URL":"https://wiki.52poke.com/zh-hans/糯糯菇"}
{"level":"info","timestamp":"2024-06-26T15:56:52.201+0800","msg":"request","URL":"https://wiki.52poke.com/zh-hans/坚坚矿"}
{"level":"info","timestamp":"2024-06-26T15:56:52.201+0800","msg":"request","URL":"https://wiki.52poke.com/zh-hans/泥丸"}
{"level":"info","timestamp":"2024-06-26T15:56:52.201+0800","msg":"request","URL":"https://wiki.52poke.com/zh-hans/蛀球果"}
{"level":"info","timestamp":"2024-06-26T15:56:52.201+0800","msg":"request","URL":"https://wiki.52poke.com/zh-hans/雪丸"}
{"level":"info","timestamp":"2024-06-26T15:56:52.201+0800","msg":"request","URL":"https://wiki.52poke.com/zh-hans/黏丸"}
{"level":"info","timestamp":"2024-06-26T15:56:52.201+0800","msg":"request","URL":"https://wiki.52poke.com/zh-hans/声弹"}
{"level":"info","timestamp":"2024-06-26T15:56:52.201+0800","msg":"request","URL":"https://wiki.52poke.com/zh-hans/烟弹"}
{"level":"info","timestamp":"2024-06-26T15:56:52.201+0800","msg":"request","URL":"https://wiki.52poke.com/zh-hans/蜜诱团"}
{"level":"info","timestamp":"2024-06-26T15:56:52.201+0800","msg":"request","URL":"https://wiki.52poke.com/zh-hans/谷诱团"}
{"level":"info","timestamp":"2024-06-26T15:56:52.201+0800","msg":"request","URL":"https://wiki.52poke.com/zh-hans/豆诱团"}
{"level":"info","timestamp":"2024-06-26T15:56:52.201+0800","msg":"request","URL":"https://wiki.52poke.com/zh-hans/菇诱团"}
{"level":"info","timestamp":"2024-06-26T15:56:52.201+0800","msg":"request","URL":"https://wiki.52poke.com/zh-hans/矿诱团"}
{"level":"info","timestamp":"2024-06-26T15:56:52.201+0800","msg":"parse task done"}
{"level":"info","timestamp":"2024-06-26T15:56:52.201+0800","msg":"start parse req","URL":"https://wiki.52poke.com/zh-hans/蚊香蝌蚪"}
{"level":"info","timestamp":"2024-06-26T15:56:52.201+0800","msg":"start parse req","URL":"https://wiki.52poke.com/zh-hans/蚊香君"}
{"level":"info","timestamp":"2024-06-26T15:56:52.201+0800","msg":"start parse req","URL":"https://wiki.52poke.com/zh-hans/风速狗洗翠的样子"}
{"level":"info","timestamp":"2024-06-26T15:57:50.549+0800","msg":"start parse req","URL":"https://wiki.52poke.com/zh-hans/凯西"}
{"level":"info","timestamp":"2024-06-26T15:57:50.549+0800","msg":"start parse req","URL":"https://wiki.52poke.com/zh-hans/喇叭芽"}
{"level":"info","timestamp":"2024-06-26T15:57:50.549+0800","msg":"start fetch body","URL":"https://wiki.52poke.com/zh-hans/蚊香君"}
{"level":"info","timestamp":"2024-06-26T15:57:50.549+0800","msg":"start parse req","URL":"https://wiki.52poke.com/zh-hans/腕力"}
{"level":"info","timestamp":"2024-06-26T15:57:50.549+0800","msg":"start parse req","URL":"https://wiki.52poke.com/zh-hans/蚊香泳士"}
{"level":"info","timestamp":"2024-06-26T15:57:50.549+0800","msg":"start parse req","URL":"https://wiki.52poke.com/zh-hans/怪力"}
{"level":"info","timestamp":"2024-06-26T15:57:50.549+0800","msg":"start parse req","URL":"https://wiki.52poke.com/zh-hans/大食花"}
{"level":"info","timestamp":"2024-06-26T15:57:50.549+0800","msg":"start parse req","URL":"https://wiki.52poke.com/zh-hans/口呆花"}
{"level":"info","timestamp":"2024-06-26T15:57:50.549+0800","msg":"start fetch body","URL":"https://wiki.52poke.com/zh-hans/风速狗洗翠的样子"}
{"level":"info","timestamp":"2024-06-26T15:57:50.549+0800","msg":"start parse req","URL":"https://wiki.52poke.com/zh-hans/毒刺水母"}
{"level":"info","timestamp":"2024-06-26T15:57:50.549+0800","msg":"start fetch body","URL":"https://wiki.52poke.com/zh-hans/蚊香蝌蚪"}
{"level":"info","timestamp":"2024-06-26T15:57:50.549+0800","msg":"start parse req","URL":"https://wiki.52poke.com/zh-hans/勇基拉"}
{"level":"info","timestamp":"2024-06-26T15:57:50.549+0800","msg":"start parse req","URL":"https://wiki.52poke.com/zh-hans/豪力"}
{"level":"info","timestamp":"2024-06-26T15:57:52.662+0800","msg":"start parse req","URL":"https://wiki.52poke.com/zh-hans/小拳石"}
{"level":"info","timestamp":"2024-06-26T15:57:52.662+0800","msg":"start parse req","URL":"https://wiki.52poke.com/zh-hans/玛瑙水母"}
{"level":"info","timestamp":"2024-06-26T15:57:50.549+0800","msg":"start parse req","URL":"https://wiki.52poke.com/zh-hans/胡地"}
{"level":"info","timestamp":"2024-06-26T15:57:52.662+0800","msg":"start fetch body","URL":"https://wiki.52poke.com/zh-hans/凯西"}
{"level":"info","timestamp":"2024-06-26T15:58:01.302+0800","msg":"start fetch body","URL":"https://wiki.52poke.com/zh-hans/小拳石"}
{"level":"info","timestamp":"2024-06-26T15:58:01.308+0800","msg":"start fetch body","URL":"https://wiki.52poke.com/zh-hans/喇叭芽"}
{"level":"info","timestamp":"2024-06-26T15:58:00.382+0800","msg":"start fetch body","URL":"https://wiki.52poke.com/zh-hans/玛瑙水母"}
{"level":"error","timestamp":"2024-06-26T15:58:00.382+0800","msg":"can't fetch ","error":"Get \"https://wiki.52poke.com/zh-hans/%E8%9A%8A%E9%A6%99%E5%90%9B\": context deadline exceeded (Client.Timeout exceeded while awaiting headers)","url":"https://wiki.52poke.com/zh-hans/蚊香君"}
{"level":"error","timestamp":"2024-06-26T15:58:01.318+0800","msg":"can't fetch ","error":"Get \"https://wiki.52poke.com/zh-hans/%E8%9A%8A%E9%A6%99%E8%9D%8C%E8%9A%AA\": context deadline exceeded (Client.Timeout exceeded while awaiting headers)","url":"https://wiki.52poke.com/zh-hans/蚊香蝌蚪"}
{"level":"error","timestamp":"2024-06-26T15:58:01.319+0800","msg":"can't fetch ","error":"Get \"https://wiki.52poke.com/zh-hans/%E5%87%AF%E8%A5%BF\": context deadline exceeded (Client.Timeout exceeded while awaiting headers)","url":"https://wiki.52poke.com/zh-hans/凯西"}
