{"level":"info","timestamp":"2024-05-28T10:48:40.432+0800","msg":"startup"}
{"level":"info","timestamp":"2024-05-28T10:48:40.433+0800","msg":"parse task","Name":"ability_list"}
{"level":"info","timestamp":"2024-05-28T10:48:40.433+0800","msg":"request","URL":"https://wiki.52poke.com/zh-hans/特性列表"}
{"level":"info","timestamp":"2024-05-28T10:48:40.433+0800","msg":"parse task done"}
{"level":"info","timestamp":"2024-05-28T10:48:40.433+0800","msg":"start parse req","URL":"https://wiki.52poke.com/zh-hans/特性列表"}
{"level":"info","timestamp":"2024-05-28T10:48:40.433+0800","msg":"start fetch body","URL":"https://wiki.52poke.com/zh-hans/特性列表"}
{"level":"info","timestamp":"2024-05-28T10:48:41.119+0800","msg":"start call parse func","URL":"https://wiki.52poke.com/zh-hans/特性列表"}
{"level":"info","timestamp":"2024-05-28T10:48:41.140+0800","msg":"parse req done","URL":"https://wiki.52poke.com/zh-hans/特性列表"}
{"level":"info","timestamp":"2024-05-28T10:48:41.140+0800","msg":"crawler","got item":{"Index":2,"NameZh":"降雨","NameJa":"あめふらし","NameEn":"Drizzle","Description":"出场时，会将天气变为下雨。","CommonCnt":2,"HiddenCnt":1,"Generation":3}}
{"level":"info","timestamp":"2024-05-28T10:48:41.141+0800","msg":"crawler","got item":{"Index":3,"NameZh":"加速","NameJa":"かそく","NameEn":"Speed Boost","Description":"每一回合速度会变快。","CommonCnt":4,"HiddenCnt":10,"Generation":3}}
{"level":"info","timestamp":"2024-05-28T10:48:41.141+0800","msg":"crawler","got item":{"Index":4,"NameZh":"战斗盔甲","NameJa":"カブトアーマー","NameEn":"Battle Armor","Description":"被坚硬的甲壳守护着，不会被对手的攻击击中要害。","CommonCnt":9,"HiddenCnt":2,"Generation":3}}
{"level":"info","timestamp":"2024-05-28T10:48:41.141+0800","msg":"crawler","got item":{"Index":5,"NameZh":"结实","NameJa":"がんじょう","NameEn":"Sturdy","Description":"在ＨＰ全满时，即使受到招式攻击，也不会被一击打倒。一击必杀的招式也没有效果。","CommonCnt":39,"HiddenCnt":8,"Generation":3}}
{"level":"info","timestamp":"2024-05-28T10:48:41.141+0800","msg":"crawler","got item":{"Index":6,"NameZh":"湿气","NameJa":"しめりけ","NameEn":"Damp","Description":"通过把周围都弄湿，使谁都无法使用自爆等爆炸类的招式。","CommonCnt":8,"HiddenCnt":12,"Generation":3}}
{"level":"info","timestamp":"2024-05-28T10:48:41.141+0800","msg":"crawler","got item":{"Index":7,"NameZh":"柔软","NameJa":"じゅうなん","NameEn":"Limber","Description":"因为身体柔软，不会变为麻痹状态。","CommonCnt":12,"HiddenCnt":2,"Generation":3}}
{"level":"info","timestamp":"2024-05-28T10:48:41.141+0800","msg":"crawler","got item":{"Index":8,"NameZh":"沙隐","NameJa":"すながくれ","NameEn":"Sand Veil","Description":"在沙暴的时候，闪避率会提高。","CommonCnt":15,"HiddenCnt":14,"Generation":3}}
{"level":"info","timestamp":"2024-05-28T10:48:41.141+0800","msg":"crawler","got item":{"Index":9,"NameZh":"静电","NameJa":"せいでんき","NameEn":"Static","Description":"身上带有静电，有时会让接触到的对手麻痹。","CommonCnt":19,"HiddenCnt":1,"Generation":3}}
{"level":"info","timestamp":"2024-05-28T10:48:41.141+0800","msg":"crawler","got item":{"Index":10,"NameZh":"蓄电","NameJa":"ちくでん","NameEn":"Volt Absorb","Description":"受到电属性的招式攻击时，不会受到伤害，而是会回复。","CommonCnt":11,"HiddenCnt":2,"Generation":3}}
{"level":"info","timestamp":"2024-05-28T10:48:41.141+0800","msg":"crawler","got item":{"Index":11,"NameZh":"储水","NameJa":"ちょすい","NameEn":"Water Absorb","Description":"受到水属性的招式攻击时，不会受到伤害，而是会回复。","CommonCnt":19,"HiddenCnt":9,"Generation":3}}
{"level":"info","timestamp":"2024-05-28T10:48:41.141+0800","msg":"crawler","got item":{"Index":12,"NameZh":"迟钝","NameJa":"どんかん","NameEn":"Oblivious","Description":"因为感觉迟钝，不会变为着迷和被挑衅状态。对威吓也毫不动摇。","CommonCnt":20,"HiddenCnt":5,"Generation":3}}
{"level":"info","timestamp":"2024-05-28T10:48:41.141+0800","msg":"crawler","got item":{"Index":13,"NameZh":"无关天气","NameJa":"ノーてんき","NameEn":"Cloud Nine","Description":"任何天气的影响都会消失。","CommonCnt":2,"HiddenCnt":5,"Generation":3}}
{"level":"info","timestamp":"2024-05-28T10:48:41.141+0800","msg":"crawler","got item":{"Index":14,"NameZh":"复眼","NameJa":"ふくがん","NameEn":"Compound Eyes","Description":"因为拥有复眼，招式的命中率会提高。","CommonCnt":11,"HiddenCnt":1,"Generation":3}}
{"level":"info","timestamp":"2024-05-28T10:48:41.141+0800","msg":"crawler","got item":{"Index":15,"NameZh":"不眠","NameJa":"ふみん","NameEn":"Insomnia","Description":"因为有着睡不着的体质，所以不会陷入睡眠状态。","CommonCnt":15,"HiddenCnt":3,"Generation":3}}
{"level":"info","timestamp":"2024-05-28T10:48:41.141+0800","msg":"crawler","got item":{"Index":16,"NameZh":"变色","NameJa":"へんしょく","NameEn":"Color Change","Description":"自己的属性会变为从对手处所受招式的属性。","CommonCnt":1,"HiddenCnt":0,"Generation":3}}
{"level":"info","timestamp":"2024-05-28T10:48:41.141+0800","msg":"crawler","got item":{"Index":17,"NameZh":"免疫","NameJa":"めんえき","NameEn":"Immunity","Description":"因为体内拥有免疫能力，不会变为中毒状态。","CommonCnt":2,"HiddenCnt":1,"Generation":3}}
{"level":"info","timestamp":"2024-05-28T10:48:41.141+0800","msg":"crawler","got item":{"Index":18,"NameZh":"引火","NameJa":"もらいび","NameEn":"Flash Fire","Description":"受到火属性的招式攻击时，吸收火焰，自己使出的火属性招式会变强。","CommonCnt":21,"HiddenCnt":6,"Generation":3}}
{"level":"info","timestamp":"2024-05-28T10:48:41.141+0800","msg":"crawler","got item":{"Index":19,"NameZh":"鳞粉","NameJa":"りんぷん","NameEn":"Shield Dust","Description":"被鳞粉守护着，不会受到招式的追加效果影响。","CommonCnt":11,"HiddenCnt":0,"Generation":3}}
{"level":"info","timestamp":"2024-05-28T10:48:41.141+0800","msg":"crawler","got item":{"Index":20,"NameZh":"我行我素","NameJa":"マイペース","NameEn":"Own Tempo","Description":"因为我行我素，不会变为混乱状态。对威吓也毫不动摇。","CommonCnt":27,"HiddenCnt":6,"Generation":3}}
{"level":"info","timestamp":"2024-05-28T10:48:41.141+0800","msg":"crawler","got item":{"Index":21,"NameZh":"吸盘","NameJa":"きゅうばん","NameEn":"Suction Cups","Description":"用吸盘牢牢贴在地面上，让替换宝可梦的招式和道具无效。","CommonCnt":5,"HiddenCnt":0,"Generation":3}}
{"level":"info","timestamp":"2024-05-28T10:48:41.141+0800","msg":"crawler","got item":{"Index":22,"NameZh":"威吓","NameJa":"いかく","NameEn":"Intimidate","Description":"出场时威吓对手，让其退缩，降低对手的攻击。","CommonCnt":34,"HiddenCnt":7,"Generation":3}}
{"level":"info","timestamp":"2024-05-28T10:48:41.141+0800","msg":"crawler","got item":{"Index":23,"NameZh":"踩影","NameJa":"かげふみ","NameEn":"Shadow Tag","Description":"踩住对手的影子使其无法逃走或替换。","CommonCnt":3,"HiddenCnt":3,"Generation":3}}
{"level":"info","timestamp":"2024-05-28T10:48:41.141+0800","msg":"crawler","got item":{"Index":24,"NameZh":"粗糙皮肤","NameJa":"さめはだ","NameEn":"Rough Skin","Description":"受到攻击时，用粗糙的皮肤弄伤接触到自己的对手。","CommonCnt":3,"HiddenCnt":3,"Generation":3}}
{"level":"info","timestamp":"2024-05-28T10:48:41.141+0800","msg":"crawler","got item":{"Index":25,"NameZh":"神奇守护","NameJa":"ふしぎなまもり","NameEn":"Wonder Guard","Description":"不可思议的力量，只有效果绝佳的招式才能击中。","CommonCnt":1,"HiddenCnt":0,"Generation":3}}
{"level":"info","timestamp":"2024-05-28T10:48:41.141+0800","msg":"crawler","got item":{"Index":26,"NameZh":"飘浮","NameJa":"ふゆう","NameEn":"Levitate","Description":"从地面浮起，从而不会受到地面属性招式的攻击。","CommonCnt":34,"HiddenCnt":0,"Generation":3}}
{"level":"info","timestamp":"2024-05-28T10:48:41.141+0800","msg":"crawler","got item":{"Index":27,"NameZh":"孢子","NameJa":"ほうし","NameEn":"Effect Spore","Description":"受到攻击时，有时会把接触到自己的对手变为中毒、麻痹或睡眠状态。","CommonCnt":8,"HiddenCnt":3,"Generation":3}}
{"level":"info","timestamp":"2024-05-28T10:48:41.142+0800","msg":"crawler","got item":{"Index":28,"NameZh":"同步","NameJa":"シンクロ","NameEn":"Synchronize","Description":"将自己的中毒、麻痹或灼伤状态传染给对手。","CommonCnt":18,"HiddenCnt":0,"Generation":3}}
{"level":"info","timestamp":"2024-05-28T10:48:41.142+0800","msg":"crawler","got item":{"Index":29,"NameZh":"恒净之躯","NameJa":"クリアボディ","NameEn":"Clear Body","Description":"不会因为对手的招式或特性而被降低能力。","CommonCnt":13,"HiddenCnt":6,"Generation":3}}
{"level":"info","timestamp":"2024-05-28T10:48:41.142+0800","msg":"crawler","got item":{"Index":30,"NameZh":"自然回复","NameJa":"しぜんかいふく","NameEn":"Natural Cure","Description":"回到同行队伍后，异常状态就会被治愈。","CommonCnt":18,"HiddenCnt":1,"Generation":3}}
{"level":"info","timestamp":"2024-05-28T10:48:41.142+0800","msg":"crawler","got item":{"Index":31,"NameZh":"避雷针","NameJa":"ひらいしん","NameEn":"Lightning Rod","Description":"将电属性的招式吸引到自己身上，不会受到伤害，而是会提高特攻。","CommonCnt":13,"HiddenCnt":6,"Generation":3}}
{"level":"info","timestamp":"2024-05-28T10:48:41.142+0800","msg":"crawler","got item":{"Index":32,"NameZh":"天恩","NameJa":"てんのめぐみ","NameEn":"Serene Grace","Description":"托天恩的福，招式的追加效果容易出现。","CommonCnt":11,"HiddenCnt":2,"Generation":3}}
{"level":"info","timestamp":"2024-05-28T10:48:41.142+0800","msg":"crawler","got item":{"Index":33,"NameZh":"悠游自如","NameJa":"すいすい","NameEn":"Swift Swim","Description":"下雨天气时，速度会提高。","CommonCnt":33,"HiddenCnt":12,"Generation":3}}
{"level":"info","timestamp":"2024-05-28T10:48:41.142+0800","msg":"crawler","got item":{"Index":34,"NameZh":"叶绿素","NameJa":"ようりょくそ","NameEn":"Chlorophyll","Description":"晴朗天气时，速度会提高。","CommonCnt":32,"HiddenCnt":6,"Generation":3}}
{"level":"info","timestamp":"2024-05-28T10:48:41.142+0800","msg":"crawler","got item":{"Index":35,"NameZh":"发光","NameJa":"はっこう","NameEn":"Illuminate","Description":"通过让周围变亮来保持命中率不会被降低。","CommonCnt":8,"HiddenCnt":0,"Generation":3}}
{"level":"info","timestamp":"2024-05-28T10:48:41.142+0800","msg":"crawler","got item":{"Index":36,"NameZh":"复制","NameJa":"トレース","NameEn":"Trace","Description":"出场时，复制对手的特性，变为与之相同的特性。","CommonCnt":6,"HiddenCnt":0,"Generation":3}}
{"level":"info","timestamp":"2024-05-28T10:48:41.142+0800","msg":"crawler","got item":{"Index":37,"NameZh":"大力士","NameJa":"ちからもち","NameEn":"Huge Power","Description":"物理攻击的威力会变为２倍。","CommonCnt":4,"HiddenCnt":2,"Generation":3}}
{"level":"info","timestamp":"2024-05-28T10:48:41.142+0800","msg":"crawler","got item":{"Index":38,"NameZh":"毒刺","NameJa":"どくのトゲ","NameEn":"Poison Point","Description":"有时会让接触到自己的对手变为中毒状态。","CommonCnt":19,"HiddenCnt":0,"Generation":3}}
{"level":"info","timestamp":"2024-05-28T10:48:41.142+0800","msg":"crawler","got item":{"Index":39,"NameZh":"精神力","NameJa":"せいしんりょく","NameEn":"Inner Focus","Description":"拥有经过锻炼的精神，而不会因对手的攻击而畏缩。对威吓也毫不动摇。","CommonCnt":25,"HiddenCnt":11,"Generation":3}}
{"level":"info","timestamp":"2024-05-28T10:48:41.142+0800","msg":"crawler","got item":{"Index":40,"NameZh":"熔岩铠甲","NameJa":"マグマのよろい","NameEn":"Magma Armor","Description":"将炽热的熔岩覆盖在身上，不会变为冰冻状态。","CommonCnt":3,"HiddenCnt":0,"Generation":3}}
{"level":"info","timestamp":"2024-05-28T10:48:41.142+0800","msg":"crawler","got item":{"Index":41,"NameZh":"水幕","NameJa":"みずのベール","NameEn":"Water Veil","Description":"将水幕裹在身上，不会变为灼伤状态。","CommonCnt":5,"HiddenCnt":8,"Generation":3}}
{"level":"info","timestamp":"2024-05-28T10:48:41.142+0800","msg":"crawler","got item":{"Index":42,"NameZh":"磁力","NameJa":"じりょく","NameEn":"Magnet Pull","Description":"用磁力吸住钢属性的宝可梦，使其无法逃走。","CommonCnt":9,"HiddenCnt":0,"Generation":3}}
{"level":"info","timestamp":"2024-05-28T10:48:41.142+0800","msg":"crawler","got item":{"Index":43,"NameZh":"隔音","NameJa":"ぼうおん","NameEn":"Soundproof","Description":"通过屏蔽声音，不受到声音招式的影响。","CommonCnt":10,"HiddenCnt":5,"Generation":3}}
{"level":"info","timestamp":"2024-05-28T10:48:41.142+0800","msg":"crawler","got item":{"Index":44,"NameZh":"雨盘","NameJa":"あめうけざら","NameEn":"Rain Dish","Description":"下雨天气时，会缓缓回复ＨＰ。","CommonCnt":3,"HiddenCnt":10,"Generation":3}}
{"level":"info","timestamp":"2024-05-28T10:48:41.142+0800","msg":"crawler","got item":{"Index":45,"NameZh":"扬沙","NameJa":"すなおこし","NameEn":"Sand Stream","Description":"出场时，会把天气变为沙暴。","CommonCnt":5,"HiddenCnt":0,"Generation":3}}
{"level":"info","timestamp":"2024-05-28T10:48:41.142+0800","msg":"crawler","got item":{"Index":46,"NameZh":"压迫感","NameJa":"プレッシャー","NameEn":"Pressure","Description":"给予对手压迫感，大量减少其使用招式的ＰＰ。","CommonCnt":24,"HiddenCnt":5,"Generation":3}}
{"level":"info","timestamp":"2024-05-28T10:48:41.142+0800","msg":"crawler","got item":{"Index":47,"NameZh":"厚脂肪","NameJa":"あついしぼう","NameEn":"Thick Fat","Description":"因为被厚厚的脂肪保护着，会让火属性和冰属性的招式伤害减半。","CommonCnt":19,"HiddenCnt":11,"Generation":3}}
{"level":"info","timestamp":"2024-05-28T10:48:41.142+0800","msg":"crawler","got item":{"Index":48,"NameZh":"早起","NameJa":"はやおき","NameEn":"Early Bird","Description":"即使变为睡眠状态，也能以２倍的速度提早醒来。","CommonCnt":14,"HiddenCnt":2,"Generation":3}}
{"level":"info","timestamp":"2024-05-28T10:48:41.142+0800","msg":"crawler","got item":{"Index":49,"NameZh":"火焰之躯","NameJa":"ほのおのからだ","NameEn":"Flame Body","Description":"有时会让接触到自己的对手变为灼伤状态。","CommonCnt":14,"HiddenCnt":7,"Generation":3}}
{"level":"info","timestamp":"2024-05-28T10:48:41.142+0800","msg":"crawler","got item":{"Index":50,"NameZh":"逃跑","NameJa":"にげあし","NameEn":"Run Away","Description":"一定能从野生宝可梦那儿逃走。","CommonCnt":25,"HiddenCnt":8,"Generation":3}}
{"level":"info","timestamp":"2024-05-28T10:48:41.142+0800","msg":"crawler","got item":{"Index":51,"NameZh":"锐利目光","NameJa":"するどいめ","NameEn":"Keen Eye","Description":"多亏了锐利的目光，命中率不会被降低。","CommonCnt":37,"HiddenCnt":5,"Generation":3}}
{"level":"info","timestamp":"2024-05-28T10:48:41.142+0800","msg":"crawler","got item":{"Index":52,"NameZh":"怪力钳","NameJa":"かいりきバサミ","NameEn":"Hyper Cutter","Description":"因为拥有以力量自豪的钳子，不会被对手降低攻击。","CommonCnt":11,"HiddenCnt":0,"Generation":3}}
{"level":"info","timestamp":"2024-05-28T10:48:41.142+0800","msg":"crawler","got item":{"Index":53,"NameZh":"捡拾","NameJa":"ものひろい","NameEn":"Pickup","Description":"有时会捡来对手用过的道具，冒险过程中也会捡到。","CommonCnt":19,"HiddenCnt":2,"Generation":3}}
{"level":"info","timestamp":"2024-05-28T10:48:41.142+0800","msg":"crawler","got item":{"Index":54,"NameZh":"懒惰","NameJa":"なまけ","NameEn":"Truant","Description":"如果使出招式，下一回合就会休息。","CommonCnt":2,"HiddenCnt":1,"Generation":3}}
{"level":"info","timestamp":"2024-05-28T10:48:41.142+0800","msg":"crawler","got item":{"Index":55,"NameZh":"活力","NameJa":"はりきり","NameEn":"Hustle","Description":"自己的攻击变高，但命中率会降低。","CommonCnt":16,"HiddenCnt":9,"Generation":3}}
{"level":"info","timestamp":"2024-05-28T10:48:41.142+0800","msg":"crawler","got item":{"Index":56,"NameZh":"迷人之躯","NameJa":"メロメロボディ","NameEn":"Cute Charm","Description":"有时会让接触到自己的对手着迷。","CommonCnt":13,"HiddenCnt":2,"Generation":3}}
{"level":"info","timestamp":"2024-05-28T10:48:41.142+0800","msg":"crawler","got item":{"Index":57,"NameZh":"正电","NameJa":"プラス","NameEn":"Plus","Description":"出场的伙伴之间如果有正电或负电特性的宝可梦，自己的特攻会提高。","CommonCnt":5,"HiddenCnt":4,"Generation":3}}
{"level":"info","timestamp":"2024-05-28T10:48:41.142+0800","msg":"crawler","got item":{"Index":58,"NameZh":"负电","NameJa":"マイナス","NameEn":"Minus","Description":"出场的伙伴之间如果有正电或负电特性的宝可梦，自己的特攻会提高。","CommonCnt":5,"HiddenCnt":2,"Generation":3}}
{"level":"info","timestamp":"2024-05-28T10:48:41.142+0800","msg":"crawler","got item":{"Index":59,"NameZh":"阴晴不定","NameJa":"てんきや","NameEn":"Forecast","Description":"受天气的影响，会变为水属性、火属性或冰属性中的某一个。","CommonCnt":1,"HiddenCnt":0,"Generation":3}}
{"level":"info","timestamp":"2024-05-28T10:48:41.143+0800","msg":"crawler","got item":{"Index":60,"NameZh":"黏着","NameJa":"ねんちゃく","NameEn":"Sticky Hold","Description":"因为道具是粘在黏性身体上的，所以不会被对手夺走。","CommonCnt":8,"HiddenCnt":2,"Generation":3}}
{"level":"info","timestamp":"2024-05-28T10:48:41.143+0800","msg":"crawler","got item":{"Index":61,"NameZh":"蜕皮","NameJa":"だっぴ","NameEn":"Shed Skin","Description":"通过蜕去身上的皮，有时会治愈异常状态。","CommonCnt":19,"HiddenCnt":1,"Generation":3}}
{"level":"info","timestamp":"2024-05-28T10:48:41.143+0800","msg":"crawler","got item":{"Index":62,"NameZh":"毅力","NameJa":"こんじょう","NameEn":"Guts","Description":"如果变为异常状态，会拿出毅力，攻击会提高。","CommonCnt":19,"HiddenCnt":5,"Generation":3}}
{"level":"info","timestamp":"2024-05-28T10:48:41.143+0800","msg":"crawler","got item":{"Index":63,"NameZh":"神奇鳞片","NameJa":"ふしぎなうろこ","NameEn":"Marvel Scale","Description":"如果变为异常状态，神奇鳞片会发生反应，防御会提高。","CommonCnt":1,"HiddenCnt":2,"Generation":3}}
{"level":"info","timestamp":"2024-05-28T10:48:41.143+0800","msg":"crawler","got item":{"Index":64,"NameZh":"污泥浆","NameJa":"ヘドロえき","NameEn":"Liquid Ooze","Description":"吸收了污泥浆的对手会因强烈的恶臭而受到伤害，减少ＨＰ。","CommonCnt":4,"HiddenCnt":0,"Generation":3}}
{"level":"info","timestamp":"2024-05-28T10:48:41.143+0800","msg":"crawler","got item":{"Index":65,"NameZh":"茂盛","NameJa":"しんりょく","NameEn":"Overgrow","Description":"ＨＰ减少的时候，草属性的招式威力会提高。","CommonCnt":28,"HiddenCnt":2,"Generation":3}}
{"level":"info","timestamp":"2024-05-28T10:48:41.143+0800","msg":"crawler","got item":{"Index":66,"NameZh":"猛火","NameJa":"もうか","NameEn":"Blaze","Description":"ＨＰ减少的时候，火属性的招式威力会提高。","CommonCnt":28,"HiddenCnt":2,"Generation":3}}
{"level":"info","timestamp":"2024-05-28T10:48:41.143+0800","msg":"crawler","got item":{"Index":67,"NameZh":"激流","NameJa":"げきりゅう","NameEn":"Torrent","Description":"ＨＰ减少的时候，水属性的招式威力会提高。","CommonCnt":28,"HiddenCnt":2,"Generation":3}}
{"level":"info","timestamp":"2024-05-28T10:48:41.143+0800","msg":"crawler","got item":{"Index":68,"NameZh":"虫之预感","NameJa":"むしのしらせ","NameEn":"Swarm","Description":"ＨＰ减少的时候，虫属性的招式威力会提高。","CommonCnt":27,"HiddenCnt":4,"Generation":3}}
{"level":"info","timestamp":"2024-05-28T10:48:41.143+0800","msg":"crawler","got item":{"Index":69,"NameZh":"坚硬脑袋","NameJa":"いしあたま","NameEn":"Rock Head","Description":"即使使出会受反作用力伤害的招式，ＨＰ也不会减少。","CommonCnt":19,"HiddenCnt":4,"Generation":3}}
{"level":"info","timestamp":"2024-05-28T10:48:41.143+0800","msg":"crawler","got item":{"Index":70,"NameZh":"日照","NameJa":"ひでり","NameEn":"Drought","Description":"出场时，会将天气变为晴朗。","CommonCnt":3,"HiddenCnt":2,"Generation":3}}
{"level":"info","timestamp":"2024-05-28T10:48:41.143+0800","msg":"crawler","got item":{"Index":71,"NameZh":"沙穴","NameJa":"ありじごく","NameEn":"Arena Trap","Description":"在战斗中让对手无法逃走。","CommonCnt":3,"HiddenCnt":0,"Generation":3}}
{"level":"info","timestamp":"2024-05-28T10:48:41.143+0800","msg":"crawler","got item":{"Index":72,"NameZh":"干劲","NameJa":"やるき","NameEn":"Vital Spirit","Description":"通过激发出干劲，不会变为睡眠状态。","CommonCnt":9,"HiddenCnt":7,"Generation":3}}
{"level":"info","timestamp":"2024-05-28T10:48:41.143+0800","msg":"crawler","got item":{"Index":73,"NameZh":"白色烟雾","NameJa":"しろいけむり","NameEn":"White Smoke","Description":"被白色烟雾保护着，不会被对手降低能力。","CommonCnt":3,"HiddenCnt":1,"Generation":3}}
{"level":"info","timestamp":"2024-05-28T10:48:41.143+0800","msg":"crawler","got item":{"Index":74,"NameZh":"瑜伽之力","NameJa":"ヨガパワー","NameEn":"Pure Power","Description":"因瑜伽的力量，物理攻击的威力会变为２倍。","CommonCnt":3,"HiddenCnt":0,"Generation":3}}
{"level":"info","timestamp":"2024-05-28T10:48:41.143+0800","msg":"crawler","got item":{"Index":75,"NameZh":"硬壳盔甲","NameJa":"シェルアーマー","NameEn":"Shell Armor","Description":"被坚硬的壳保护着，对手的攻击不会击中要害。","CommonCnt":21,"HiddenCnt":7,"Generation":3}}
{"level":"info","timestamp":"2024-05-28T10:48:41.143+0800","msg":"crawler","got item":{"Index":78,"NameZh":"电气引擎","NameJa":"でんきエンジン","NameEn":"Motor Drive","Description":"受到电属性的招式攻击时，不会受到伤害，而是速度会提高。","CommonCnt":3,"HiddenCnt":1,"Generation":4}}
{"level":"info","timestamp":"2024-05-28T10:48:41.143+0800","msg":"crawler","got item":{"Index":79,"NameZh":"斗争心","NameJa":"とうそうしん","NameEn":"Rivalry","Description":"面对性别相同的对手，会燃起斗争心，变得更强。而面对性别不同的，则会变弱。","CommonCnt":14,"HiddenCnt":4,"Generation":4}}
{"level":"info","timestamp":"2024-05-28T10:48:41.143+0800","msg":"crawler","got item":{"Index":80,"NameZh":"不屈之心","NameJa":"ふくつのこころ","NameEn":"Steadfast","Description":"每次畏缩时，不屈之心就会燃起，速度也会提高。","CommonCnt":8,"HiddenCnt":7,"Generation":4}}
{"level":"info","timestamp":"2024-05-28T10:48:41.143+0800","msg":"crawler","got item":{"Index":81,"NameZh":"雪隐","NameJa":"ゆきがくれ","NameEn":"Snow Cloak","Description":"下雪天气时，闪避率会提高。","CommonCnt":14,"HiddenCnt":1,"Generation":4}}
{"level":"info","timestamp":"2024-05-28T10:48:41.143+0800","msg":"crawler","got item":{"Index":82,"NameZh":"贪吃鬼","NameJa":"くいしんぼう","NameEn":"Gluttony","Description":"原本ＨＰ变得很少时才会吃树果，在ＨＰ还有一半时就会把它吃掉。","CommonCnt":22,"HiddenCnt":11,"Generation":4}}
{"level":"info","timestamp":"2024-05-28T10:48:41.143+0800","msg":"crawler","got item":{"Index":83,"NameZh":"愤怒穴位","NameJa":"いかりのつぼ","NameEn":"Anger Point","Description":"要害被击中时，会大发雷霆，攻击力变为最大。","CommonCnt":4,"HiddenCnt":6,"Generation":4}}
{"level":"info","timestamp":"2024-05-28T10:48:41.143+0800","msg":"crawler","got item":{"Index":84,"NameZh":"轻装","NameJa":"かるわざ","NameEn":"Unburden","Description":"失去所持有的道具时，速度会提高。","CommonCnt":10,"HiddenCnt":7,"Generation":4}}
{"level":"info","timestamp":"2024-05-28T10:48:41.143+0800","msg":"crawler","got item":{"Index":85,"NameZh":"耐热","NameJa":"たいねつ","NameEn":"Heatproof","Description":"耐热的体质会让火属性的招式伤害减半。","CommonCnt":3,"HiddenCnt":2,"Generation":4}}
{"level":"info","timestamp":"2024-05-28T10:48:41.143+0800","msg":"crawler","got item":{"Index":86,"NameZh":"单纯","NameJa":"たんじゅん","NameEn":"Simple","Description":"能力变化会变为平时的２倍。","CommonCnt":3,"HiddenCnt":2,"Generation":4}}
{"level":"info","timestamp":"2024-05-28T10:48:41.143+0800","msg":"crawler","got item":{"Index":87,"NameZh":"干燥皮肤","NameJa":"かんそうはだ","NameEn":"Dry Skin","Description":"下雨天气时和受到水属性的招式时，ＨＰ会回复。晴朗天气时和受到火属性的招式时，ＨＰ会减少。","CommonCnt":6,"HiddenCnt":1,"Generation":4}}
{"level":"info","timestamp":"2024-05-28T10:48:41.143+0800","msg":"crawler","got item":{"Index":88,"NameZh":"下载","NameJa":"ダウンロード","NameEn":"Download","Description":"比较对手的防御和特防，根据较低的那项能力相应地提高自己的攻击或特攻。","CommonCnt":4,"HiddenCnt":0,"Generation":4}}
{"level":"info","timestamp":"2024-05-28T10:48:41.143+0800","msg":"crawler","got item":{"Index":89,"NameZh":"铁拳","NameJa":"てつのこぶし","NameEn":"Iron Fist","Description":"使用拳类招式的威力会提高。","CommonCnt":8,"HiddenCnt":10,"Generation":4}}
{"level":"info","timestamp":"2024-05-28T10:48:41.143+0800","msg":"crawler","got item":{"Index":90,"NameZh":"毒疗","NameJa":"ポイズンヒール","NameEn":"Poison Heal","Description":"变为中毒状态时，ＨＰ不会减少，反而会增加起来。","CommonCnt":2,"HiddenCnt":1,"Generation":4}}
{"level":"info","timestamp":"2024-05-28T10:48:41.143+0800","msg":"crawler","got item":{"Index":91,"NameZh":"适应力","NameJa":"てきおうりょく","NameEn":"Adaptability","Description":"与自身同属性的招式威力会提高。","CommonCnt":8,"HiddenCnt":7,"Generation":4}}
{"level":"info","timestamp":"2024-05-28T10:48:41.143+0800","msg":"crawler","got item":{"Index":92,"NameZh":"连续攻击","NameJa":"スキルリンク","NameEn":"Skill Link","Description":"如果使用连续招式，总是能使出最高次数。","CommonCnt":6,"HiddenCnt":4,"Generation":4}}
{"level":"info","timestamp":"2024-05-28T10:48:41.143+0800","msg":"crawler","got item":{"Index":93,"NameZh":"湿润之躯","NameJa":"うるおいボディ","NameEn":"Hydration","Description":"下雨天气时，异常状态会治愈。","CommonCnt":13,"HiddenCnt":9,"Generation":4}}
{"level":"info","timestamp":"2024-05-28T10:48:41.143+0800","msg":"crawler","got item":{"Index":94,"NameZh":"太阳之力","NameJa":"サンパワー","NameEn":"Solar Power","Description":"晴朗天气时，特攻会提高，而每回合ＨＰ会减少。","CommonCnt":4,"HiddenCnt":5,"Generation":4}}
{"level":"info","timestamp":"2024-05-28T10:48:41.143+0800","msg":"crawler","got item":{"Index":95,"NameZh":"飞毛腿","NameJa":"はやあし","NameEn":"Quick Feet","Description":"变为异常状态时，速度会提高。","CommonCnt":5,"HiddenCnt":4,"Generation":4}}
{"level":"info","timestamp":"2024-05-28T10:48:41.144+0800","msg":"crawler","got item":{"Index":96,"NameZh":"一般皮肤","NameJa":"ノーマルスキン","NameEn":"Normalize","Description":"无论是什么属性的招式，全部会变为一般属性。威力会少量提高。","CommonCnt":2,"HiddenCnt":0,"Generation":4}}
{"level":"info","timestamp":"2024-05-28T10:48:41.144+0800","msg":"crawler","got item":{"Index":97,"NameZh":"狙击手","NameJa":"スナイパー","NameEn":"Sniper","Description":"击中要害时，威力会变得更强。","CommonCnt":9,"HiddenCnt":8,"Generation":4}}
{"level":"info","timestamp":"2024-05-28T10:48:41.144+0800","msg":"crawler","got item":{"Index":98,"NameZh":"魔法防守","NameJa":"マジックガード","NameEn":"Magic Guard","Description":"不会受到攻击以外的伤害。","CommonCnt":7,"HiddenCnt":3,"Generation":4}}
{"level":"info","timestamp":"2024-05-28T10:48:41.144+0800","msg":"crawler","got item":{"Index":99,"NameZh":"无防守","NameJa":"ノーガード","NameEn":"No Guard","Description":"由于无防守战术，双方使出的招式都必定会击中。","CommonCnt":6,"HiddenCnt":5,"Generation":4}}
{"level":"info","timestamp":"2024-05-28T10:48:41.144+0800","msg":"crawler","got item":{"Index":100,"NameZh":"慢出","NameJa":"あとだし","NameEn":"Stall","Description":"使出招式的顺序必定会变为最后。","CommonCnt":1,"HiddenCnt":0,"Generation":4}}
{"level":"info","timestamp":"2024-05-28T10:48:41.144+0800","msg":"crawler","got item":{"Index":101,"NameZh":"技术高手","NameJa":"テクニシャン","NameEn":"Technician","Description":"攻击时可以将低威力招式的威力提高。","CommonCnt":13,"HiddenCnt":11,"Generation":4}}
{"level":"info","timestamp":"2024-05-28T10:48:41.144+0800","msg":"crawler","got item":{"Index":102,"NameZh":"叶子防守","NameJa":"リーフガード","NameEn":"Leaf Guard","Description":"晴朗天气时，不会变为异常状态。","CommonCnt":13,"HiddenCnt":8,"Generation":4}}
{"level":"info","timestamp":"2024-05-28T10:48:41.144+0800","msg":"crawler","got item":{"Index":103,"NameZh":"笨拙","NameJa":"ぶきよう","NameEn":"Klutz","Description":"无法使用持有的道具。","CommonCnt":8,"HiddenCnt":4,"Generation":4}}
{"level":"info","timestamp":"2024-05-28T10:48:41.144+0800","msg":"crawler","got item":{"Index":104,"NameZh":"破格","NameJa":"かたやぶり","NameEn":"Mold Breaker","Description":"可以不受对手特性的干扰，向对手使出招式。","CommonCnt":15,"HiddenCnt":10,"Generation":4}}
{"level":"info","timestamp":"2024-05-28T10:48:41.144+0800","msg":"crawler","got item":{"Index":105,"NameZh":"超幸运","NameJa":"きょううん","NameEn":"Super Luck","Description":"因为拥有超幸运，攻击容易击中对手的要害。","CommonCnt":6,"HiddenCnt":3,"Generation":4}}
{"level":"info","timestamp":"2024-05-28T10:48:41.144+0800","msg":"crawler","got item":{"Index":106,"NameZh":"引爆","NameJa":"ゆうばく","NameEn":"Aftermath","Description":"变为濒死时，会对接触到自己的对手造成伤害。","CommonCnt":4,"HiddenCnt":4,"Generation":4}}
{"level":"info","timestamp":"2024-05-28T10:48:41.144+0800","msg":"crawler","got item":{"Index":107,"NameZh":"危险预知","NameJa":"きけんよち","NameEn":"Anticipation","Description":"可以察觉到对手拥有的危险招式。","CommonCnt":9,"HiddenCnt":4,"Generation":4}}
{"level":"info","timestamp":"2024-05-28T10:48:41.144+0800","msg":"crawler","got item":{"Index":108,"NameZh":"预知梦","NameJa":"よちむ","NameEn":"Forewarn","Description":"出场时，只读取１个对手拥有的招式。","CommonCnt":6,"HiddenCnt":0,"Generation":4}}
{"level":"info","timestamp":"2024-05-28T10:48:41.144+0800","msg":"crawler","got item":{"Index":109,"NameZh":"纯朴","NameJa":"てんねん","NameEn":"Unaware","Description":"可以无视对手能力的变化，进行攻击。","CommonCnt":6,"HiddenCnt":9,"Generation":4}}
{"level":"info","timestamp":"2024-05-28T10:48:41.144+0800","msg":"crawler","got item":{"Index":110,"NameZh":"有色眼镜","NameJa":"いろめがね","NameEn":"Tinted Lens","Description":"可以将效果不好的招式以通常的威力使出。","CommonCnt":4,"HiddenCnt":8,"Generation":4}}
{"level":"info","timestamp":"2024-05-28T10:48:41.144+0800","msg":"crawler","got item":{"Index":111,"NameZh":"过滤","NameJa":"フィルター","NameEn":"Filter","Description":"受到效果绝佳的攻击时，可以减弱其威力。","CommonCnt":3,"HiddenCnt":1,"Generation":4}}
{"level":"info","timestamp":"2024-05-28T10:48:41.144+0800","msg":"crawler","got item":{"Index":112,"NameZh":"慢启动","NameJa":"スロースタート","NameEn":"Slow Start","Description":"在５回合内，攻击和速度减半。","CommonCnt":1,"HiddenCnt":1,"Generation":4}}
{"level":"info","timestamp":"2024-05-28T10:48:41.144+0800","msg":"crawler","got item":{"Index":113,"NameZh":"胆量","NameJa":"きもったま","NameEn":"Scrappy","Description":"一般属性和格斗属性的招式可以击中幽灵属性的宝可梦。对威吓也毫不动摇。","CommonCnt":4,"HiddenCnt":11,"Generation":4}}
{"level":"info","timestamp":"2024-05-28T10:48:41.144+0800","msg":"crawler","got item":{"Index":114,"NameZh":"引水","NameJa":"よびみず","NameEn":"Storm Drain","Description":"将水属性的招式引到自己身上，不会受到伤害，而是会提高特攻。","CommonCnt":4,"HiddenCnt":4,"Generation":4}}
{"level":"info","timestamp":"2024-05-28T10:48:41.144+0800","msg":"crawler","got item":{"Index":115,"NameZh":"冰冻之躯","NameJa":"アイスボディ","NameEn":"Ice Body","Description":"下雪天气时，会缓缓回复ＨＰ。","CommonCnt":12,"HiddenCnt":9,"Generation":4}}
{"level":"info","timestamp":"2024-05-28T10:48:41.144+0800","msg":"crawler","got item":{"Index":116,"NameZh":"坚硬岩石","NameJa":"ハードロック","NameEn":"Solid Rock","Description":"受到效果绝佳的攻击时，可以减弱其威力。","CommonCnt":4,"HiddenCnt":0,"Generation":4}}
{"level":"info","timestamp":"2024-05-28T10:48:41.144+0800","msg":"crawler","got item":{"Index":117,"NameZh":"降雪","NameJa":"ゆきふらし","NameEn":"Snow Warning","Description":"出场时，会将天气变为下雪。","CommonCnt":4,"HiddenCnt":4,"Generation":4}}
{"level":"info","timestamp":"2024-05-28T10:48:41.144+0800","msg":"crawler","got item":{"Index":118,"NameZh":"采蜜","NameJa":"みつあつめ","NameEn":"Honey Gather","Description":"战斗结束时，有时候会捡来甜甜蜜。","CommonCnt":3,"HiddenCnt":1,"Generation":4}}
{"level":"info","timestamp":"2024-05-28T10:48:41.144+0800","msg":"crawler","got item":{"Index":119,"NameZh":"察觉","NameJa":"おみとおし","NameEn":"Frisk","Description":"出场时，可以察觉对手的持有物。","CommonCnt":20,"HiddenCnt":10,"Generation":4}}
{"level":"info","timestamp":"2024-05-28T10:48:41.144+0800","msg":"crawler","got item":{"Index":120,"NameZh":"舍身","NameJa":"すてみ","NameEn":"Reckless","Description":"自己会因反作用力受伤的招式，其威力会提高。","CommonCnt":4,"HiddenCnt":9,"Generation":4}}
{"level":"info","timestamp":"2024-05-28T10:48:41.144+0800","msg":"crawler","got item":{"Index":121,"NameZh":"多属性","NameJa":"マルチタイプ","NameEn":"Multitype","Description":"自己的属性会根据持有的石板而改变。","CommonCnt":1,"HiddenCnt":0,"Generation":4}}
{"level":"info","timestamp":"2024-05-28T10:48:41.144+0800","msg":"crawler","got item":{"Index":122,"NameZh":"花之礼","NameJa":"フラワーギフト","NameEn":"Flower Gift","Description":"晴朗天气时，自己与同伴的攻击和特防能力会提高。","CommonCnt":1,"HiddenCnt":0,"Generation":4}}
{"level":"info","timestamp":"2024-05-28T10:48:41.144+0800","msg":"crawler","got item":{"Index":123,"NameZh":"梦魇","NameJa":"ナイトメア","NameEn":"Bad Dreams","Description":"给予睡眠状态的对手伤害。","CommonCnt":1,"HiddenCnt":0,"Generation":4}}
{"level":"info","timestamp":"2024-05-28T10:48:41.144+0800","msg":"crawler","got item":{"Index":125,"NameZh":"强行","NameJa":"ちからずく","NameEn":"Sheer Force","Description":"招式的追加效果消失，但因此能以更高的威力使出招式。","CommonCnt":12,"HiddenCnt":21,"Generation":5}}
{"level":"info","timestamp":"2024-05-28T10:48:41.144+0800","msg":"crawler","got item":{"Index":126,"NameZh":"唱反调","NameJa":"あまのじゃく","NameEn":"Contrary","Description":"能力的变化发生逆转，原本提高时会降低，而原本降低时会提高。","CommonCnt":2,"HiddenCnt":8,"Generation":5}}
{"level":"info","timestamp":"2024-05-28T10:48:41.144+0800","msg":"crawler","got item":{"Index":127,"NameZh":"紧张感","NameJa":"きんちょうかん","NameEn":"Unnerve","Description":"让对手紧张，使其无法食用树果。","CommonCnt":8,"HiddenCnt":18,"Generation":5}}
{"level":"info","timestamp":"2024-05-28T10:48:41.144+0800","msg":"crawler","got item":{"Index":128,"NameZh":"不服输","NameJa":"まけんき","NameEn":"Defiant","Description":"被对手降低能力时，攻击会大幅提高。","CommonCnt":5,"HiddenCnt":11,"Generation":5}}
{"level":"info","timestamp":"2024-05-28T10:48:41.144+0800","msg":"crawler","got item":{"Index":129,"NameZh":"软弱","NameJa":"よわき","NameEn":"Defeatist","Description":"ＨＰ减半时，会变得软弱，攻击和特攻会减半。","CommonCnt":2,"HiddenCnt":0,"Generation":5}}
{"level":"info","timestamp":"2024-05-28T10:48:41.145+0800","msg":"crawler","got item":{"Index":130,"NameZh":"咒术之躯","NameJa":"のろわれボディ","NameEn":"Cursed Body","Description":"受到攻击时，有时会把对手的招式变为定身法状态。","CommonCnt":4,"HiddenCnt":9,"Generation":5}}
{"level":"info","timestamp":"2024-05-28T10:48:41.145+0800","msg":"crawler","got item":{"Index":131,"NameZh":"治愈之心","NameJa":"いやしのこころ","NameEn":"Healer","Description":"有时会治愈异常状态的同伴。","CommonCnt":8,"HiddenCnt":3,"Generation":5}}
{"level":"info","timestamp":"2024-05-28T10:48:41.145+0800","msg":"crawler","got item":{"Index":132,"NameZh":"友情防守","NameJa":"フレンドガード","NameEn":"Friend Guard","Description":"可以减少我方的伤害。","CommonCnt":1,"HiddenCnt":8,"Generation":5}}
{"level":"info","timestamp":"2024-05-28T10:48:41.145+0800","msg":"crawler","got item":{"Index":133,"NameZh":"碎裂铠甲","NameJa":"くだけるよろい","NameEn":"Weak Armor","Description":"受到物理招式的伤害时，防御会降低，速度会大幅提高。","CommonCnt":7,"HiddenCnt":17,"Generation":5}}
{"level":"info","timestamp":"2024-05-28T10:48:41.145+0800","msg":"crawler","got item":{"Index":134,"NameZh":"重金属","NameJa":"ヘヴィメタル","NameEn":"Heavy Metal","Description":"自身的重量会变为２倍。","CommonCnt":1,"HiddenCnt":7,"Generation":5}}
{"level":"info","timestamp":"2024-05-28T10:48:41.145+0800","msg":"crawler","got item":{"Index":135,"NameZh":"轻金属","NameJa":"ライトメタル","NameEn":"Light Metal","Description":"自身的重量会减半。","CommonCnt":1,"HiddenCnt":5,"Generation":5}}
{"level":"info","timestamp":"2024-05-28T10:48:41.145+0800","msg":"crawler","got item":{"Index":136,"NameZh":"多重鳞片","NameJa":"マルチスケイル","NameEn":"Multiscale","Description":"ＨＰ全满时，受到的伤害会变少。","CommonCnt":0,"HiddenCnt":2,"Generation":5}}
{"level":"info","timestamp":"2024-05-28T10:48:41.145+0800","msg":"crawler","got item":{"Index":137,"NameZh":"中毒激升","NameJa":"どくぼうそう","NameEn":"Toxic Boost","Description":"变为中毒状态时，物理招式的威力会提高。","CommonCnt":0,"HiddenCnt":1,"Generation":5}}
{"level":"info","timestamp":"2024-05-28T10:48:41.145+0800","msg":"crawler","got item":{"Index":138,"NameZh":"受热激升","NameJa":"ねつぼうそう","NameEn":"Flare Boost","Description":"变为灼伤状态时，特殊招式的威力会提高。","CommonCnt":0,"HiddenCnt":2,"Generation":5}}
{"level":"info","timestamp":"2024-05-28T10:48:41.145+0800","msg":"crawler","got item":{"Index":139,"NameZh":"收获","NameJa":"しゅうかく","NameEn":"Harvest","Description":"可以多次制作出已被使用掉的树果。","CommonCnt":0,"HiddenCnt":9,"Generation":5}}
{"level":"info","timestamp":"2024-05-28T10:48:41.145+0800","msg":"crawler","got item":{"Index":140,"NameZh":"心灵感应","NameJa":"テレパシー","NameEn":"Telepathy","Description":"读取我方的攻击，并闪避其招式伤害。","CommonCnt":3,"HiddenCnt":22,"Generation":5}}
{"level":"info","timestamp":"2024-05-28T10:48:41.145+0800","msg":"crawler","got item":{"Index":141,"NameZh":"心情不定","NameJa":"ムラっけ","NameEn":"Moody","Description":"每一回合，能力中的某项会大幅提高，而某项会降低。","CommonCnt":0,"HiddenCnt":8,"Generation":5}}
{"level":"info","timestamp":"2024-05-28T10:48:41.145+0800","msg":"crawler","got item":{"Index":142,"NameZh":"防尘","NameJa":"ぼうじん","NameEn":"Overcoat","Description":"不会受到沙暴的伤害。也不会受到粉末类和孢子类招式的影响。","CommonCnt":8,"HiddenCnt":15,"Generation":5}}
{"level":"info","timestamp":"2024-05-28T10:48:41.145+0800","msg":"crawler","got item":{"Index":143,"NameZh":"毒手","NameJa":"どくしゅ","NameEn":"Poison Touch","Description":"只通过接触就有可能让对手变为中毒状态。","CommonCnt":6,"HiddenCnt":5,"Generation":5}}
{"level":"info","timestamp":"2024-05-28T10:48:41.145+0800","msg":"crawler","got item":{"Index":144,"NameZh":"再生力","NameJa":"さいせいりょく","NameEn":"Regenerator","Description":"退回同行队伍后，ＨＰ会少量回复。","CommonCnt":7,"HiddenCnt":20,"Generation":5}}
{"level":"info","timestamp":"2024-05-28T10:48:41.145+0800","msg":"crawler","got item":{"Index":145,"NameZh":"健壮胸肌","NameJa":"はとむね","NameEn":"Big Pecks","Description":"不会受到防御降低的效果。","CommonCnt":9,"HiddenCnt":6,"Generation":5}}
{"level":"info","timestamp":"2024-05-28T10:48:41.145+0800","msg":"crawler","got item":{"Index":146,"NameZh":"拨沙","NameJa":"すなかき","NameEn":"Sand Rush","Description":"沙暴天气时，速度会提高。","CommonCnt":6,"HiddenCnt":4,"Generation":5}}
{"level":"info","timestamp":"2024-05-28T10:48:41.145+0800","msg":"crawler","got item":{"Index":147,"NameZh":"奇迹皮肤","NameJa":"ミラクルスキン","NameEn":"Wonder Skin","Description":"成为不易受到变化招式攻击的身体。","CommonCnt":1,"HiddenCnt":4,"Generation":5}}
{"level":"info","timestamp":"2024-05-28T10:48:41.145+0800","msg":"crawler","got item":{"Index":148,"NameZh":"分析","NameJa":"アナライズ","NameEn":"Analytic","Description":"如果在最后使出招式，招式的威力会提高。","CommonCnt":0,"HiddenCnt":12,"Generation":5}}
{"level":"info","timestamp":"2024-05-28T10:48:41.145+0800","msg":"crawler","got item":{"Index":149,"NameZh":"幻觉","NameJa":"イリュージョン","NameEn":"Illusion","Description":"假扮成同行队伍中的最后一只宝可梦出场，迷惑对手。","CommonCnt":2,"HiddenCnt":0,"Generation":5}}
{"level":"info","timestamp":"2024-05-28T10:48:41.145+0800","msg":"crawler","got item":{"Index":150,"NameZh":"变身者","NameJa":"かわりもの","NameEn":"Imposter","Description":"变身为当前面对的宝可梦。","CommonCnt":0,"HiddenCnt":1,"Generation":5}}
{"level":"info","timestamp":"2024-05-28T10:48:41.145+0800","msg":"crawler","got item":{"Index":151,"NameZh":"穿透","NameJa":"すりぬけ","NameEn":"Infiltrator","Description":"可以穿透对手的壁障或替身进行攻击。","CommonCnt":10,"HiddenCnt":16,"Generation":5}}
{"level":"info","timestamp":"2024-05-28T10:48:41.145+0800","msg":"crawler","got item":{"Index":152,"NameZh":"木乃伊","NameJa":"ミイラ","NameEn":"Mummy","Description":"被对手接触到后，会将对手变为木乃伊。","CommonCnt":2,"HiddenCnt":0,"Generation":5}}
{"level":"info","timestamp":"2024-05-28T10:48:41.145+0800","msg":"crawler","got item":{"Index":153,"NameZh":"自信过度","NameJa":"じしんかじょう","NameEn":"Moxie","Description":"如果打倒对手，就会充满自信，攻击会提高。","CommonCnt":5,"HiddenCnt":11,"Generation":5}}
{"level":"info","timestamp":"2024-05-28T10:48:41.145+0800","msg":"crawler","got item":{"Index":154,"NameZh":"正义之心","NameJa":"せいぎのこころ","NameEn":"Justified","Description":"受到恶属性的招式攻击时，因为正义感，攻击会提高。","CommonCnt":4,"HiddenCnt":5,"Generation":5}}
{"level":"info","timestamp":"2024-05-28T10:48:41.145+0800","msg":"crawler","got item":{"Index":155,"NameZh":"胆怯","NameJa":"びびり","NameEn":"Rattled","Description":"受到恶属性、幽灵属性和虫属性的攻击或威吓时，会因胆怯而速度提高。","CommonCnt":5,"HiddenCnt":15,"Generation":5}}
{"level":"info","timestamp":"2024-05-28T10:48:41.145+0800","msg":"crawler","got item":{"Index":156,"NameZh":"魔法镜","NameJa":"マジックミラー","NameEn":"Magic Bounce","Description":"可以不受到由对手使出的变化招式影响，并将其反弹。","CommonCnt":3,"HiddenCnt":6,"Generation":5}}
{"level":"info","timestamp":"2024-05-28T10:48:41.145+0800","msg":"crawler","got item":{"Index":157,"NameZh":"食草","NameJa":"そうしょく","NameEn":"Sap Sipper","Description":"受到草属性的招式攻击时，不会受到伤害，而是攻击会提高。","CommonCnt":11,"HiddenCnt":10,"Generation":5}}
{"level":"info","timestamp":"2024-05-28T10:48:41.145+0800","msg":"crawler","got item":{"Index":158,"NameZh":"恶作剧之心","NameJa":"いたずらごころ","NameEn":"Prankster","Description":"可以率先使出变化招式。","CommonCnt":9,"HiddenCnt":10,"Generation":5}}
{"level":"info","timestamp":"2024-05-28T10:48:41.145+0800","msg":"crawler","got item":{"Index":159,"NameZh":"沙之力","NameJa":"すなのちから","NameEn":"Sand Force","Description":"沙暴天气时，岩石属性、地面属性和钢属性的招式威力会提高。","CommonCnt":5,"HiddenCnt":13,"Generation":5}}
{"level":"info","timestamp":"2024-05-28T10:48:41.145+0800","msg":"crawler","got item":{"Index":160,"NameZh":"铁刺","NameJa":"てつのトゲ","NameEn":"Iron Barbs","Description":"用铁刺给予接触到自己的对手伤害。","CommonCnt":3,"HiddenCnt":0,"Generation":5}}
{"level":"info","timestamp":"2024-05-28T10:48:41.145+0800","msg":"crawler","got item":{"Index":161,"NameZh":"达摩模式","NameJa":"ダルマモード","NameEn":"Zen Mode","Description":"ＨＰ变为一半以下时，样子会改变。","CommonCnt":0,"HiddenCnt":2,"Generation":5}}
{"level":"info","timestamp":"2024-05-28T10:48:41.145+0800","msg":"crawler","got item":{"Index":162,"NameZh":"胜利之星","NameJa":"しょうりのほし","NameEn":"Victory Star","Description":"自己和同伴的命中率会提高。","CommonCnt":1,"HiddenCnt":0,"Generation":5}}
{"level":"info","timestamp":"2024-05-28T10:48:41.146+0800","msg":"crawler","got item":{"Index":163,"NameZh":"涡轮火焰","NameJa":"ターボブレイズ","NameEn":"Turboblaze","Description":"可以不受对手特性的干扰，向对手使出招式。","CommonCnt":2,"HiddenCnt":0,"Generation":5}}
{"level":"info","timestamp":"2024-05-28T10:48:41.146+0800","msg":"crawler","got item":{"Index":164,"NameZh":"兆级电压","NameJa":"テラボルテージ","NameEn":"Teravolt","Description":"可以不受对手特性的干扰，向对手使出招式。","CommonCnt":2,"HiddenCnt":0,"Generation":5}}
{"level":"info","timestamp":"2024-05-28T10:48:41.146+0800","msg":"crawler","got item":{"Index":166,"NameZh":"花幕","NameJa":"フラワーベール","NameEn":"Flower Veil","Description":"我方的草属性宝可梦能力不会降低，也不会变为异常状态。","CommonCnt":4,"HiddenCnt":0,"Generation":6}}
{"level":"info","timestamp":"2024-05-28T10:48:41.146+0800","msg":"crawler","got item":{"Index":167,"NameZh":"颊囊","NameJa":"ほおぶくろ","NameEn":"Cheek Pouch","Description":"无论是哪种树果，食用后，ＨＰ都会回复。","CommonCnt":6,"HiddenCnt":0,"Generation":6}}
{"level":"info","timestamp":"2024-05-28T10:48:41.146+0800","msg":"crawler","got item":{"Index":168,"NameZh":"变幻自如","NameJa":"へんげんじざい","NameEn":"Protean","Description":"变为与自己使出的招式相同的属性。每次出场战斗仅生效一次。","CommonCnt":0,"HiddenCnt":7,"Generation":6}}
{"level":"info","timestamp":"2024-05-28T10:48:41.146+0800","msg":"crawler","got item":{"Index":169,"NameZh":"毛皮大衣","NameJa":"ファーコート","NameEn":"Fur Coat","Description":"对手给予的物理招式的伤害会减半。","CommonCnt":2,"HiddenCnt":0,"Generation":6}}
{"level":"info","timestamp":"2024-05-28T10:48:41.146+0800","msg":"crawler","got item":{"Index":170,"NameZh":"魔术师","NameJa":"マジシャン","NameEn":"Magician","Description":"夺走被自己的招式击中的对手的道具。","CommonCnt":1,"HiddenCnt":4,"Generation":6}}
{"level":"info","timestamp":"2024-05-28T10:48:41.146+0800","msg":"crawler","got item":{"Index":171,"NameZh":"防弹","NameJa":"ぼうだん","NameEn":"Bulletproof","Description":"可以防住对手的球和弹类招式。","CommonCnt":4,"HiddenCnt":6,"Generation":6}}
{"level":"info","timestamp":"2024-05-28T10:48:41.146+0800","msg":"crawler","got item":{"Index":172,"NameZh":"好胜","NameJa":"かちき","NameEn":"Competitive","Description":"如果被对手降低能力，特攻会大幅提高。","CommonCnt":8,"HiddenCnt":7,"Generation":6}}
{"level":"info","timestamp":"2024-05-28T10:48:41.146+0800","msg":"crawler","got item":{"Index":173,"NameZh":"强壮之颚","NameJa":"がんじょうあご","NameEn":"Strong Jaw","Description":"因为颚部强壮，啃咬类招式的威力会提高。","CommonCnt":11,"HiddenCnt":0,"Generation":6}}
{"level":"info","timestamp":"2024-05-28T10:48:41.146+0800","msg":"crawler","got item":{"Index":174,"NameZh":"冰冻皮肤","NameJa":"フリーズスキン","NameEn":"Refrigerate","Description":"一般属性的招式会变为冰属性。威力会少量提高。","CommonCnt":3,"HiddenCnt":0,"Generation":6}}
{"level":"info","timestamp":"2024-05-28T10:48:41.146+0800","msg":"crawler","got item":{"Index":175,"NameZh":"甜幕","NameJa":"スイートベール","NameEn":"Sweet Veil","Description":"自己和同伴的宝可梦不会变为睡眠状态。","CommonCnt":4,"HiddenCnt":5,"Generation":6}}
{"level":"info","timestamp":"2024-05-28T10:48:41.146+0800","msg":"crawler","got item":{"Index":176,"NameZh":"战斗切换","NameJa":"バトルスイッチ","NameEn":"Stance Change","Description":"如果使出攻击招式，会变为刀剑形态，如果使出招式“王者盾牌”，会变为盾牌形态。","CommonCnt":1,"HiddenCnt":0,"Generation":6}}
{"level":"info","timestamp":"2024-05-28T10:48:41.146+0800","msg":"crawler","got item":{"Index":177,"NameZh":"疾风之翼","NameJa":"はやてのつばさ","NameEn":"Gale Wings","Description":"ＨＰ全满时，飞行属性的招式可以率先使出。","CommonCnt":0,"HiddenCnt":3,"Generation":6}}
{"level":"info","timestamp":"2024-05-28T10:48:41.146+0800","msg":"crawler","got item":{"Index":178,"NameZh":"超级发射器","NameJa":"メガランチャー","NameEn":"Mega Launcher","Description":"波动和波导类招式的威力会提高。","CommonCnt":3,"HiddenCnt":0,"Generation":6}}
{"level":"info","timestamp":"2024-05-28T10:48:41.146+0800","msg":"crawler","got item":{"Index":179,"NameZh":"草之毛皮","NameJa":"くさのけがわ","NameEn":"Grass Pelt","Description":"在青草场地时，防御会提高。","CommonCnt":0,"HiddenCnt":2,"Generation":6}}
{"level":"info","timestamp":"2024-05-28T10:48:41.146+0800","msg":"crawler","got item":{"Index":180,"NameZh":"共生","NameJa":"きょうせい","NameEn":"Symbiosis","Description":"同伴使用道具时，会把自己持有的道具传递给同伴。","CommonCnt":0,"HiddenCnt":4,"Generation":6}}
{"level":"info","timestamp":"2024-05-28T10:48:41.146+0800","msg":"crawler","got item":{"Index":181,"NameZh":"硬爪","NameJa":"かたいツメ","NameEn":"Tough Claws","Description":"接触到对手的招式威力会提高。","CommonCnt":8,"HiddenCnt":0,"Generation":6}}
{"level":"info","timestamp":"2024-05-28T10:48:41.146+0800","msg":"crawler","got item":{"Index":182,"NameZh":"妖精皮肤","NameJa":"フェアリースキン","NameEn":"Pixilate","Description":"一般属性的招式会变为妖精属性。威力会少量提高。","CommonCnt":2,"HiddenCnt":1,"Generation":6}}
{"level":"info","timestamp":"2024-05-28T10:48:41.146+0800","msg":"crawler","got item":{"Index":183,"NameZh":"黏滑","NameJa":"ぬめぬめ","NameEn":"Gooey","Description":"对于用攻击接触到自己的对手，会降低其速度。","CommonCnt":2,"HiddenCnt":5,"Generation":6}}
{"level":"info","timestamp":"2024-05-28T10:48:41.146+0800","msg":"crawler","got item":{"Index":184,"NameZh":"飞行皮肤","NameJa":"スカイスキン","NameEn":"Aerilate","Description":"一般属性的招式会变为飞行属性。威力会少量提高。","CommonCnt":2,"HiddenCnt":0,"Generation":6}}
{"level":"info","timestamp":"2024-05-28T10:48:41.146+0800","msg":"crawler","got item":{"Index":185,"NameZh":"亲子爱","NameJa":"おやこあい","NameEn":"Parental Bond","Description":"亲子俩可以合计攻击２次。","CommonCnt":1,"HiddenCnt":0,"Generation":6}}
{"level":"info","timestamp":"2024-05-28T10:48:41.146+0800","msg":"crawler","got item":{"Index":186,"NameZh":"暗黑气场","NameJa":"ダークオーラ","NameEn":"Dark Aura","Description":"全体的恶属性招式变强。","CommonCnt":1,"HiddenCnt":0,"Generation":6}}
{"level":"info","timestamp":"2024-05-28T10:48:41.146+0800","msg":"crawler","got item":{"Index":187,"NameZh":"妖精气场","NameJa":"フェアリーオーラ","NameEn":"Fairy Aura","Description":"全体的妖精属性招式变强。","CommonCnt":1,"HiddenCnt":0,"Generation":6}}
{"level":"info","timestamp":"2024-05-28T10:48:41.146+0800","msg":"crawler","got item":{"Index":188,"NameZh":"气场破坏","NameJa":"オーラブレイク","NameEn":"Aura Break","Description":"让气场的效果发生逆转，降低威力。","CommonCnt":1,"HiddenCnt":0,"Generation":6}}
{"level":"info","timestamp":"2024-05-28T10:48:41.146+0800","msg":"crawler","got item":{"Index":189,"NameZh":"始源之海","NameJa":"はじまりのうみ","NameEn":"Primordial Sea","Description":"变为不会受到火属性攻击的天气。","CommonCnt":1,"HiddenCnt":0,"Generation":6}}
{"level":"info","timestamp":"2024-05-28T10:48:41.146+0800","msg":"crawler","got item":{"Index":190,"NameZh":"终结之地","NameJa":"おわりのだいち","NameEn":"Desolate Land","Description":"变为不会受到水属性攻击的天气。","CommonCnt":1,"HiddenCnt":0,"Generation":6}}
{"level":"info","timestamp":"2024-05-28T10:48:41.146+0800","msg":"crawler","got item":{"Index":191,"NameZh":"德尔塔气流","NameJa":"デルタストリーム","NameEn":"Delta Stream","Description":"变为令飞行属性的弱点消失的天气。","CommonCnt":1,"HiddenCnt":0,"Generation":6}}
{"level":"info","timestamp":"2024-05-28T10:48:41.146+0800","msg":"crawler","got item":{"Index":193,"NameZh":"跃跃欲逃","NameJa":"にげごし","NameEn":"Wimp Out","Description":"ＨＰ变为一半时，会慌慌张张逃走，退回同行队伍中。","CommonCnt":1,"HiddenCnt":0,"Generation":7}}
{"level":"info","timestamp":"2024-05-28T10:48:41.146+0800","msg":"crawler","got item":{"Index":194,"NameZh":"危险回避","NameJa":"ききかいひ","NameEn":"Emergency Exit","Description":"ＨＰ变为一半时，为了回避危险，会退回到同行队伍中。","CommonCnt":1,"HiddenCnt":0,"Generation":7}}
{"level":"info","timestamp":"2024-05-28T10:48:41.146+0800","msg":"crawler","got item":{"Index":195,"NameZh":"遇水凝固","NameJa":"みずがため","NameEn":"Water Compaction","Description":"受到水属性的招式攻击时，防御会大幅提高。","CommonCnt":2,"HiddenCnt":0,"Generation":7}}
{"level":"info","timestamp":"2024-05-28T10:48:41.147+0800","msg":"crawler","got item":{"Index":196,"NameZh":"不仁不义","NameJa":"ひとでなし","NameEn":"Merciless","Description":"攻击中毒状态的对手时，必定会击中要害。","CommonCnt":2,"HiddenCnt":0,"Generation":7}}
{"level":"info","timestamp":"2024-05-28T10:48:41.147+0800","msg":"crawler","got item":{"Index":197,"NameZh":"界限盾壳","NameJa":"リミットシールド","NameEn":"Shields Down","Description":"ＨＰ变为一半时，壳会坏掉，变得有攻击性。","CommonCnt":1,"HiddenCnt":0,"Generation":7}}
{"level":"info","timestamp":"2024-05-28T10:48:41.147+0800","msg":"crawler","got item":{"Index":198,"NameZh":"蹲守","NameJa":"はりこみ","NameEn":"Stakeout","Description":"可以对替换出场的对手以２倍的伤害进行攻击。","CommonCnt":2,"HiddenCnt":6,"Generation":7}}
{"level":"info","timestamp":"2024-05-28T10:48:41.147+0800","msg":"crawler","got item":{"Index":199,"NameZh":"水泡","NameJa":"すいほう","NameEn":"Water Bubble","Description":"降低自己受到的火属性招式的威力，不会灼伤。","CommonCnt":2,"HiddenCnt":0,"Generation":7}}
{"level":"info","timestamp":"2024-05-28T10:48:41.147+0800","msg":"crawler","got item":{"Index":200,"NameZh":"钢能力者","NameJa":"はがねつかい","NameEn":"Steelworker","Description":"钢属性的招式威力会提高。","CommonCnt":1,"HiddenCnt":0,"Generation":7}}
{"level":"info","timestamp":"2024-05-28T10:48:41.147+0800","msg":"crawler","got item":{"Index":201,"NameZh":"怒火冲天","NameJa":"ぎゃくじょう","NameEn":"Berserk","Description":"因对手的攻击ＨＰ变为一半时，特攻会提高。","CommonCnt":2,"HiddenCnt":0,"Generation":7}}
{"level":"info","timestamp":"2024-05-28T10:48:41.147+0800","msg":"crawler","got item":{"Index":202,"NameZh":"拨雪","NameJa":"ゆきかき","NameEn":"Slush Rush","Description":"下雪天气时，速度会提高。","CommonCnt":3,"HiddenCnt":4,"Generation":7}}
{"level":"info","timestamp":"2024-05-28T10:48:41.147+0800","msg":"crawler","got item":{"Index":203,"NameZh":"远隔","NameJa":"えんかく","NameEn":"Long Reach","Description":"可以不接触对手就使出所有的招式。","CommonCnt":0,"HiddenCnt":3,"Generation":7}}
{"level":"info","timestamp":"2024-05-28T10:48:41.147+0800","msg":"crawler","got item":{"Index":204,"NameZh":"湿润之声","NameJa":"うるおいボイス","NameEn":"Liquid Voice","Description":"所有的声音招式都变为水属性。","CommonCnt":0,"HiddenCnt":3,"Generation":7}}
{"level":"info","timestamp":"2024-05-28T10:48:41.147+0800","msg":"crawler","got item":{"Index":205,"NameZh":"先行治疗","NameJa":"ヒーリングシフト","NameEn":"Triage","Description":"可以率先使出回复招式。","CommonCnt":1,"HiddenCnt":0,"Generation":7}}
{"level":"info","timestamp":"2024-05-28T10:48:41.147+0800","msg":"crawler","got item":{"Index":206,"NameZh":"电气皮肤","NameJa":"エレキスキン","NameEn":"Galvanize","Description":"一般属性的招式会变为电属性。威力会少量提高。","CommonCnt":0,"HiddenCnt":3,"Generation":7}}
{"level":"info","timestamp":"2024-05-28T10:48:41.147+0800","msg":"crawler","got item":{"Index":207,"NameZh":"冲浪之尾","NameJa":"サーフテール","NameEn":"Surge Surfer","Description":"电气场地时，速度会变为２倍。","CommonCnt":1,"HiddenCnt":0,"Generation":7}}
{"level":"info","timestamp":"2024-05-28T10:48:41.147+0800","msg":"crawler","got item":{"Index":208,"NameZh":"鱼群","NameJa":"ぎょぐん","NameEn":"Schooling","Description":"ＨＰ多的时候会聚起来变强。ＨＰ剩余量变少时，群体会分崩离析。","CommonCnt":1,"HiddenCnt":0,"Generation":7}}
{"level":"info","timestamp":"2024-05-28T10:48:41.147+0800","msg":"crawler","got item":{"Index":209,"NameZh":"画皮","NameJa":"ばけのかわ","NameEn":"Disguise","Description":"通过画皮覆盖住身体，可以防住１次攻击。","CommonCnt":1,"HiddenCnt":0,"Generation":7}}
{"level":"info","timestamp":"2024-05-28T10:48:41.147+0800","msg":"crawler","got item":{"Index":210,"NameZh":"牵绊变身","NameJa":"きずなへんげ","NameEn":"Battle Bond","Description":"打倒对手时，与训练家的牵绊会增强，自己的攻击、特攻、速度会提高。","CommonCnt":1,"HiddenCnt":0,"Generation":7}}
{"level":"info","timestamp":"2024-05-28T10:48:41.147+0800","msg":"crawler","got item":{"Index":211,"NameZh":"群聚变形","NameJa":"スワームチェンジ","NameEn":"Power Construct","Description":"ＨＰ变为一半时，细胞们会赶来支援，变为完全体形态。","CommonCnt":1,"HiddenCnt":0,"Generation":7}}
{"level":"info","timestamp":"2024-05-28T10:48:41.147+0800","msg":"crawler","got item":{"Index":212,"NameZh":"腐蚀","NameJa":"ふしょく","NameEn":"Corrosion","Description":"可以使钢属性和毒属性的宝可梦也陷入中毒状态。","CommonCnt":2,"HiddenCnt":2,"Generation":7}}
{"level":"info","timestamp":"2024-05-28T10:48:41.147+0800","msg":"crawler","got item":{"Index":213,"NameZh":"绝对睡眠","NameJa":"ぜったいねむり","NameEn":"Comatose","Description":"总是半梦半醒的状态，绝对不会醒来。可以就这么睡着进行攻击。","CommonCnt":1,"HiddenCnt":0,"Generation":7}}
{"level":"info","timestamp":"2024-05-28T10:48:41.151+0800","msg":"crawler","got item":{"Index":214,"NameZh":"女王的威严","NameJa":"じょおうのいげん","NameEn":"Queenly Majesty","Description":"向对手施加威慑力，使其无法对我方使出先制招式。","CommonCnt":1,"HiddenCnt":0,"Generation":7}}
{"level":"info","timestamp":"2024-05-28T10:48:41.151+0800","msg":"crawler","got item":{"Index":215,"NameZh":"飞出的内在物","NameJa":"とびだすなかみ","NameEn":"Innards Out","Description":"被对手打倒的时候，会给予对手相当于ＨＰ剩余量的伤害。","CommonCnt":1,"HiddenCnt":0,"Generation":7}}
{"level":"info","timestamp":"2024-05-28T10:48:41.151+0800","msg":"crawler","got item":{"Index":216,"NameZh":"舞者","NameJa":"おどりこ","NameEn":"Dancer","Description":"有谁使出跳舞招式时，自己也能就这么接着使出跳舞招式。","CommonCnt":1,"HiddenCnt":0,"Generation":7}}
{"level":"info","timestamp":"2024-05-28T10:48:41.151+0800","msg":"crawler","got item":{"Index":217,"NameZh":"蓄电池","NameJa":"バッテリー","NameEn":"Battery","Description":"会提高我方的特殊招式的威力。","CommonCnt":1,"HiddenCnt":0,"Generation":7}}
{"level":"info","timestamp":"2024-05-28T10:48:41.151+0800","msg":"crawler","got item":{"Index":218,"NameZh":"毛茸茸","NameJa":"もふもふ","NameEn":"Fluffy","Description":"会将对手所给予的接触类招式的伤害减半，但火属性招式的伤害会变为２倍。","CommonCnt":4,"HiddenCnt":2,"Generation":7}}
{"level":"info","timestamp":"2024-05-28T10:48:41.151+0800","msg":"crawler","got item":{"Index":219,"NameZh":"鲜艳之躯","NameJa":"ビビッドボディ","NameEn":"Dazzling","Description":"让对手吓一跳，使其无法对我方使出先制招式。","CommonCnt":1,"HiddenCnt":0,"Generation":7}}
{"level":"info","timestamp":"2024-05-28T10:48:41.151+0800","msg":"crawler","got item":{"Index":220,"NameZh":"魂心","NameJa":"ソウルハート","NameEn":"Soul-Heart","Description":"宝可梦每次变为濒死状态时，特攻会提高。","CommonCnt":1,"HiddenCnt":0,"Generation":7}}
{"level":"info","timestamp":"2024-05-28T10:48:41.151+0800","msg":"crawler","got item":{"Index":221,"NameZh":"卷发","NameJa":"カーリーヘアー","NameEn":"Tangling Hair","Description":"对于用攻击接触到自己的对手，会降低其速度。","CommonCnt":2,"HiddenCnt":0,"Generation":7}}
{"level":"info","timestamp":"2024-05-28T10:48:41.151+0800","msg":"crawler","got item":{"Index":222,"NameZh":"接球手","NameJa":"レシーバー","NameEn":"Receiver","Description":"继承被打倒的同伴的特性，变为相同的特性。","CommonCnt":1,"HiddenCnt":0,"Generation":7}}
{"level":"info","timestamp":"2024-05-28T10:48:41.151+0800","msg":"crawler","got item":{"Index":223,"NameZh":"化学之力","NameJa":"かがくのちから","NameEn":"Power of Alchemy","Description":"继承被打倒的同伴的特性，变为相同的特性。","CommonCnt":0,"HiddenCnt":2,"Generation":7}}
{"level":"info","timestamp":"2024-05-28T10:48:41.151+0800","msg":"crawler","got item":{"Index":224,"NameZh":"异兽提升","NameJa":"ビーストブースト","NameEn":"Beast Boost","Description":"打倒对手的时候，自己最高的那项能力会提高。","CommonCnt":11,"HiddenCnt":0,"Generation":7}}
{"level":"info","timestamp":"2024-05-28T10:48:41.151+0800","msg":"crawler","got item":{"Index":225,"NameZh":"ＡＲ系统","NameJa":"ＡＲシステム","NameEn":"RKS System","Description":"根据持有的存储碟，自己的属性会改变。","CommonCnt":1,"HiddenCnt":0,"Generation":7}}
{"level":"info","timestamp":"2024-05-28T10:48:41.151+0800","msg":"crawler","got item":{"Index":226,"NameZh":"电气制造者","NameJa":"エレキメイカー","NameEn":"Electric Surge","Description":"出场时，会布下电气场地。","CommonCnt":1,"HiddenCnt":1,"Generation":7}}
{"level":"info","timestamp":"2024-05-28T10:48:41.151+0800","msg":"crawler","got item":{"Index":227,"NameZh":"精神制造者","NameJa":"サイコメイカー","NameEn":"Psychic Surge","Description":"出场时，会布下精神场地。","CommonCnt":1,"HiddenCnt":2,"Generation":7}}
{"level":"info","timestamp":"2024-05-28T10:48:41.151+0800","msg":"crawler","got item":{"Index":228,"NameZh":"薄雾制造者","NameJa":"ミストメイカー","NameEn":"Misty Surge","Description":"出场时，会布下薄雾场地。","CommonCnt":1,"HiddenCnt":1,"Generation":7}}
{"level":"info","timestamp":"2024-05-28T10:48:41.151+0800","msg":"crawler","got item":{"Index":229,"NameZh":"青草制造者","NameJa":"グラスメイカー","NameEn":"Grassy Surge","Description":"出场时，会布下青草场地。","CommonCnt":1,"HiddenCnt":3,"Generation":7}}
{"level":"info","timestamp":"2024-05-28T10:48:41.151+0800","msg":"crawler","got item":{"Index":230,"NameZh":"金属防护","NameJa":"メタルプロテクト","NameEn":"Full Metal Body","Description":"不会因为对手的招式或特性而被降低能力。","CommonCnt":1,"HiddenCnt":0,"Generation":7}}
{"level":"info","timestamp":"2024-05-28T10:48:41.151+0800","msg":"crawler","got item":{"Index":231,"NameZh":"幻影防守","NameJa":"ファントムガード","NameEn":"Shadow Shield","Description":"ＨＰ全满时，受到的伤害会变少。","CommonCnt":1,"HiddenCnt":0,"Generation":7}}
{"level":"info","timestamp":"2024-05-28T10:48:41.151+0800","msg":"crawler","got item":{"Index":232,"NameZh":"棱镜装甲","NameJa":"プリズムアーマー","NameEn":"Prism Armor","Description":"受到效果绝佳的攻击时，可以减弱其威力。","CommonCnt":1,"HiddenCnt":0,"Generation":7}}
{"level":"info","timestamp":"2024-05-28T10:48:41.151+0800","msg":"crawler","got item":{"Index":233,"NameZh":"脑核之力","NameJa":"ブレインフォース","NameEn":"Neuroforce","Description":"效果绝佳的攻击，威力会变得更强。","CommonCnt":1,"HiddenCnt":0,"Generation":7}}
{"level":"info","timestamp":"2024-05-28T10:48:41.151+0800","msg":"crawler","got item":{"Index":235,"NameZh":"不屈之盾","NameJa":"ふくつのたて","NameEn":"Dauntless Shield","Description":"首次出场时，防御会提高。","CommonCnt":1,"HiddenCnt":0,"Generation":8}}
{"level":"info","timestamp":"2024-05-28T10:48:41.151+0800","msg":"crawler","got item":{"Index":236,"NameZh":"自由者","NameJa":"リベロ","NameEn":"Libero","Description":"变为与自己使出的招式相同的属性。每次出场战斗仅生效一次。","CommonCnt":0,"HiddenCnt":3,"Generation":8}}
{"level":"info","timestamp":"2024-05-28T10:48:41.151+0800","msg":"crawler","got item":{"Index":237,"NameZh":"捡球","NameJa":"たまひろい","NameEn":"Ball Fetch","Description":"没有携带道具时，会拾取第１个投出后捕捉失败的精灵球。","CommonCnt":1,"HiddenCnt":0,"Generation":8}}
{"level":"info","timestamp":"2024-05-28T10:48:41.151+0800","msg":"crawler","got item":{"Index":238,"NameZh":"棉絮","NameJa":"わたげ","NameEn":"Cotton Down","Description":"受到攻击后撒下棉絮，降低除自己以外的所有宝可梦的速度。","CommonCnt":2,"HiddenCnt":0,"Generation":8}}
{"level":"info","timestamp":"2024-05-28T10:48:41.151+0800","msg":"crawler","got item":{"Index":239,"NameZh":"螺旋尾鳍","NameJa":"スクリューおびれ","NameEn":"Propeller Tail","Description":"能无视具有吸引对手招式效果的特性或招式的影响。","CommonCnt":0,"HiddenCnt":2,"Generation":8}}
{"level":"info","timestamp":"2024-05-28T10:48:41.151+0800","msg":"crawler","got item":{"Index":240,"NameZh":"镜甲","NameJa":"ミラーアーマー","NameEn":"Mirror Armor","Description":"只反弹自己受到的能力降低效果。","CommonCnt":0,"HiddenCnt":1,"Generation":8}}
{"level":"info","timestamp":"2024-05-28T10:48:41.151+0800","msg":"crawler","got item":{"Index":241,"NameZh":"一口导弹","NameJa":"うのミサイル","NameEn":"Gulp Missile","Description":"冲浪或潜水时会叼来猎物。受到伤害时，会吐出猎物进行攻击。","CommonCnt":1,"HiddenCnt":0,"Generation":8}}
{"level":"info","timestamp":"2024-05-28T10:48:41.151+0800","msg":"crawler","got item":{"Index":242,"NameZh":"坚毅","NameJa":"すじがねいり","NameEn":"Stalwart","Description":"能无视具有吸引对手招式效果的特性或招式的影响。","CommonCnt":0,"HiddenCnt":2,"Generation":8}}
{"level":"info","timestamp":"2024-05-28T10:48:41.151+0800","msg":"crawler","got item":{"Index":243,"NameZh":"蒸汽机","NameJa":"じょうききかん","NameEn":"Steam Engine","Description":"受到水属性或火属性的招式攻击时，速度会巨幅提高。","CommonCnt":3,"HiddenCnt":0,"Generation":8}}
{"level":"info","timestamp":"2024-05-28T10:48:41.151+0800","msg":"crawler","got item":{"Index":244,"NameZh":"庞克摇滚","NameJa":"パンクロック","NameEn":"Punk Rock","Description":"声音招式的威力会提高。受到的声音招式伤害会减半。","CommonCnt":2,"HiddenCnt":0,"Generation":8}}
{"level":"info","timestamp":"2024-05-28T10:48:41.151+0800","msg":"crawler","got item":{"Index":245,"NameZh":"吐沙","NameJa":"すなはき","NameEn":"Sand Spit","Description":"受到攻击时，会刮起沙暴。","CommonCnt":2,"HiddenCnt":0,"Generation":8}}
{"level":"info","timestamp":"2024-05-28T10:48:41.151+0800","msg":"crawler","got item":{"Index":246,"NameZh":"冰鳞粉","NameJa":"こおりのりんぷん","NameEn":"Ice Scales","Description":"由于有冰鳞粉的守护，受到的特殊攻击伤害会减半。","CommonCnt":0,"HiddenCnt":2,"Generation":8}}
{"level":"info","timestamp":"2024-05-28T10:48:41.151+0800","msg":"crawler","got item":{"Index":247,"NameZh":"熟成","NameJa":"じゅくせい","NameEn":"Ripen","Description":"使树果成熟，效果变为２倍。","CommonCnt":3,"HiddenCnt":0,"Generation":8}}
{"level":"info","timestamp":"2024-05-28T10:48:41.151+0800","msg":"crawler","got item":{"Index":248,"NameZh":"结冻头","NameJa":"アイスフェイス","NameEn":"Ice Face","Description":"头部的冰会代替自己承受物理攻击，但是样子会改变。下雪时，冰会恢复原状。","CommonCnt":1,"HiddenCnt":0,"Generation":8}}
{"level":"info","timestamp":"2024-05-28T10:48:41.151+0800","msg":"crawler","got item":{"Index":249,"NameZh":"能量点","NameJa":"パワースポット","NameEn":"Power Spot","Description":"只要处在相邻位置，招式的威力就会提高。","CommonCnt":1,"HiddenCnt":0,"Generation":8}}
{"level":"info","timestamp":"2024-05-28T10:48:41.151+0800","msg":"crawler","got item":{"Index":250,"NameZh":"拟态","NameJa":"ぎたい","NameEn":"Mimicry","Description":"宝可梦的属性会根据场地的状态而变化。","CommonCnt":1,"HiddenCnt":0,"Generation":8}}
{"level":"info","timestamp":"2024-05-28T10:48:41.151+0800","msg":"crawler","got item":{"Index":251,"NameZh":"除障","NameJa":"バリアフリー","NameEn":"Screen Cleaner","Description":"出场时，敌方和我方的光墙、反射壁和极光幕的效果会消失。","CommonCnt":2,"HiddenCnt":0,"Generation":8}}
{"level":"info","timestamp":"2024-05-28T10:48:41.152+0800","msg":"crawler","got item":{"Index":252,"NameZh":"钢之意志","NameJa":"はがねのせいしん","NameEn":"Steely Spirit","Description":"我方的钢属性攻击威力会提高。","CommonCnt":0,"HiddenCnt":1,"Generation":8}}
{"level":"info","timestamp":"2024-05-28T10:48:41.152+0800","msg":"crawler","got item":{"Index":253,"NameZh":"灭亡之躯","NameJa":"ほろびのボディ","NameEn":"Perish Body","Description":"受到接触类招式攻击时，双方都会在３回合后变为濒死状态。替换后效果消失。","CommonCnt":0,"HiddenCnt":1,"Generation":8}}
{"level":"info","timestamp":"2024-05-28T10:48:41.152+0800","msg":"crawler","got item":{"Index":254,"NameZh":"游魂","NameJa":"さまようたましい","NameEn":"Wandering Spirit","Description":"与使用接触类招式攻击自己的宝可梦互换特性。","CommonCnt":2,"HiddenCnt":0,"Generation":8}}
{"level":"info","timestamp":"2024-05-28T10:48:41.152+0800","msg":"crawler","got item":{"Index":255,"NameZh":"一猩一意","NameJa":"ごりむちゅう","NameEn":"Gorilla Tactics","Description":"虽然攻击会提高，但是只能使出一开始所选的招式。","CommonCnt":1,"HiddenCnt":0,"Generation":8}}
{"level":"info","timestamp":"2024-05-28T10:48:41.152+0800","msg":"crawler","got item":{"Index":256,"NameZh":"化学变化气体","NameJa":"かがくへんかガス","NameEn":"Neutralizing Gas","Description":"特性为化学变化气体的宝可梦在场时，场上所有宝可梦的特性效果都会消失或者无法生效。","CommonCnt":3,"HiddenCnt":0,"Generation":8}}
{"level":"info","timestamp":"2024-05-28T10:48:41.152+0800","msg":"crawler","got item":{"Index":257,"NameZh":"粉彩护幕","NameJa":"パステルベール","NameEn":"Pastel Veil","Description":"自己和同伴都不会陷入中毒的异常状态。","CommonCnt":2,"HiddenCnt":0,"Generation":8}}
{"level":"info","timestamp":"2024-05-28T10:48:41.152+0800","msg":"crawler","got item":{"Index":258,"NameZh":"饱了又饿","NameJa":"はらぺこスイッチ","NameEn":"Hunger Switch","Description":"每回合结束时会在满腹花纹与空腹花纹之间交替改变样子。","CommonCnt":1,"HiddenCnt":0,"Generation":8}}
{"level":"info","timestamp":"2024-05-28T10:48:41.152+0800","msg":"crawler","got item":{"Index":259,"NameZh":"速击","NameJa":"クイックドロウ","NameEn":"Quick Draw","Description":"有时能比对手先一步行动。","CommonCnt":1,"HiddenCnt":0,"Generation":8}}
{"level":"info","timestamp":"2024-05-28T10:48:41.152+0800","msg":"crawler","got item":{"Index":260,"NameZh":"无形拳","NameJa":"ふかしのこぶし","NameEn":"Unseen Fist","Description":"如果使出的是接触到对手的招式，就可以无视守护效果进行攻击。","CommonCnt":1,"HiddenCnt":0,"Generation":8}}
{"level":"info","timestamp":"2024-05-28T10:48:41.152+0800","msg":"crawler","got item":{"Index":261,"NameZh":"怪药","NameJa":"きみょうなくすり","NameEn":"Curious Medicine","Description":"出场时会从贝壳撒药，将我方的能力变化复原。","CommonCnt":1,"HiddenCnt":0,"Generation":8}}
{"level":"info","timestamp":"2024-05-28T10:48:41.152+0800","msg":"crawler","got item":{"Index":262,"NameZh":"电晶体","NameJa":"トランジスタ","NameEn":"Transistor","Description":"电属性的招式威力会提高。","CommonCnt":1,"HiddenCnt":0,"Generation":8}}
{"level":"info","timestamp":"2024-05-28T10:48:41.152+0800","msg":"crawler","got item":{"Index":263,"NameZh":"龙颚","NameJa":"りゅうのあぎと","NameEn":"Dragon’s Maw","Description":"龙属性的招式威力会提高。","CommonCnt":1,"HiddenCnt":0,"Generation":8}}
{"level":"info","timestamp":"2024-05-28T10:48:41.152+0800","msg":"crawler","got item":{"Index":264,"NameZh":"苍白嘶鸣","NameJa":"しろのいななき","NameEn":"Chilling Neigh","Description":"打倒对手时会用冰冷的声音嘶鸣并提高攻击。","CommonCnt":1,"HiddenCnt":0,"Generation":8}}
{"level":"info","timestamp":"2024-05-28T10:48:41.152+0800","msg":"crawler","got item":{"Index":265,"NameZh":"漆黑嘶鸣","NameJa":"くろのいななき","NameEn":"Grim Neigh","Description":"打倒对手时会用恐怖的声音嘶鸣并提高特攻。","CommonCnt":1,"HiddenCnt":0,"Generation":8}}
{"level":"info","timestamp":"2024-05-28T10:48:41.152+0800","msg":"crawler","got item":{"Index":266,"NameZh":"人马一体","NameJa":"じんばいったい","NameEn":"As One","Description":"兼备蕾冠王的紧张感和雪暴马的苍白嘶鸣这两种特性。","CommonCnt":1,"HiddenCnt":0,"Generation":8}}
{"level":"info","timestamp":"2024-05-28T10:48:41.152+0800","msg":"crawler","got item":{"Index":267,"NameZh":"人马一体","NameJa":"じんばいったい","NameEn":"As One","Description":"兼备蕾冠王的紧张感和灵幽马的漆黑嘶鸣这两种特性。","CommonCnt":1,"HiddenCnt":0,"Generation":8}}
{"level":"info","timestamp":"2024-05-28T10:48:41.152+0800","msg":"crawler","got item":{"Index":269,"NameZh":"掉出种子","NameJa":"こぼれダネ","NameEn":"Seed Sower","Description":"受到攻击时，会将脚下变成青草场地。","CommonCnt":1,"HiddenCnt":0,"Generation":9}}
{"level":"info","timestamp":"2024-05-28T10:48:41.152+0800","msg":"crawler","got item":{"Index":270,"NameZh":"热交换","NameJa":"ねつこうかん","NameEn":"Thermal Exchange","Description":"受到火属性的招式攻击时，攻击会提高，且不会陷入灼伤状态。","CommonCnt":3,"HiddenCnt":0,"Generation":9}}
{"level":"info","timestamp":"2024-05-28T10:48:41.152+0800","msg":"crawler","got item":{"Index":271,"NameZh":"愤怒甲壳","NameJa":"いかりのこうら","NameEn":"Anger Shell","Description":"因被对手攻击而ＨＰ变为一半时，会因愤怒降低防御和特防。但攻击、特攻、速度会提高。","CommonCnt":1,"HiddenCnt":0,"Generation":9}}
{"level":"info","timestamp":"2024-05-28T10:48:41.152+0800","msg":"crawler","got item":{"Index":272,"NameZh":"洁净之盐","NameJa":"きよめのしお","NameEn":"Purifying Salt","Description":"因洁净的盐而不会陷入异常状态。会让幽灵属性的招式伤害减半。","CommonCnt":3,"HiddenCnt":0,"Generation":9}}
{"level":"info","timestamp":"2024-05-28T10:48:41.152+0800","msg":"crawler","got item":{"Index":273,"NameZh":"焦香之躯","NameJa":"こんがりボディ","NameEn":"Well-Baked Body","Description":"受到火属性的招式攻击时，不会受到伤害，而是会大幅提高防御。","CommonCnt":1,"HiddenCnt":0,"Generation":9}}
{"level":"info","timestamp":"2024-05-28T10:48:41.152+0800","msg":"crawler","got item":{"Index":274,"NameZh":"乘风","NameJa":"かぜのり","NameEn":"Wind Rider","Description":"吹起了顺风或受到风的招式攻击时，不会受到伤害，而是会提高攻击。","CommonCnt":3,"HiddenCnt":0,"Generation":9}}
{"level":"info","timestamp":"2024-05-28T10:48:41.152+0800","msg":"crawler","got item":{"Index":275,"NameZh":"看门犬","NameJa":"ばんけん","NameEn":"Guard Dog","Description":"受到威吓时，攻击会提高。让替换宝可梦的招式和道具无效。","CommonCnt":1,"HiddenCnt":1,"Generation":9}}
{"level":"info","timestamp":"2024-05-28T10:48:41.152+0800","msg":"crawler","got item":{"Index":276,"NameZh":"搬岩","NameJa":"いわはこび","NameEn":"Rocky Payload","Description":"岩石属性的招式威力会提高。","CommonCnt":0,"HiddenCnt":1,"Generation":9}}
{"level":"info","timestamp":"2024-05-28T10:48:41.152+0800","msg":"crawler","got item":{"Index":277,"NameZh":"风力发电","NameJa":"ふうりょくでんき","NameEn":"Wind Power","Description":"受到风的招式攻击时，会变为充电状态。","CommonCnt":2,"HiddenCnt":0,"Generation":9}}
{"level":"info","timestamp":"2024-05-28T10:48:41.152+0800","msg":"crawler","got item":{"Index":278,"NameZh":"全能变身","NameJa":"マイティチェンジ","NameEn":"Zero to Hero","Description":"回到同行队伍后，会变为全能形态。","CommonCnt":1,"HiddenCnt":0,"Generation":9}}
{"level":"info","timestamp":"2024-05-28T10:48:41.152+0800","msg":"crawler","got item":{"Index":279,"NameZh":"发号施令","NameJa":"しれいとう","NameEn":"Commander","Description":"出场时，若我方当中有吃吼霸，就会进入其口中，并从其口中发出指令。","CommonCnt":1,"HiddenCnt":0,"Generation":9}}
{"level":"info","timestamp":"2024-05-28T10:48:41.152+0800","msg":"crawler","got item":{"Index":280,"NameZh":"电力转换","NameJa":"でんきにかえる","NameEn":"Electromorphosis","Description":"受到伤害时，会变为充电状态。","CommonCnt":1,"HiddenCnt":0,"Generation":9}}
{"level":"info","timestamp":"2024-05-28T10:48:41.152+0800","msg":"crawler","got item":{"Index":281,"NameZh":"古代活性","NameJa":"こだいかっせい","NameEn":"Protosynthesis","Description":"携带着驱劲能量或天气为晴朗时，数值最高的能力会提高。","CommonCnt":10,"HiddenCnt":0,"Generation":9}}
{"level":"info","timestamp":"2024-05-28T10:48:41.152+0800","msg":"crawler","got item":{"Index":282,"NameZh":"夸克充能","NameJa":"クォークチャージ","NameEn":"Quark Drive","Description":"携带着驱劲能量或在电气场地上时，数值最高的能力会提高。","CommonCnt":10,"HiddenCnt":0,"Generation":9}}
{"level":"info","timestamp":"2024-05-28T10:48:41.152+0800","msg":"crawler","got item":{"Index":283,"NameZh":"黄金之躯","NameJa":"おうごんのからだ","NameEn":"Good as Gold","Description":"不会氧化的坚固黄金身躯不会受到对手的变化招式的影响。","CommonCnt":1,"HiddenCnt":0,"Generation":9}}
{"level":"info","timestamp":"2024-05-28T10:48:41.152+0800","msg":"crawler","got item":{"Index":284,"NameZh":"灾祸之鼎","NameJa":"わざわいのうつわ","NameEn":"Vessel of Ruin","Description":"以能呼唤灾厄的鼎的力量降低除自己以外的宝可梦的特攻。","CommonCnt":1,"HiddenCnt":0,"Generation":9}}
{"level":"info","timestamp":"2024-05-28T10:48:41.152+0800","msg":"crawler","got item":{"Index":285,"NameZh":"灾祸之剑","NameJa":"わざわいのつるぎ","NameEn":"Sword of Ruin","Description":"以能呼唤灾厄的剑的力量降低除自己以外的宝可梦的防御。","CommonCnt":1,"HiddenCnt":0,"Generation":9}}
{"level":"info","timestamp":"2024-05-28T10:48:41.152+0800","msg":"crawler","got item":{"Index":286,"NameZh":"灾祸之简","NameJa":"わざわいのおふだ","NameEn":"Tablets of Ruin","Description":"以能呼唤灾厄的简的力量降低除自己以外的宝可梦的攻击。","CommonCnt":1,"HiddenCnt":0,"Generation":9}}
{"level":"info","timestamp":"2024-05-28T10:48:41.152+0800","msg":"crawler","got item":{"Index":287,"NameZh":"灾祸之玉","NameJa":"わざわいのたま","NameEn":"Beads of Ruin","Description":"以能呼唤灾厄的勾玉的力量降低除自己以外的宝可梦的特防。","CommonCnt":1,"HiddenCnt":0,"Generation":9}}
{"level":"info","timestamp":"2024-05-28T10:48:41.152+0800","msg":"crawler","got item":{"Index":288,"NameZh":"绯红脉动","NameJa":"ひひいろのこどう","NameEn":"Orichalcum Pulse","Description":"出场时，会将天气变为晴朗。日照强烈时，会通过古代的脉动升高攻击。","CommonCnt":1,"HiddenCnt":0,"Generation":9}}
{"level":"info","timestamp":"2024-05-28T10:48:41.152+0800","msg":"crawler","got item":{"Index":289,"NameZh":"强子引擎","NameJa":"ハドロンエンジン","NameEn":"Hadron Engine","Description":"出场时，会布下电气场地。处于电气场地时，会通过未来的机关升高特攻。","CommonCnt":1,"HiddenCnt":0,"Generation":9}}
{"level":"info","timestamp":"2024-05-28T10:48:41.152+0800","msg":"crawler","got item":{"Index":290,"NameZh":"跟风","NameJa":"びんじょう","NameEn":"Opportunist","Description":"对手的能力提高时，自己也会趁机同样地提高能力。","CommonCnt":1,"HiddenCnt":0,"Generation":9}}
{"level":"info","timestamp":"2024-05-28T10:48:41.152+0800","msg":"crawler","got item":{"Index":291,"NameZh":"反刍","NameJa":"はんすう","NameEn":"Cud Chew","Description":"吃了树果后，会在下一回合结束时从胃反刍出来再吃１次。","CommonCnt":1,"HiddenCnt":1,"Generation":9}}
{"level":"info","timestamp":"2024-05-28T10:48:41.152+0800","msg":"crawler","got item":{"Index":292,"NameZh":"锋锐","NameJa":"きれあじ","NameEn":"Sharpness","Description":"提高切割对手的招式的威力。","CommonCnt":1,"HiddenCnt":3,"Generation":9}}
{"level":"info","timestamp":"2024-05-28T10:48:41.152+0800","msg":"crawler","got item":{"Index":293,"NameZh":"大将","NameJa":"そうだいしょう","NameEn":"Supreme Overlord","Description":"出场时，攻击和特攻会按照目前被打倒的同伴数量逐渐提升，被打倒越多，提升越多。","CommonCnt":1,"HiddenCnt":0,"Generation":9}}
{"level":"info","timestamp":"2024-05-28T10:48:41.152+0800","msg":"crawler","got item":{"Index":294,"NameZh":"同台共演","NameJa":"きょうえん","NameEn":"Costar","Description":"出场时，复制同伴的能力变化。","CommonCnt":0,"HiddenCnt":1,"Generation":9}}
{"level":"info","timestamp":"2024-05-28T10:48:41.152+0800","msg":"crawler","got item":{"Index":295,"NameZh":"毒满地","NameJa":"どくげしょう","NameEn":"Toxic Debris","Description":"受到物理招式的伤害时，会在对手脚下散布毒菱。","CommonCnt":2,"HiddenCnt":0,"Generation":9}}
{"level":"info","timestamp":"2024-05-28T10:48:41.152+0800","msg":"crawler","got item":{"Index":296,"NameZh":"尾甲","NameJa":"テイルアーマー","NameEn":"Armor Tail","Description":"包裹头部的神秘尾巴使对手无法对我方使出先制招式。","CommonCnt":1,"HiddenCnt":0,"Generation":9}}
{"level":"info","timestamp":"2024-05-28T10:48:41.152+0800","msg":"crawler","got item":{"Index":297,"NameZh":"食土","NameJa":"どしょく","NameEn":"Earth Eater","Description":"受到地面属性的招式攻击时，不会受到伤害，而是会得到回复。","CommonCnt":1,"HiddenCnt":0,"Generation":9}}
{"level":"info","timestamp":"2024-05-28T10:48:41.153+0800","msg":"crawler","got item":{"Index":298,"NameZh":"菌丝之力","NameJa":"きんしのちから","NameEn":"Mycelium Might","Description":"使出变化招式时，虽然行动必定会变慢，但能不受对手的特性妨碍。","CommonCnt":2,"HiddenCnt":0,"Generation":9}}
{"level":"info","timestamp":"2024-05-28T10:48:41.153+0800","msg":"crawler","got item":{"Index":299,"NameZh":"款待","NameJa":"おもてなし","NameEn":"Hospitality","Description":"出场时款待同伴，回复其少量ＨＰ。","CommonCnt":2,"HiddenCnt":0,"Generation":9}}
{"level":"info","timestamp":"2024-05-28T10:48:41.153+0800","msg":"crawler","got item":{"Index":300,"NameZh":"心眼","NameJa":"しんがん","NameEn":"Mind's Eye","Description":"一般属性和格斗属性的招式可以击中幽灵属性的宝可梦。无视对手的闪避率的变化，且命中率不会被降低。","CommonCnt":1,"HiddenCnt":0,"Generation":9}}
{"level":"info","timestamp":"2024-05-28T10:48:41.153+0800","msg":"crawler","got item":{"Index":301,"NameZh":"面影辉映","NameJa":"おもかげやどし","NameEn":"Embody Aspect","Description":"将回忆映于心中，让碧草面具发出光辉，提高自己的速度。","CommonCnt":1,"HiddenCnt":0,"Generation":9}}
{"level":"info","timestamp":"2024-05-28T10:48:41.153+0800","msg":"crawler","got item":{"Index":302,"NameZh":"面影辉映","NameJa":"おもかげやどし","NameEn":"Embody Aspect","Description":"将回忆映于心中，让火灶面具发出光辉，提高自己的攻击。","CommonCnt":1,"HiddenCnt":0,"Generation":9}}
{"level":"info","timestamp":"2024-05-28T10:48:41.153+0800","msg":"crawler","got item":{"Index":303,"NameZh":"面影辉映","NameJa":"おもかげやどし","NameEn":"Embody Aspect","Description":"将回忆映于心中，让水井面具发出光辉，提高自己的特防。","CommonCnt":1,"HiddenCnt":0,"Generation":9}}
{"level":"info","timestamp":"2024-05-28T10:48:41.153+0800","msg":"crawler","got item":{"Index":304,"NameZh":"面影辉映","NameJa":"おもかげやどし","NameEn":"Embody Aspect","Description":"将回忆映于心中，让础石面具发出光辉，提高自己的防御。","CommonCnt":1,"HiddenCnt":0,"Generation":9}}
{"level":"info","timestamp":"2024-05-28T10:48:41.153+0800","msg":"crawler","got item":{"Index":305,"NameZh":"毒锁链","NameJa":"どくのくさり","NameEn":"Toxic Chain","Description":"凭借含有毒素的锁链的力量，有时能让被招式击中的对手陷入剧毒状态。","CommonCnt":3,"HiddenCnt":0,"Generation":9}}
{"level":"info","timestamp":"2024-05-28T10:48:41.153+0800","msg":"crawler","got item":{"Index":306,"NameZh":"甘露之蜜","NameJa":"かんろなミツ","NameEn":"Supersweet Syrup","Description":"首次出场时，会散发出甜腻的蜜的香味来降低对手的闪避率。","CommonCnt":2,"HiddenCnt":0,"Generation":9}}
{"level":"info","timestamp":"2024-05-28T10:48:41.153+0800","msg":"crawler","got item":{"Index":308,"NameZh":"太晶变形","NameJa":"テラスチェンジ","NameEn":"Tera Shift","Description":"出场时，会吸收周围的能量，变为太晶形态。","CommonCnt":1,"HiddenCnt":0,"Generation":9}}
{"level":"info","timestamp":"2024-05-28T10:48:41.153+0800","msg":"crawler","got item":{"Index":309,"NameZh":"太晶甲壳","NameJa":"テラスシェル","NameEn":"Tera Shell","Description":"甲壳蕴藏着全部属性的力量，会将自己ＨＰ全满时受到的伤害全都变为效果不好。","CommonCnt":1,"HiddenCnt":0,"Generation":9}}
{"level":"info","timestamp":"2024-05-28T10:48:41.153+0800","msg":"crawler","got item":{"Index":310,"NameZh":"归零化境","NameJa":"ゼロフォーミング","NameEn":"Teraform Zero","Description":"太乐巴戈斯变为星晶形态时，蕴藏在它身上的力量会将天气和场地的影响全部归零。","CommonCnt":1,"HiddenCnt":0,"Generation":9}}
{"level":"info","timestamp":"2024-05-28T10:48:41.153+0800","msg":"crawler","got item":{"Index":311,"NameZh":"毒傀儡","NameJa":"どくくぐつ","NameEn":"Poison Puppeteer","Description":"因桃歹郎的招式而陷入中毒状态的对手同时也会陷入混乱状态。","CommonCnt":1,"HiddenCnt":0,"Generation":9}}
{"level":"info","timestamp":"2024-05-28T10:48:41.153+0800","msg":"crawler","got item":{"Index":269,"NameZh":"掉出种子","NameJa":"こぼれダネ","NameEn":"Seed Sower","Description":"受到攻击时，会将脚下变成青草场地。","CommonCnt":1,"HiddenCnt":0,"Generation":9}}
{"level":"info","timestamp":"2024-05-28T10:48:41.153+0800","msg":"crawler","got item":{"Index":270,"NameZh":"热交换","NameJa":"ねつこうかん","NameEn":"Thermal Exchange","Description":"受到火属性的招式攻击时，攻击会提高，且不会陷入灼伤状态。","CommonCnt":3,"HiddenCnt":0,"Generation":9}}
{"level":"info","timestamp":"2024-05-28T10:48:41.153+0800","msg":"crawler","got item":{"Index":271,"NameZh":"愤怒甲壳","NameJa":"いかりのこうら","NameEn":"Anger Shell","Description":"因被对手攻击而ＨＰ变为一半时，会因愤怒降低防御和特防。但攻击、特攻、速度会提高。","CommonCnt":1,"HiddenCnt":0,"Generation":9}}
{"level":"info","timestamp":"2024-05-28T10:48:41.153+0800","msg":"crawler","got item":{"Index":272,"NameZh":"洁净之盐","NameJa":"きよめのしお","NameEn":"Purifying Salt","Description":"因洁净的盐而不会陷入异常状态。会让幽灵属性的招式伤害减半。","CommonCnt":3,"HiddenCnt":0,"Generation":9}}
{"level":"info","timestamp":"2024-05-28T10:48:41.153+0800","msg":"crawler","got item":{"Index":273,"NameZh":"焦香之躯","NameJa":"こんがりボディ","NameEn":"Well-Baked Body","Description":"受到火属性的招式攻击时，不会受到伤害，而是会大幅提高防御。","CommonCnt":1,"HiddenCnt":0,"Generation":9}}
{"level":"info","timestamp":"2024-05-28T10:48:41.153+0800","msg":"crawler","got item":{"Index":274,"NameZh":"乘风","NameJa":"かぜのり","NameEn":"Wind Rider","Description":"吹起了顺风或受到风的招式攻击时，不会受到伤害，而是会提高攻击。","CommonCnt":3,"HiddenCnt":0,"Generation":9}}
{"level":"info","timestamp":"2024-05-28T10:48:41.153+0800","msg":"crawler","got item":{"Index":275,"NameZh":"看门犬","NameJa":"ばんけん","NameEn":"Guard Dog","Description":"受到威吓时，攻击会提高。让替换宝可梦的招式和道具无效。","CommonCnt":1,"HiddenCnt":1,"Generation":9}}
{"level":"info","timestamp":"2024-05-28T10:48:41.153+0800","msg":"crawler","got item":{"Index":276,"NameZh":"搬岩","NameJa":"いわはこび","NameEn":"Rocky Payload","Description":"岩石属性的招式威力会提高。","CommonCnt":0,"HiddenCnt":1,"Generation":9}}
{"level":"info","timestamp":"2024-05-28T10:48:41.153+0800","msg":"crawler","got item":{"Index":277,"NameZh":"风力发电","NameJa":"ふうりょくでんき","NameEn":"Wind Power","Description":"受到风的招式攻击时，会变为充电状态。","CommonCnt":2,"HiddenCnt":0,"Generation":9}}
{"level":"info","timestamp":"2024-05-28T10:48:41.153+0800","msg":"crawler","got item":{"Index":278,"NameZh":"全能变身","NameJa":"マイティチェンジ","NameEn":"Zero to Hero","Description":"回到同行队伍后，会变为全能形态。","CommonCnt":1,"HiddenCnt":0,"Generation":9}}
{"level":"info","timestamp":"2024-05-28T10:48:41.153+0800","msg":"crawler","got item":{"Index":279,"NameZh":"发号施令","NameJa":"しれいとう","NameEn":"Commander","Description":"出场时，若我方当中有吃吼霸，就会进入其口中，并从其口中发出指令。","CommonCnt":1,"HiddenCnt":0,"Generation":9}}
{"level":"info","timestamp":"2024-05-28T10:48:41.153+0800","msg":"crawler","got item":{"Index":280,"NameZh":"电力转换","NameJa":"でんきにかえる","NameEn":"Electromorphosis","Description":"受到伤害时，会变为充电状态。","CommonCnt":1,"HiddenCnt":0,"Generation":9}}
{"level":"info","timestamp":"2024-05-28T10:48:41.153+0800","msg":"crawler","got item":{"Index":281,"NameZh":"古代活性","NameJa":"こだいかっせい","NameEn":"Protosynthesis","Description":"携带着驱劲能量或天气为晴朗时，数值最高的能力会提高。","CommonCnt":10,"HiddenCnt":0,"Generation":9}}
{"level":"info","timestamp":"2024-05-28T10:48:41.153+0800","msg":"crawler","got item":{"Index":282,"NameZh":"夸克充能","NameJa":"クォークチャージ","NameEn":"Quark Drive","Description":"携带着驱劲能量或在电气场地上时，数值最高的能力会提高。","CommonCnt":10,"HiddenCnt":0,"Generation":9}}
{"level":"info","timestamp":"2024-05-28T10:48:41.153+0800","msg":"crawler","got item":{"Index":283,"NameZh":"黄金之躯","NameJa":"おうごんのからだ","NameEn":"Good as Gold","Description":"不会氧化的坚固黄金身躯不会受到对手的变化招式的影响。","CommonCnt":1,"HiddenCnt":0,"Generation":9}}
{"level":"info","timestamp":"2024-05-28T10:48:41.153+0800","msg":"crawler","got item":{"Index":284,"NameZh":"灾祸之鼎","NameJa":"わざわいのうつわ","NameEn":"Vessel of Ruin","Description":"以能呼唤灾厄的鼎的力量降低除自己以外的宝可梦的特攻。","CommonCnt":1,"HiddenCnt":0,"Generation":9}}
{"level":"info","timestamp":"2024-05-28T10:48:41.153+0800","msg":"crawler","got item":{"Index":285,"NameZh":"灾祸之剑","NameJa":"わざわいのつるぎ","NameEn":"Sword of Ruin","Description":"以能呼唤灾厄的剑的力量降低除自己以外的宝可梦的防御。","CommonCnt":1,"HiddenCnt":0,"Generation":9}}
{"level":"info","timestamp":"2024-05-28T10:48:41.154+0800","msg":"crawler","got item":{"Index":286,"NameZh":"灾祸之简","NameJa":"わざわいのおふだ","NameEn":"Tablets of Ruin","Description":"以能呼唤灾厄的简的力量降低除自己以外的宝可梦的攻击。","CommonCnt":1,"HiddenCnt":0,"Generation":9}}
{"level":"info","timestamp":"2024-05-28T10:48:41.154+0800","msg":"crawler","got item":{"Index":287,"NameZh":"灾祸之玉","NameJa":"わざわいのたま","NameEn":"Beads of Ruin","Description":"以能呼唤灾厄的勾玉的力量降低除自己以外的宝可梦的特防。","CommonCnt":1,"HiddenCnt":0,"Generation":9}}
{"level":"info","timestamp":"2024-05-28T10:48:41.154+0800","msg":"crawler","got item":{"Index":288,"NameZh":"绯红脉动","NameJa":"ひひいろのこどう","NameEn":"Orichalcum Pulse","Description":"出场时，会将天气变为晴朗。日照强烈时，会通过古代的脉动升高攻击。","CommonCnt":1,"HiddenCnt":0,"Generation":9}}
{"level":"info","timestamp":"2024-05-28T10:48:41.154+0800","msg":"crawler","got item":{"Index":289,"NameZh":"强子引擎","NameJa":"ハドロンエンジン","NameEn":"Hadron Engine","Description":"出场时，会布下电气场地。处于电气场地时，会通过未来的机关升高特攻。","CommonCnt":1,"HiddenCnt":0,"Generation":9}}
{"level":"info","timestamp":"2024-05-28T10:48:41.155+0800","msg":"crawler","got item":{"Index":290,"NameZh":"跟风","NameJa":"びんじょう","NameEn":"Opportunist","Description":"对手的能力提高时，自己也会趁机同样地提高能力。","CommonCnt":1,"HiddenCnt":0,"Generation":9}}
{"level":"info","timestamp":"2024-05-28T10:48:41.155+0800","msg":"crawler","got item":{"Index":291,"NameZh":"反刍","NameJa":"はんすう","NameEn":"Cud Chew","Description":"吃了树果后，会在下一回合结束时从胃反刍出来再吃１次。","CommonCnt":1,"HiddenCnt":1,"Generation":9}}
{"level":"info","timestamp":"2024-05-28T10:48:41.155+0800","msg":"crawler","got item":{"Index":292,"NameZh":"锋锐","NameJa":"きれあじ","NameEn":"Sharpness","Description":"提高切割对手的招式的威力。","CommonCnt":1,"HiddenCnt":3,"Generation":9}}
{"level":"info","timestamp":"2024-05-28T10:48:41.155+0800","msg":"crawler","got item":{"Index":293,"NameZh":"大将","NameJa":"そうだいしょう","NameEn":"Supreme Overlord","Description":"出场时，攻击和特攻会按照目前被打倒的同伴数量逐渐提升，被打倒越多，提升越多。","CommonCnt":1,"HiddenCnt":0,"Generation":9}}
{"level":"info","timestamp":"2024-05-28T10:48:41.155+0800","msg":"crawler","got item":{"Index":294,"NameZh":"同台共演","NameJa":"きょうえん","NameEn":"Costar","Description":"出场时，复制同伴的能力变化。","CommonCnt":0,"HiddenCnt":1,"Generation":9}}
{"level":"info","timestamp":"2024-05-28T10:48:41.155+0800","msg":"crawler","got item":{"Index":295,"NameZh":"毒满地","NameJa":"どくげしょう","NameEn":"Toxic Debris","Description":"受到物理招式的伤害时，会在对手脚下散布毒菱。","CommonCnt":2,"HiddenCnt":0,"Generation":9}}
{"level":"info","timestamp":"2024-05-28T10:48:41.155+0800","msg":"crawler","got item":{"Index":296,"NameZh":"尾甲","NameJa":"テイルアーマー","NameEn":"Armor Tail","Description":"包裹头部的神秘尾巴使对手无法对我方使出先制招式。","CommonCnt":1,"HiddenCnt":0,"Generation":9}}
{"level":"info","timestamp":"2024-05-28T10:48:41.155+0800","msg":"crawler","got item":{"Index":297,"NameZh":"食土","NameJa":"どしょく","NameEn":"Earth Eater","Description":"受到地面属性的招式攻击时，不会受到伤害，而是会得到回复。","CommonCnt":1,"HiddenCnt":0,"Generation":9}}
{"level":"info","timestamp":"2024-05-28T10:48:41.155+0800","msg":"crawler","got item":{"Index":298,"NameZh":"菌丝之力","NameJa":"きんしのちから","NameEn":"Mycelium Might","Description":"使出变化招式时，虽然行动必定会变慢，但能不受对手的特性妨碍。","CommonCnt":2,"HiddenCnt":0,"Generation":9}}
{"level":"info","timestamp":"2024-05-28T10:48:41.157+0800","msg":"crawler","got item":{"Index":299,"NameZh":"款待","NameJa":"おもてなし","NameEn":"Hospitality","Description":"出场时款待同伴，回复其少量ＨＰ。","CommonCnt":2,"HiddenCnt":0,"Generation":9}}
{"level":"info","timestamp":"2024-05-28T10:48:41.157+0800","msg":"crawler","got item":{"Index":300,"NameZh":"心眼","NameJa":"しんがん","NameEn":"Mind's Eye","Description":"一般属性和格斗属性的招式可以击中幽灵属性的宝可梦。无视对手的闪避率的变化，且命中率不会被降低。","CommonCnt":1,"HiddenCnt":0,"Generation":9}}
{"level":"info","timestamp":"2024-05-28T10:48:41.157+0800","msg":"crawler","got item":{"Index":301,"NameZh":"面影辉映","NameJa":"おもかげやどし","NameEn":"Embody Aspect","Description":"将回忆映于心中，让碧草面具发出光辉，提高自己的速度。","CommonCnt":1,"HiddenCnt":0,"Generation":9}}
{"level":"info","timestamp":"2024-05-28T10:48:41.157+0800","msg":"crawler","got item":{"Index":302,"NameZh":"面影辉映","NameJa":"おもかげやどし","NameEn":"Embody Aspect","Description":"将回忆映于心中，让火灶面具发出光辉，提高自己的攻击。","CommonCnt":1,"HiddenCnt":0,"Generation":9}}
{"level":"info","timestamp":"2024-05-28T10:48:41.157+0800","msg":"crawler","got item":{"Index":303,"NameZh":"面影辉映","NameJa":"おもかげやどし","NameEn":"Embody Aspect","Description":"将回忆映于心中，让水井面具发出光辉，提高自己的特防。","CommonCnt":1,"HiddenCnt":0,"Generation":9}}
{"level":"info","timestamp":"2024-05-28T10:48:41.157+0800","msg":"crawler","got item":{"Index":304,"NameZh":"面影辉映","NameJa":"おもかげやどし","NameEn":"Embody Aspect","Description":"将回忆映于心中，让础石面具发出光辉，提高自己的防御。","CommonCnt":1,"HiddenCnt":0,"Generation":9}}
{"level":"info","timestamp":"2024-05-28T10:48:41.157+0800","msg":"crawler","got item":{"Index":305,"NameZh":"毒锁链","NameJa":"どくのくさり","NameEn":"Toxic Chain","Description":"凭借含有毒素的锁链的力量，有时能让被招式击中的对手陷入剧毒状态。","CommonCnt":3,"HiddenCnt":0,"Generation":9}}
{"level":"info","timestamp":"2024-05-28T10:48:41.157+0800","msg":"crawler","got item":{"Index":306,"NameZh":"甘露之蜜","NameJa":"かんろなミツ","NameEn":"Supersweet Syrup","Description":"首次出场时，会散发出甜腻的蜜的香味来降低对手的闪避率。","CommonCnt":2,"HiddenCnt":0,"Generation":9}}
{"level":"info","timestamp":"2024-05-28T10:48:41.157+0800","msg":"crawler","got item":{"Index":308,"NameZh":"太晶变形","NameJa":"テラスチェンジ","NameEn":"Tera Shift","Description":"出场时，会吸收周围的能量，变为太晶形态。","CommonCnt":1,"HiddenCnt":0,"Generation":9}}
{"level":"info","timestamp":"2024-05-28T10:48:41.157+0800","msg":"crawler","got item":{"Index":309,"NameZh":"太晶甲壳","NameJa":"テラスシェル","NameEn":"Tera Shell","Description":"甲壳蕴藏着全部属性的力量，会将自己ＨＰ全满时受到的伤害全都变为效果不好。","CommonCnt":1,"HiddenCnt":0,"Generation":9}}
{"level":"info","timestamp":"2024-05-28T10:48:41.157+0800","msg":"crawler","got item":{"Index":310,"NameZh":"归零化境","NameJa":"ゼロフォーミング","NameEn":"Teraform Zero","Description":"太乐巴戈斯变为星晶形态时，蕴藏在它身上的力量会将天气和场地的影响全部归零。","CommonCnt":1,"HiddenCnt":0,"Generation":9}}
{"level":"info","timestamp":"2024-05-28T10:48:41.157+0800","msg":"crawler","got item":{"Index":311,"NameZh":"毒傀儡","NameJa":"どくくぐつ","NameEn":"Poison Puppeteer","Description":"因桃歹郎的招式而陷入中毒状态的对手同时也会陷入混乱状态。","CommonCnt":1,"HiddenCnt":0,"Generation":9}}
{"level":"info","timestamp":"2024-05-28T10:48:48.621+0800","msg":"shutdown","status":"shutdown started","signal":"interrupt"}
{"level":"info","timestamp":"2024-05-28T10:48:48.621+0800","msg":"shutdown","status":"shutdown complete","signal":"interrupt"}
